#
# A fatal error has been detected by the Java Runtime Environment:
#
#  EXCEPTION_ACCESS_VIOLATION (0xc0000005) at pc=0x00007ffb2f50c8e8, pid=11996, tid=11120
#
# JRE version: OpenJDK Runtime Environment Temurin-17.0.2+8 (17.0.2+8) (build 17.0.2+8)
# Java VM: OpenJDK 64-Bit Server VM Temurin-17.0.2+8 (17.0.2+8, mixed mode, tiered, compressed oops, compressed class ptrs, parallel gc, windows-amd64)
# Problematic frame:
# V  [jvm.dll+0xc8e8]
#
# No core dump will be written. Minidumps are not enabled by default on client versions of Windows
#
# If you would like to submit a bug report, please visit:
#   https://github.com/adoptium/adoptium-support/issues
#

---------------  S U M M A R Y ------------

Command Line: --add-modules=ALL-SYSTEM --add-opens=java.base/java.util=ALL-UNNAMED --add-opens=java.base/java.lang=ALL-UNNAMED --add-opens=java.base/sun.nio.fs=ALL-UNNAMED -Declipse.application=org.eclipse.jdt.ls.core.id1 -Dosgi.bundles.defaultStartLevel=4 -Declipse.product=org.eclipse.jdt.ls.core.product -Djava.import.generatesMetadataFilesAtProjectRoot=false -Dfile.encoding=utf8 -DwatchParentProcess=false -XX:+UseParallelGC -XX:GCTimeRatio=4 -XX:AdaptiveSizePolicyWeight=90 -Dsun.zip.disableMemoryMapping=true -Xmx1G -Xms100m -XX:+HeapDumpOnOutOfMemoryError -XX:HeapDumpPath=c:\Users\Sowmya\AppData\Roaming\Code\User\workspaceStorage\a2e44e745db7a7ec8c776fd52169024d\redhat.java c:\Users\Sowmya\.vscode\extensions\redhat.java-1.5.0-win32-x64\server\plugins\org.eclipse.equinox.launcher_1.6.400.v20210924-0641.jar -configuration c:\Users\Sowmya\AppData\Roaming\Code\User\globalStorage\redhat.java\1.5.0\config_win -data c:\Users\Sowmya\AppData\Roaming\Code\User\workspaceStorage\a2e44e745db7a7ec8c776fd52169024d\redhat.java\jdt_ws

Host: Intel(R) Core(TM) i5-8250U CPU @ 1.60GHz, 8 cores, 15G,  Windows 10 , 64 bit Build 19041 (10.0.19041.1645)
Time: Mon May  2 18:37:31 2022 Pacific Daylight Time elapsed time: 3.716404 seconds (0d 0h 0m 3s)

---------------  T H R E A D  ---------------

Current thread (0x0000021777890f50):  GCTaskThread "GC Thread#4" [stack: 0x0000009c63400000,0x0000009c63500000] [id=11120]

Stack: [0x0000009c63400000,0x0000009c63500000],  sp=0x0000009c634ffa98,  free space=1022k
Native frames: (J=compiled Java code, j=interpreted, Vv=VM code, C=native code)
V  [jvm.dll+0xc8e8]


siginfo: EXCEPTION_ACCESS_VIOLATION (0xc0000005), reading address 0x0000000000000010


Register to memory mapping:

RIP=0x00007ffb2f50c8e8 jvm.dll
RAX=0x0000000000000001 is an unknown value
RBX=0x00000000c05a5098 is an oop: java.lang.Class 
{0x00000000c05a5098} - klass: 'java/lang/Class'
 - ---- fields (total size 17 words):
 - private volatile transient 'classRedefinedCount' 'I' @12  0
 - private volatile transient 'cachedConstructor' 'Ljava/lang/reflect/Constructor;' @40  NULL (0)
 - private transient 'name' 'Ljava/lang/String;' @44  "java.lang.String"{0x00000000c05a5140} (c05a5140)
 - private transient 'module' 'Ljava/lang/Module;' @48  a 'java/lang/Module'{0x00000000c05a5178} (c05a5178)
 - private final 'classLoader' 'Ljava/lang/ClassLoader;' @52  NULL (0)
 - private transient 'classData' 'Ljava/lang/Object;' @56  NULL (0)
 - private transient 'packageName' 'Ljava/lang/String;' @60  "java.lang"{0x00000000c05a7eb8} (c05a7eb8)
 - private final 'componentType' 'Ljava/lang/Class;' @64  NULL (0)
 - private volatile transient 'reflectionData' 'Ljava/lang/ref/SoftReference;' @68  NULL (0)
 - private volatile transient 'genericInfo' 'Lsun/reflect/generics/repository/ClassRepository;' @72  NULL (0)
 - private volatile transient 'enumConstants' '[Ljava/lang/Object;' @76  NULL (0)
 - private volatile transient 'enumConstantDirectory' 'Ljava/util/Map;' @80  NULL (0)
 - private volatile transient 'annotationData' 'Ljava/lang/Class$AnnotationData;' @84  NULL (0)
 - private volatile transient 'annotationType' 'Lsun/reflect/annotation/AnnotationType;' @88  NULL (0)
 - transient 'classValueMap' 'Ljava/lang/ClassValue$ClassValueMap;' @92  NULL (0)
 - signature: Ljava/lang/String;
 - fake entry for mirror: 'java/lang/String'
 - fake entry for array: 'java/lang/String'[]
 - fake entry for oop_size: 17
 - fake entry for static_oop_field_count: 2
 - private static final 'serialVersionUID' 'J' @120  -6849794470754667710 (7a3bb342 a0f0a438)
 - static final 'COMPACT_STRINGS' 'Z' @130  true
 - private static final 'serialPersistentFields' '[Ljava/io/ObjectStreamField;' @112  a 'java/io/ObjectStreamField'[0] {0x00000000c05a5130} (c05a5130)
 - private static final 'REPL' 'C' @128    65533 (fffd)
 - public static final 'CASE_INSENSITIVE_ORDER' 'Ljava/util/Comparator;' @116  a 'java/lang/String$CaseInsensitiveComparator'{0x00000000c05a5120} (c05a5120)
 - static final 'LATIN1' 'B' @131  0
 - static final 'UTF16' 'B' @132  1
RCX=0x0000000000000003 is an unknown value
RDX=0x00000000ec0074b8 points into unknown readable memory: 0x00000000c05a5098 | 98 50 5a c0 00 00 00 00
RSP=0x0000009c634ffa98 points into unknown readable memory: 0x00007ffb2fbb1ff6 | f6 1f bb 2f fb 7f 00 00
RBP=0x0000009c634ffb18 points into unknown readable memory: 0x000000000000000c | 0c 00 00 00 00 00 00 00
RSI=0x00000000c11e34c4 is pointing into object: java.lang.invoke.MethodType$ConcurrentWeakInternSet$WeakEntry 
{0x00000000c11e34b8} - klass: 'java/lang/invoke/MethodType$ConcurrentWeakInternSet$WeakEntry'
 - ---- fields (total size 4 words):
 - private 'referent' 'Ljava/lang/Object;' @12  
[error occurred during error reporting (printing register info), id 0xc0000005, EXCEPTION_ACCESS_VIOLATION (0xc0000005) at pc=0x00007ffb2fb61d53]

Registers:
RAX=0x0000000000000001, RBX=0x00000000c05a5098, RCX=0x0000000000000003, RDX=0x00000000ec0074b8
RSP=0x0000009c634ffa98, RBP=0x0000009c634ffb18, RSI=0x00000000c11e34c4, RDI=0x0000021774836e80
R8 =0x0000000000000008, R9 =0x0000009c634ffa50, R10=0x0000000000000000, R11=0x0000021774836e80
R12=0x0000000000000000, R13=0x0000000000000010, R14=0x00000000ec0074b8, R15=0x0000021774836e80
RIP=0x00007ffb2f50c8e8, EFLAGS=0x0000000000010202

Top of Stack: (sp=0x0000009c634ffa98)
0x0000009c634ffa98:   00007ffb2fbb1ff6 0000000000000003
0x0000009c634ffaa8:   0000000000000006 00000000ec30cbd0
0x0000009c634ffab8:   0000000000000012 0000021774836800
0x0000009c634ffac8:   00000000eae3dff0 00000000c11e2b58
0x0000009c634ffad8:   0000000000000400 00000000ec600000
0x0000009c634ffae8:   00007ffb2fbb8ab0 0000009c634ffba8
0x0000009c634ffaf8:   00007ffb8bda07b0 0000000000000011
0x0000009c634ffb08:   0000000000000400 0000000000000010
0x0000009c634ffb18:   000000000000000c 0000000000000000
0x0000009c634ffb28:   0000000000000000 00000000c11e34c4
0x0000009c634ffb38:   00000000c05a5098 00000217609dafc0
0x0000009c634ffb48:   00007ffb2fbb3260 0000021774836e80
0x0000009c634ffb58:   00007ffb2fba488f 00000000c05a5098
0x0000009c634ffb68:   0000000000000019 0000000000000000
0x0000009c634ffb78:   00007ffb8966cef7 0000009c634ffc18
0x0000009c634ffb88:   00000000c02aca10 0000000000000000 

Instructions: (pc=0x00007ffb2f50c8e8)
0x00007ffb2f50c7e8:   48 83 c4 20 5e c3 cc cc 48 8b 01 c3 cc cc cc cc
0x00007ffb2f50c7f8:   cc cc cc cc cc cc cc cc 4c 8b 01 4c 8b c9 48 8b
0x00007ffb2f50c808:   0d 83 d1 b4 00 ba 44 60 08 00 e9 59 f2 ff ff cc
0x00007ffb2f50c818:   cc cc cc cc cc cc cc cc 48 89 5c 24 08 57 48 83
0x00007ffb2f50c828:   ec 20 48 8b 39 48 8b d9 48 85 3d 91 ae b9 00 75
0x00007ffb2f50c838:   0e 48 8b c7 48 8b 5c 24 30 48 83 c4 20 5f c3 48
0x00007ffb2f50c848:   8b cf e8 c1 47 85 00 48 8b d0 48 85 c0 74 20 48
0x00007ffb2f50c858:   8b c7 f0 48 0f b1 13 74 16 48 85 05 60 ae b9 00
0x00007ffb2f50c868:   74 0d 48 8b c8 f0 48 0f b1 13 48 3b c1 75 ea 48
0x00007ffb2f50c878:   8b 5c 24 30 48 8b c2 48 83 c4 20 5f c3 cc cc cc
0x00007ffb2f50c888:   cc cc cc cc cc cc cc cc 4c 8b 01 4c 8b c9 48 8b
0x00007ffb2f50c898:   0d f3 d0 b4 00 ba 64 60 08 00 e9 c9 f1 ff ff cc
0x00007ffb2f50c8a8:   cc cc cc cc cc cc cc cc 8b 05 32 1a af 00 c3 cc
0x00007ffb2f50c8b8:   cc cc cc cc cc cc cc cc 0f b6 05 28 d9 b5 00 48
0x00007ffb2f50c8c8:   8b d1 84 c0 74 16 44 8b 41 08 8b 0d 10 1a af 00
0x00007ffb2f50c8d8:   49 d3 e0 4c 03 05 fe 19 af 00 eb 04 4c 8b 41 08
0x00007ffb2f50c8e8:   45 8b 50 08 45 85 d2 7e 0e 41 f6 c2 01 75 53 41
0x00007ffb2f50c8f8:   c1 fa 03 41 8b c2 c3 79 49 84 c0 b9 10 00 00 00
0x00007ffb2f50c908:   8b 05 16 29 af 00 41 b8 0c 00 00 00 41 0f 45 c8
0x00007ffb2f50c918:   ff c8 4c 63 c8 48 63 14 11 41 8b ca 83 e1 3f 48
0x00007ffb2f50c928:   d3 e2 41 8b ca 48 c1 f9 10 0f b6 c1 49 8d 0c 11
0x00007ffb2f50c938:   49 f7 d1 48 03 c1 49 c1 e9 03 48 c1 e8 03 41 23
0x00007ffb2f50c948:   c1 c3 49 8b 00 49 8b c8 48 ff a0 00 01 00 00 cc
0x00007ffb2f50c958:   cc cc cc cc cc cc cc cc 8b 44 24 30 45 03 c9 44
0x00007ffb2f50c968:   2b 4c 24 28 83 c0 0b 44 03 ca 45 03 c8 41 03 c1
0x00007ffb2f50c978:   c3 cc cc cc cc cc cc cc 4c 8b ca 48 8b d1 45 8b
0x00007ffb2f50c988:   41 08 45 85 c0 7e 0e 41 f6 c0 01 75 56 41 c1 f8
0x00007ffb2f50c998:   03 41 8b c0 c3 79 4c 80 3d 49 d8 b5 00 00 b8 0c
0x00007ffb2f50c9a8:   00 00 00 b9 10 00 00 00 0f 45 c8 8b 05 6b 28 af
0x00007ffb2f50c9b8:   00 ff c8 4c 63 c8 48 63 14 11 41 8b c8 83 e1 3f
0x00007ffb2f50c9c8:   48 d3 e2 41 8b c8 48 c1 f9 10 0f b6 c1 49 8d 0c
0x00007ffb2f50c9d8:   11 49 f7 d1 48 03 c1 49 c1 e9 03 48 c1 e8 03 41 


Stack slot to memory mapping:
stack at sp + 0 slots: 0x00007ffb2fbb1ff6 jvm.dll
stack at sp + 1 slots: 0x0000000000000003 is an unknown value
stack at sp + 2 slots: 0x0000000000000006 is an unknown value
stack at sp + 3 slots: 0x00000000ec30cbd0 points into unknown readable memory: 0x00000000ec2ee988 | 88 e9 2e ec 00 00 00 00
stack at sp + 4 slots: 0x0000000000000012 is an unknown value
stack at sp + 5 slots: 0x0000021774836800 points into unknown readable memory: 0x00007ffb2feaf1c0 | c0 f1 ea 2f fb 7f 00 00
stack at sp + 6 slots: 0x00000000eae3dff0 points into unknown readable memory: 0x50656e696c070001 | 01 00 07 6c 69 6e 65 50
stack at sp + 7 slots: 0x00000000c11e2b58 is an oop: java.lang.invoke.MemberName 
{0x00000000c11e2b58} - klass: 'java/lang/invoke/MemberName'
 - ---- fields (total size 6 words):
 - private 'flags' 'I' @12  100733208 (6011118)
 - private 'clazz' 'Ljava/lang/Class;' @24  a 'java/lang/Class'{0x00000000c0109710} = 'java/lang/invoke/MethodHandle' (c0109710)
 - private 'name' 'Ljava/lang/String;' @28  "linkToSpecial"{0x00000000c01097e0} (c01097e0)
 - private 'type' 'Ljava/lang/Object;' @32  a 'java/lang/invoke/MethodType'{0x00000000c11e2b88} = (Ljava/lang/Object;Ljava/lang/Object;Ljava/lang/Object;ILjava/lang/invoke/MemberName;)V (c11e2b88)
 - private 'method' 'Ljava/lang/invoke/ResolvedMethodName;' @36  a 'java/lang/invoke/ResolvedMethodName'{0x00000000c11e2c30} (c11e2c30)
 - 'resolution' 'Ljava/lang/Object;' @40  NULL (0)


---------------  P R O C E S S  ---------------

Threads class SMR info:
_java_thread_list=0x000002177e8d6730, length=35, elements={
0x00000217609c02b0, 0x0000021774844680, 0x0000021774845a90, 0x0000021776de66b0,
0x0000021776de7730, 0x0000021776de83a0, 0x0000021776dea500, 0x0000021776dec3e0,
0x0000021776ded620, 0x0000021776def020, 0x0000021776f3b880, 0x00000217770b9f30,
0x000002177771f840, 0x0000021777834790, 0x0000021777a2a7d0, 0x00000217778abd60,
0x00000217777c4b30, 0x0000021778a55b00, 0x000002177878ade0, 0x0000021778beace0,
0x0000021778beb680, 0x0000021778be9000, 0x0000021778bec4f0, 0x0000021778b46d20,
0x0000021778bec9c0, 0x00000217795909e0, 0x0000021778bebb50, 0x0000021778bea810,
0x0000021778be94d0, 0x0000021778be9e70, 0x0000021778bea340, 0x0000021778bec020,
0x0000021778beb1b0, 0x000002177eebb900, 0x000002177eeb70d0
}

Java Threads: ( => current thread )
  0x00000217609c02b0 JavaThread "main" [_thread_blocked, id=4608, stack(0x0000009c62000000,0x0000009c62100000)]
  0x0000021774844680 JavaThread "Reference Handler" daemon [_thread_blocked, id=7204, stack(0x0000009c62300000,0x0000009c62400000)]
  0x0000021774845a90 JavaThread "Finalizer" daemon [_thread_blocked, id=14928, stack(0x0000009c62400000,0x0000009c62500000)]
  0x0000021776de66b0 JavaThread "Signal Dispatcher" daemon [_thread_blocked, id=8112, stack(0x0000009c62500000,0x0000009c62600000)]
  0x0000021776de7730 JavaThread "Attach Listener" daemon [_thread_blocked, id=300, stack(0x0000009c62600000,0x0000009c62700000)]
  0x0000021776de83a0 JavaThread "Service Thread" daemon [_thread_blocked, id=5540, stack(0x0000009c62700000,0x0000009c62800000)]
  0x0000021776dea500 JavaThread "Monitor Deflation Thread" daemon [_thread_blocked, id=5524, stack(0x0000009c62800000,0x0000009c62900000)]
  0x0000021776dec3e0 JavaThread "C2 CompilerThread0" daemon [_thread_blocked, id=7360, stack(0x0000009c62900000,0x0000009c62a00000)]
  0x0000021776ded620 JavaThread "C1 CompilerThread0" daemon [_thread_blocked, id=14544, stack(0x0000009c62a00000,0x0000009c62b00000)]
  0x0000021776def020 JavaThread "Sweeper thread" daemon [_thread_blocked, id=4216, stack(0x0000009c62b00000,0x0000009c62c00000)]
  0x0000021776f3b880 JavaThread "Common-Cleaner" daemon [_thread_blocked, id=3360, stack(0x0000009c62c00000,0x0000009c62d00000)]
  0x00000217770b9f30 JavaThread "Notification Thread" daemon [_thread_blocked, id=3096, stack(0x0000009c62e00000,0x0000009c62f00000)]
  0x000002177771f840 JavaThread "Active Thread: Equinox Container: 6592e911-4bdb-48e3-a518-d8c5bc152f3d" [_thread_blocked, id=6468, stack(0x0000009c63000000,0x0000009c63100000)]
  0x0000021777834790 JavaThread "Framework Event Dispatcher: Equinox Container: 6592e911-4bdb-48e3-a518-d8c5bc152f3d" daemon [_thread_blocked, id=7160, stack(0x0000009c63700000,0x0000009c63800000)]
  0x0000021777a2a7d0 JavaThread "Start Level: Equinox Container: 6592e911-4bdb-48e3-a518-d8c5bc152f3d" daemon [_thread_blocked, id=3236, stack(0x0000009c63800000,0x0000009c63900000)]
  0x00000217778abd60 JavaThread "SCR Component Actor" daemon [_thread_blocked, id=13276, stack(0x0000009c63900000,0x0000009c63a00000)]
  0x00000217777c4b30 JavaThread "Timer-0" [_thread_blocked, id=6860, stack(0x0000009c63a00000,0x0000009c63b00000)]
  0x0000021778a55b00 JavaThread "Bundle File Closer" daemon [_thread_blocked, id=11692, stack(0x0000009c63b00000,0x0000009c63c00000)]
  0x000002177878ade0 JavaThread "Worker-JM" [_thread_blocked, id=13232, stack(0x0000009c63c00000,0x0000009c63d00000)]
  0x0000021778beace0 JavaThread "Worker-0: Publish Diagnostics" [_thread_blocked, id=7552, stack(0x0000009c63f00000,0x0000009c64000000)]
  0x0000021778beb680 JavaThread "Worker-1: Initialize workspace" [_thread_blocked, id=3628, stack(0x0000009c64000000,0x0000009c64100000)]
  0x0000021778be9000 JavaThread "Worker-2: Updating Maven Dependencies" [_thread_blocked, id=7780, stack(0x0000009c64100000,0x0000009c64200000)]
  0x0000021778bec4f0 JavaThread "Java indexing" daemon [_thread_blocked, id=8548, stack(0x0000009c64200000,0x0000009c64300000)]
  0x0000021778b46d20 JavaThread "C2 CompilerThread1" daemon [_thread_blocked, id=4236, stack(0x0000009c64300000,0x0000009c64400000)]
  0x0000021778bec9c0 JavaThread "pool-2-thread-1" [_thread_blocked, id=14884, stack(0x0000009c64400000,0x0000009c64500000)]
  0x00000217795909e0 JavaThread "C2 CompilerThread2" daemon [_thread_blocked, id=2768, stack(0x0000009c64500000,0x0000009c64600000)]
  0x0000021778bebb50 JavaThread "Worker-3: Repository registry initialization" [_thread_blocked, id=7348, stack(0x0000009c64600000,0x0000009c64700000)]
  0x0000021778bea810 JavaThread "Worker-4" [_thread_blocked, id=7376, stack(0x0000009c64700000,0x0000009c64800000)]
  0x0000021778be94d0 JavaThread "ForkJoinPool.commonPool-worker-1" daemon [_thread_blocked, id=7056, stack(0x0000009c64800000,0x0000009c64900000)]
  0x0000021778be9e70 JavaThread "ForkJoinPool.commonPool-worker-2" daemon [_thread_blocked, id=9232, stack(0x0000009c64900000,0x0000009c64a00000)]
  0x0000021778bea340 JavaThread "ForkJoinPool.commonPool-worker-3" daemon [_thread_blocked, id=11068, stack(0x0000009c64a00000,0x0000009c64b00000)]
  0x0000021778bec020 JavaThread "ForkJoinPool.commonPool-worker-4" daemon [_thread_blocked, id=6904, stack(0x0000009c64b00000,0x0000009c64c00000)]
  0x0000021778beb1b0 JavaThread "ForkJoinPool.commonPool-worker-5" daemon [_thread_blocked, id=3220, stack(0x0000009c64c00000,0x0000009c64d00000)]
  0x000002177eebb900 JavaThread "ForkJoinPool.commonPool-worker-6" daemon [_thread_blocked, id=6808, stack(0x0000009c64d00000,0x0000009c64e00000)]
  0x000002177eeb70d0 JavaThread "ForkJoinPool.commonPool-worker-7" daemon [_thread_blocked, id=12092, stack(0x0000009c64e00000,0x0000009c64f00000)]

Other Threads:
  0x000002177483fc10 VMThread "VM Thread" [stack: 0x0000009c62200000,0x0000009c62300000] [id=14796]
  0x00000217770be410 WatcherThread [stack: 0x0000009c62f00000,0x0000009c63000000] [id=12984]
  0x00000217609d1fc0 GCTaskThread "GC Thread#0" [stack: 0x0000009c62100000,0x0000009c62200000] [id=15076]
  0x0000021777112af0 GCTaskThread "GC Thread#1" [stack: 0x0000009c63100000,0x0000009c63200000] [id=10084]
  0x000002177777d790 GCTaskThread "GC Thread#2" [stack: 0x0000009c63200000,0x0000009c63300000] [id=6748]
  0x0000021777890ca0 GCTaskThread "GC Thread#3" [stack: 0x0000009c63300000,0x0000009c63400000] [id=8040]
=>0x0000021777890f50 GCTaskThread "GC Thread#4" [stack: 0x0000009c63400000,0x0000009c63500000] [id=11120]
  0x0000021777891200 GCTaskThread "GC Thread#5" [stack: 0x0000009c63500000,0x0000009c63600000] [id=12432]
  0x00000217778344e0 GCTaskThread "GC Thread#6" [stack: 0x0000009c63600000,0x0000009c63700000] [id=7920]
  0x0000021778b157f0 GCTaskThread "GC Thread#7" [stack: 0x0000009c63e00000,0x0000009c63f00000] [id=4984]

Threads with active compile tasks:
C2 CompilerThread0     3764 4380       4       org.eclipse.jdt.internal.compiler.parser.Parser::consumeRule (7765 bytes)
C1 CompilerThread0     3764 4563 %     3       org.eclipse.jdt.internal.compiler.lookup.BinaryTypeBinding::createMethod @ 522 (1687 bytes)
C2 CompilerThread1     3764 3588   !   4       org.eclipse.osgi.internal.loader.BundleLoader::findClass0 (461 bytes)
C2 CompilerThread2     3764 4551 %     4       java.util.zip.ZipFile$Source::initCEN @ 240 (591 bytes)

VM state: at safepoint (normal execution)

VM Mutex/Monitor currently owned by a thread:  ([mutex/lock_event])
[0x00000217609bb8f0] Threads_lock - owner thread: 0x000002177483fc10
[0x00000217609bc280] Heap_lock - owner thread: 0x0000021778bea340

Heap address: 0x00000000c0000000, size: 1024 MB, Compressed Oops mode: 32-bit

CDS archive(s) not mapped
Compressed class space mapped at: 0x0000000100000000-0x0000000140000000, reserved size: 1073741824
Narrow klass base: 0x0000000000000000, Narrow klass shift: 3, Narrow klass range: 0x140000000

GC Precious Log:
 CPUs: 8 total, 8 available
 Memory: 16238M
 Large Page Support: Disabled
 NUMA Support: Disabled
 Compressed Oops: Enabled (32-bit)
 Alignments: Space 512K, Generation 512K, Heap 2M
 Heap Min Capacity: 100M
 Heap Initial Capacity: 100M
 Heap Max Capacity: 1G
 Pre-touch: Disabled
 Parallel Workers: 8

Heap:
 PSYoungGen      total 26112K, used 24929K [0x00000000eab00000, 0x00000000ecb80000, 0x0000000100000000)
  eden space 22016K, 96% used [0x00000000eab00000,0x00000000ebfba188,0x00000000ec080000)
  from space 4096K, 90% used [0x00000000ec080000,0x00000000ec41e480,0x00000000ec480000)
  to   space 5632K, 65% used [0x00000000ec600000,0x00000000ec99c020,0x00000000ecb80000)
 ParOldGen       total 68608K, used 19630K [0x00000000c0000000, 0x00000000c4300000, 0x00000000eab00000)
  object space 68608K, 28% used [0x00000000c0000000,0x00000000c132bba8,0x00000000c4300000)
 Metaspace       used 51768K, committed 52544K, reserved 1097728K
  class space    used 5555K, committed 5888K, reserved 1048576K

Card table byte_map: [0x00000217603b0000,0x00000217605c0000] _byte_map_base: 0x000002175fdb0000

Marking Bits: (ParMarkBitMap*) 0x00007ffb30083af0
 Begin Bits: [0x0000021772650000, 0x0000021773650000)
 End Bits:   [0x0000021773650000, 0x0000021774650000)

Polling page: 0x00000217601a0000

Metaspace:

Usage:
  Non-class:     45.13 MB used.
      Class:      5.43 MB used.
       Both:     50.56 MB used.

Virtual space:
  Non-class space:       48.00 MB reserved,      45.56 MB ( 95%) committed,  6 nodes.
      Class space:        1.00 GB reserved,       5.75 MB ( <1%) committed,  1 nodes.
             Both:        1.05 GB reserved,      51.31 MB (  5%) committed. 

Chunk freelists:
   Non-Class:  2.08 MB
       Class:  2.30 MB
        Both:  4.38 MB

MaxMetaspaceSize: unlimited
CompressedClassSpaceSize: 1.00 GB
Initial GC threshold: 21.00 MB
Current GC threshold: 58.38 MB
CDS: off
MetaspaceReclaimPolicy: balanced
 - commit_granule_bytes: 65536.
 - commit_granule_words: 8192.
 - virtual_space_node_default_size: 1048576.
 - enlarge_chunks_in_place: 1.
 - new_chunks_are_fully_committed: 0.
 - uncommit_free_chunks: 1.
 - use_allocation_guard: 0.
 - handle_deallocations: 1.


Internal statistics:

num_allocs_failed_limit: 6.
num_arena_births: 286.
num_arena_deaths: 0.
num_vsnodes_births: 7.
num_vsnodes_deaths: 0.
num_space_committed: 821.
num_space_uncommitted: 0.
num_chunks_returned_to_freelist: 6.
num_chunks_taken_from_freelist: 2153.
num_chunk_merges: 6.
num_chunk_splits: 1395.
num_chunks_enlarged: 872.
num_purges: 0.
num_inconsistent_stats: 0.

CodeHeap 'non-profiled nmethods': size=120000Kb used=1953Kb max_used=1953Kb free=118046Kb
 bounds [0x000002176b120000, 0x000002176b390000, 0x0000021772650000]
CodeHeap 'profiled nmethods': size=120000Kb used=9550Kb max_used=9550Kb free=110449Kb
 bounds [0x0000021763bf0000, 0x0000021764550000, 0x000002176b120000]
CodeHeap 'non-nmethods': size=5760Kb used=1349Kb max_used=1377Kb free=4410Kb
 bounds [0x0000021763650000, 0x00000217638c0000, 0x0000021763bf0000]
 total_blobs=5161 nmethods=4522 adapters=549
 compilation: enabled
              stopped_count=0, restarted_count=0
 full_count=0

Compilation events (20 events):
Event: 3.692 Thread 0x00000217795909e0 nmethod 4456 0x000002176b307e90 code [0x000002176b308040, 0x000002176b308348]
Event: 3.692 Thread 0x00000217795909e0 4551 %     4       java.util.zip.ZipFile$Source::initCEN @ 240 (591 bytes)
Event: 3.694 Thread 0x0000021776ded620 nmethod 4554 0x000002176453f510 code [0x000002176453f840, 0x0000021764540cb8]
Event: 3.694 Thread 0x0000021776ded620 4555       3       com.google.inject.Key::getAnnotationType (10 bytes)
Event: 3.694 Thread 0x0000021776ded620 nmethod 4555 0x0000021764541490 code [0x0000021764541640, 0x0000021764541808]
Event: 3.695 Thread 0x0000021776ded620 4556       3       com.google.inject.internal.Errors::withSource (29 bytes)
Event: 3.695 Thread 0x0000021776ded620 nmethod 4556 0x0000021764541910 code [0x0000021764541ac0, 0x0000021764541db8]
Event: 3.695 Thread 0x0000021776ded620 4557       3       com.google.inject.internal.AbstractProcessor::visitOther (6 bytes)
Event: 3.695 Thread 0x0000021776ded620 nmethod 4557 0x0000021764541e90 code [0x0000021764542040, 0x0000021764542298]
Event: 3.695 Thread 0x0000021776ded620 4558       3       com.google.inject.spi.DefaultElementVisitor::visit (6 bytes)
Event: 3.695 Thread 0x0000021776ded620 nmethod 4558 0x0000021764542390 code [0x0000021764542540, 0x0000021764542708]
Event: 3.697 Thread 0x0000021776ded620 4559       3       org.eclipse.jdt.internal.compiler.classfmt.MethodInfo::getArgumentNames (16 bytes)
Event: 3.697 Thread 0x0000021776ded620 nmethod 4559 0x0000021764542790 code [0x0000021764542940, 0x0000021764542ac8]
Event: 3.697 Thread 0x0000021776ded620 4560       3       org.eclipse.jdt.internal.core.AbstractClassFile::hashCode (18 bytes)
Event: 3.698 Thread 0x0000021776ded620 nmethod 4560 0x0000021764542b90 code [0x0000021764542d40, 0x0000021764543058]
Event: 3.698 Thread 0x0000021776ded620 4561       3       org.eclipse.jdt.internal.compiler.classfmt.ClassFileReader::enrichWithExternalAnnotationsFor (2 bytes)
Event: 3.698 Thread 0x0000021776ded620 nmethod 4561 0x0000021764543190 code [0x0000021764543320, 0x0000021764543438]
Event: 3.698 Thread 0x0000021776ded620 4562       3       org.eclipse.jdt.internal.compiler.lookup.PackageBinding::clearMissingTagBit (24 bytes)
Event: 3.698 Thread 0x0000021776ded620 nmethod 4562 0x0000021764543510 code [0x00000217645436a0, 0x0000021764543898]
Event: 3.698 Thread 0x0000021776ded620 4563 %     3       org.eclipse.jdt.internal.compiler.lookup.BinaryTypeBinding::createMethod @ 522 (1687 bytes)

GC Heap History (20 events):
Event: 1.281 GC heap after
{Heap after GC invocations=2 (full 0):
 PSYoungGen      total 29696K, used 4073K [0x00000000eab00000, 0x00000000ecc00000, 0x0000000100000000)
  eden space 25600K, 0% used [0x00000000eab00000,0x00000000eab00000,0x00000000ec400000)
  from space 4096K, 99% used [0x00000000ec800000,0x00000000ecbfa6e0,0x00000000ecc00000)
  to   space 4096K, 0% used [0x00000000ec400000,0x00000000ec400000,0x00000000ec800000)
 ParOldGen       total 68608K, used 5807K [0x00000000c0000000, 0x00000000c4300000, 0x00000000eab00000)
  object space 68608K, 8% used [0x00000000c0000000,0x00000000c05abd08,0x00000000c4300000)
 Metaspace       used 19833K, committed 20288K, reserved 1073152K
  class space    used 2016K, committed 2240K, reserved 1048576K
}
Event: 1.344 GC heap before
{Heap before GC invocations=3 (full 0):
 PSYoungGen      total 29696K, used 7581K [0x00000000eab00000, 0x00000000ecc00000, 0x0000000100000000)
  eden space 25600K, 13% used [0x00000000eab00000,0x00000000eae6d048,0x00000000ec400000)
  from space 4096K, 99% used [0x00000000ec800000,0x00000000ecbfa6e0,0x00000000ecc00000)
  to   space 4096K, 0% used [0x00000000ec400000,0x00000000ec400000,0x00000000ec800000)
 ParOldGen       total 68608K, used 5807K [0x00000000c0000000, 0x00000000c4300000, 0x00000000eab00000)
  object space 68608K, 8% used [0x00000000c0000000,0x00000000c05abd08,0x00000000c4300000)
 Metaspace       used 21037K, committed 21504K, reserved 1073152K
  class space    used 2136K, committed 2368K, reserved 1048576K
}
Event: 1.346 GC heap after
{Heap after GC invocations=3 (full 0):
 PSYoungGen      total 29696K, used 4068K [0x00000000eab00000, 0x00000000ecc00000, 0x0000000100000000)
  eden space 25600K, 0% used [0x00000000eab00000,0x00000000eab00000,0x00000000ec400000)
  from space 4096K, 99% used [0x00000000ec400000,0x00000000ec7f9278,0x00000000ec800000)
  to   space 4096K, 0% used [0x00000000ec800000,0x00000000ec800000,0x00000000ecc00000)
 ParOldGen       total 68608K, used 5991K [0x00000000c0000000, 0x00000000c4300000, 0x00000000eab00000)
  object space 68608K, 8% used [0x00000000c0000000,0x00000000c05d9d08,0x00000000c4300000)
 Metaspace       used 21037K, committed 21504K, reserved 1073152K
  class space    used 2136K, committed 2368K, reserved 1048576K
}
Event: 1.346 GC heap before
{Heap before GC invocations=4 (full 1):
 PSYoungGen      total 29696K, used 4068K [0x00000000eab00000, 0x00000000ecc00000, 0x0000000100000000)
  eden space 25600K, 0% used [0x00000000eab00000,0x00000000eab00000,0x00000000ec400000)
  from space 4096K, 99% used [0x00000000ec400000,0x00000000ec7f9278,0x00000000ec800000)
  to   space 4096K, 0% used [0x00000000ec800000,0x00000000ec800000,0x00000000ecc00000)
 ParOldGen       total 68608K, used 5991K [0x00000000c0000000, 0x00000000c4300000, 0x00000000eab00000)
  object space 68608K, 8% used [0x00000000c0000000,0x00000000c05d9d08,0x00000000c4300000)
 Metaspace       used 21037K, committed 21504K, reserved 1073152K
  class space    used 2136K, committed 2368K, reserved 1048576K
}
Event: 1.362 GC heap after
{Heap after GC invocations=4 (full 1):
 PSYoungGen      total 29696K, used 0K [0x00000000eab00000, 0x00000000ecc00000, 0x0000000100000000)
  eden space 25600K, 0% used [0x00000000eab00000,0x00000000eab00000,0x00000000ec400000)
  from space 4096K, 0% used [0x00000000ec400000,0x00000000ec400000,0x00000000ec800000)
  to   space 4096K, 0% used [0x00000000ec800000,0x00000000ec800000,0x00000000ecc00000)
 ParOldGen       total 68608K, used 9752K [0x00000000c0000000, 0x00000000c4300000, 0x00000000eab00000)
  object space 68608K, 14% used [0x00000000c0000000,0x00000000c0986288,0x00000000c4300000)
 Metaspace       used 21037K, committed 21504K, reserved 1073152K
  class space    used 2136K, committed 2368K, reserved 1048576K
}
Event: 1.688 GC heap before
{Heap before GC invocations=5 (full 1):
 PSYoungGen      total 29696K, used 25600K [0x00000000eab00000, 0x00000000ecc00000, 0x0000000100000000)
  eden space 25600K, 100% used [0x00000000eab00000,0x00000000ec400000,0x00000000ec400000)
  from space 4096K, 0% used [0x00000000ec400000,0x00000000ec400000,0x00000000ec800000)
  to   space 4096K, 0% used [0x00000000ec800000,0x00000000ec800000,0x00000000ecc00000)
 ParOldGen       total 68608K, used 9752K [0x00000000c0000000, 0x00000000c4300000, 0x00000000eab00000)
  object space 68608K, 14% used [0x00000000c0000000,0x00000000c0986288,0x00000000c4300000)
 Metaspace       used 28137K, committed 28608K, reserved 1081344K
  class space    used 2738K, committed 2944K, reserved 1048576K
}
Event: 1.690 GC heap after
{Heap after GC invocations=5 (full 1):
 PSYoungGen      total 29696K, used 1403K [0x00000000eab00000, 0x00000000ecc00000, 0x0000000100000000)
  eden space 25600K, 0% used [0x00000000eab00000,0x00000000eab00000,0x00000000ec400000)
  from space 4096K, 34% used [0x00000000ec800000,0x00000000ec95ef38,0x00000000ecc00000)
  to   space 4096K, 0% used [0x00000000ec400000,0x00000000ec400000,0x00000000ec800000)
 ParOldGen       total 68608K, used 9760K [0x00000000c0000000, 0x00000000c4300000, 0x00000000eab00000)
  object space 68608K, 14% used [0x00000000c0000000,0x00000000c0988288,0x00000000c4300000)
 Metaspace       used 28137K, committed 28608K, reserved 1081344K
  class space    used 2738K, committed 2944K, reserved 1048576K
}
Event: 2.261 GC heap before
{Heap before GC invocations=6 (full 1):
 PSYoungGen      total 29696K, used 25062K [0x00000000eab00000, 0x00000000ecc00000, 0x0000000100000000)
  eden space 25600K, 92% used [0x00000000eab00000,0x00000000ec21abf0,0x00000000ec400000)
  from space 4096K, 34% used [0x00000000ec800000,0x00000000ec95ef38,0x00000000ecc00000)
  to   space 4096K, 0% used [0x00000000ec400000,0x00000000ec400000,0x00000000ec800000)
 ParOldGen       total 68608K, used 9760K [0x00000000c0000000, 0x00000000c4300000, 0x00000000eab00000)
  object space 68608K, 14% used [0x00000000c0000000,0x00000000c0988288,0x00000000c4300000)
 Metaspace       used 35201K, committed 35840K, reserved 1081344K
  class space    used 3685K, committed 3968K, reserved 1048576K
}
Event: 2.263 GC heap after
{Heap after GC invocations=6 (full 1):
 PSYoungGen      total 29696K, used 4085K [0x00000000eab00000, 0x00000000ece00000, 0x0000000100000000)
  eden space 25600K, 0% used [0x00000000eab00000,0x00000000eab00000,0x00000000ec400000)
  from space 4096K, 99% used [0x00000000ec400000,0x00000000ec7fd738,0x00000000ec800000)
  to   space 5120K, 0% used [0x00000000ec900000,0x00000000ec900000,0x00000000ece00000)
 ParOldGen       total 68608K, used 9832K [0x00000000c0000000, 0x00000000c4300000, 0x00000000eab00000)
  object space 68608K, 14% used [0x00000000c0000000,0x00000000c099a288,0x00000000c4300000)
 Metaspace       used 35201K, committed 35840K, reserved 1081344K
  class space    used 3685K, committed 3968K, reserved 1048576K
}
Event: 2.263 GC heap before
{Heap before GC invocations=7 (full 2):
 PSYoungGen      total 29696K, used 4085K [0x00000000eab00000, 0x00000000ece00000, 0x0000000100000000)
  eden space 25600K, 0% used [0x00000000eab00000,0x00000000eab00000,0x00000000ec400000)
  from space 4096K, 99% used [0x00000000ec400000,0x00000000ec7fd738,0x00000000ec800000)
  to   space 5120K, 0% used [0x00000000ec900000,0x00000000ec900000,0x00000000ece00000)
 ParOldGen       total 68608K, used 9832K [0x00000000c0000000, 0x00000000c4300000, 0x00000000eab00000)
  object space 68608K, 14% used [0x00000000c0000000,0x00000000c099a288,0x00000000c4300000)
 Metaspace       used 35201K, committed 35840K, reserved 1081344K
  class space    used 3685K, committed 3968K, reserved 1048576K
}
Event: 2.281 GC heap after
{Heap after GC invocations=7 (full 2):
 PSYoungGen      total 29696K, used 0K [0x00000000eab00000, 0x00000000ece00000, 0x0000000100000000)
  eden space 25600K, 0% used [0x00000000eab00000,0x00000000eab00000,0x00000000ec400000)
  from space 4096K, 0% used [0x00000000ec400000,0x00000000ec400000,0x00000000ec800000)
  to   space 5120K, 0% used [0x00000000ec900000,0x00000000ec900000,0x00000000ece00000)
 ParOldGen       total 68608K, used 12375K [0x00000000c0000000, 0x00000000c4300000, 0x00000000eab00000)
  object space 68608K, 18% used [0x00000000c0000000,0x00000000c0c15f40,0x00000000c4300000)
 Metaspace       used 35201K, committed 35840K, reserved 1081344K
  class space    used 3685K, committed 3968K, reserved 1048576K
}
Event: 2.505 GC heap before
{Heap before GC invocations=8 (full 2):
 PSYoungGen      total 29696K, used 25600K [0x00000000eab00000, 0x00000000ece00000, 0x0000000100000000)
  eden space 25600K, 100% used [0x00000000eab00000,0x00000000ec400000,0x00000000ec400000)
  from space 4096K, 0% used [0x00000000ec400000,0x00000000ec400000,0x00000000ec800000)
  to   space 5120K, 0% used [0x00000000ec900000,0x00000000ec900000,0x00000000ece00000)
 ParOldGen       total 68608K, used 12375K [0x00000000c0000000, 0x00000000c4300000, 0x00000000eab00000)
  object space 68608K, 18% used [0x00000000c0000000,0x00000000c0c15f40,0x00000000c4300000)
 Metaspace       used 36973K, committed 37696K, reserved 1089536K
  class space    used 3902K, committed 4224K, reserved 1048576K
}
Event: 2.508 GC heap after
{Heap after GC invocations=8 (full 2):
 PSYoungGen      total 29184K, used 4001K [0x00000000eab00000, 0x00000000ecd00000, 0x0000000100000000)
  eden space 25088K, 0% used [0x00000000eab00000,0x00000000eab00000,0x00000000ec380000)
  from space 4096K, 97% used [0x00000000ec900000,0x00000000ecce8660,0x00000000ecd00000)
  to   space 4096K, 0% used [0x00000000ec500000,0x00000000ec500000,0x00000000ec900000)
 ParOldGen       total 68608K, used 12383K [0x00000000c0000000, 0x00000000c4300000, 0x00000000eab00000)
  object space 68608K, 18% used [0x00000000c0000000,0x00000000c0c17f40,0x00000000c4300000)
 Metaspace       used 36973K, committed 37696K, reserved 1089536K
  class space    used 3902K, committed 4224K, reserved 1048576K
}
Event: 2.983 GC heap before
{Heap before GC invocations=9 (full 2):
 PSYoungGen      total 29184K, used 29089K [0x00000000eab00000, 0x00000000ecd00000, 0x0000000100000000)
  eden space 25088K, 100% used [0x00000000eab00000,0x00000000ec380000,0x00000000ec380000)
  from space 4096K, 97% used [0x00000000ec900000,0x00000000ecce8660,0x00000000ecd00000)
  to   space 4096K, 0% used [0x00000000ec500000,0x00000000ec500000,0x00000000ec900000)
 ParOldGen       total 68608K, used 12383K [0x00000000c0000000, 0x00000000c4300000, 0x00000000eab00000)
  object space 68608K, 18% used [0x00000000c0000000,0x00000000c0c17f40,0x00000000c4300000)
 Metaspace       used 42595K, committed 43328K, reserved 1089536K
  class space    used 4486K, committed 4800K, reserved 1048576K
}
Event: 2.987 GC heap after
{Heap after GC invocations=9 (full 2):
 PSYoungGen      total 28672K, used 4075K [0x00000000eab00000, 0x00000000ed000000, 0x0000000100000000)
  eden space 24576K, 0% used [0x00000000eab00000,0x00000000eab00000,0x00000000ec300000)
  from space 4096K, 99% used [0x00000000ec500000,0x00000000ec8fae28,0x00000000ec900000)
  to   space 6656K, 0% used [0x00000000ec980000,0x00000000ec980000,0x00000000ed000000)
 ParOldGen       total 68608K, used 14527K [0x00000000c0000000, 0x00000000c4300000, 0x00000000eab00000)
  object space 68608K, 21% used [0x00000000c0000000,0x00000000c0e2ff60,0x00000000c4300000)
 Metaspace       used 42595K, committed 43328K, reserved 1089536K
  class space    used 4486K, committed 4800K, reserved 1048576K
}
Event: 3.171 GC heap before
{Heap before GC invocations=10 (full 2):
 PSYoungGen      total 28672K, used 28651K [0x00000000eab00000, 0x00000000ed000000, 0x0000000100000000)
  eden space 24576K, 100% used [0x00000000eab00000,0x00000000ec300000,0x00000000ec300000)
  from space 4096K, 99% used [0x00000000ec500000,0x00000000ec8fae28,0x00000000ec900000)
  to   space 6656K, 0% used [0x00000000ec980000,0x00000000ec980000,0x00000000ed000000)
 ParOldGen       total 68608K, used 14527K [0x00000000c0000000, 0x00000000c4300000, 0x00000000eab00000)
  object space 68608K, 21% used [0x00000000c0000000,0x00000000c0e2ff60,0x00000000c4300000)
 Metaspace       used 45048K, committed 45760K, reserved 1097728K
  class space    used 4749K, committed 5056K, reserved 1048576K
}
Event: 3.177 GC heap after
{Heap after GC invocations=10 (full 2):
 PSYoungGen      total 28672K, used 6648K [0x00000000eab00000, 0x00000000ed480000, 0x0000000100000000)
  eden space 22016K, 0% used [0x00000000eab00000,0x00000000eab00000,0x00000000ec080000)
  from space 6656K, 99% used [0x00000000ec980000,0x00000000ecffe0b8,0x00000000ed000000)
  to   space 9216K, 0% used [0x00000000ec080000,0x00000000ec080000,0x00000000ec980000)
 ParOldGen       total 68608K, used 16297K [0x00000000c0000000, 0x00000000c4300000, 0x00000000eab00000)
  object space 68608K, 23% used [0x00000000c0000000,0x00000000c0fea650,0x00000000c4300000)
 Metaspace       used 45048K, committed 45760K, reserved 1097728K
  class space    used 4749K, committed 5056K, reserved 1048576K
}
Event: 3.526 GC heap before
{Heap before GC invocations=11 (full 2):
 PSYoungGen      total 28672K, used 28664K [0x00000000eab00000, 0x00000000ed480000, 0x0000000100000000)
  eden space 22016K, 99% used [0x00000000eab00000,0x00000000ec07fff8,0x00000000ec080000)
  from space 6656K, 99% used [0x00000000ec980000,0x00000000ecffe0b8,0x00000000ed000000)
  to   space 9216K, 0% used [0x00000000ec080000,0x00000000ec080000,0x00000000ec980000)
 ParOldGen       total 68608K, used 16297K [0x00000000c0000000, 0x00000000c4300000, 0x00000000eab00000)
  object space 68608K, 23% used [0x00000000c0000000,0x00000000c0fea650,0x00000000c4300000)
 Metaspace       used 49454K, committed 50240K, reserved 1097728K
  class space    used 5301K, committed 5632K, reserved 1048576K
}
Event: 3.530 GC heap after
{Heap after GC invocations=11 (full 2):
 PSYoungGen      total 26112K, used 3705K [0x00000000eab00000, 0x00000000ecb80000, 0x0000000100000000)
  eden space 22016K, 0% used [0x00000000eab00000,0x00000000eab00000,0x00000000ec080000)
  from space 4096K, 90% used [0x00000000ec080000,0x00000000ec41e480,0x00000000ec480000)
  to   space 5632K, 0% used [0x00000000ec600000,0x00000000ec600000,0x00000000ecb80000)
 ParOldGen       total 68608K, used 18153K [0x00000000c0000000, 0x00000000c4300000, 0x00000000eab00000)
  object space 68608K, 26% used [0x00000000c0000000,0x00000000c11ba6d8,0x00000000c4300000)
 Metaspace       used 49454K, committed 50240K, reserved 1097728K
  class space    used 5301K, committed 5632K, reserved 1048576K
}
Event: 3.700 GC heap before
{Heap before GC invocations=12 (full 2):
 PSYoungGen      total 26112K, used 24929K [0x00000000eab00000, 0x00000000ecb80000, 0x0000000100000000)
  eden space 22016K, 96% used [0x00000000eab00000,0x00000000ebfba188,0x00000000ec080000)
  from space 4096K, 90% used [0x00000000ec080000,0x00000000ec41e480,0x00000000ec480000)
  to   space 5632K, 0% used [0x00000000ec600000,0x00000000ec600000,0x00000000ecb80000)
 ParOldGen       total 68608K, used 18153K [0x00000000c0000000, 0x00000000c4300000, 0x00000000eab00000)
  object space 68608K, 26% used [0x00000000c0000000,0x00000000c11ba6d8,0x00000000c4300000)
 Metaspace       used 51768K, committed 52544K, reserved 1097728K
  class space    used 5555K, committed 5888K, reserved 1048576K
}

Deoptimization events (20 events):
Event: 3.676 Thread 0x0000021778be9e70 Uncommon trap: trap_request=0xffffffde fr.pc=0x000002176b207000 relative=0x0000000000000b60
Event: 3.676 Thread 0x0000021778be9e70 Uncommon trap: reason=class_check action=maybe_recompile pc=0x000002176b207000 method=java.util.concurrent.ConcurrentHashMap.putVal(Ljava/lang/Object;Ljava/lang/Object;Z)Ljava/lang/Object; @ 242 c2
Event: 3.676 Thread 0x0000021778be9e70 DEOPT PACKING pc=0x000002176b207000 sp=0x0000009c649fc830
Event: 3.676 Thread 0x0000021778be9e70 DEOPT UNPACKING pc=0x00000217636a20a3 sp=0x0000009c649fc7a0 mode 2
Event: 3.677 Thread 0x0000021778bea340 Uncommon trap: trap_request=0xffffff45 fr.pc=0x000002176b2fca18 relative=0x00000000000063d8
Event: 3.677 Thread 0x0000021778bea340 Uncommon trap: reason=unstable_if action=reinterpret pc=0x000002176b2fca18 method=org.eclipse.osgi.internal.loader.ModuleClassLoader.lockClassName(Ljava/lang/String;)Z @ 39 c2
Event: 3.677 Thread 0x0000021778bea340 DEOPT PACKING pc=0x000002176b2fca18 sp=0x0000009c64afbaf0
Event: 3.677 Thread 0x0000021778bea340 DEOPT UNPACKING pc=0x00000217636a20a3 sp=0x0000009c64afb9c0 mode 2
Event: 3.677 Thread 0x0000021778be9e70 Uncommon trap: trap_request=0xffffff45 fr.pc=0x000002176b2fca18 relative=0x00000000000063d8
Event: 3.677 Thread 0x0000021778be9e70 Uncommon trap: reason=unstable_if action=reinterpret pc=0x000002176b2fca18 method=org.eclipse.osgi.internal.loader.ModuleClassLoader.lockClassName(Ljava/lang/String;)Z @ 39 c2
Event: 3.677 Thread 0x0000021778be9e70 DEOPT PACKING pc=0x000002176b2fca18 sp=0x0000009c649fbdc0
Event: 3.677 Thread 0x0000021778be9e70 DEOPT UNPACKING pc=0x00000217636a20a3 sp=0x0000009c649fbc90 mode 2
Event: 3.677 Thread 0x0000021778bea340 Uncommon trap: trap_request=0xffffff45 fr.pc=0x000002176b1c2b3c relative=0x000000000000017c
Event: 3.677 Thread 0x0000021778bea340 Uncommon trap: reason=unstable_if action=reinterpret pc=0x000002176b1c2b3c method=java.util.concurrent.ConcurrentHashMap.addCount(JI)V @ 34 c2
Event: 3.678 Thread 0x0000021778bea340 DEOPT PACKING pc=0x000002176b1c2b3c sp=0x0000009c64afc120
Event: 3.678 Thread 0x0000021778bea340 DEOPT UNPACKING pc=0x00000217636a20a3 sp=0x0000009c64afc080 mode 2
Event: 3.678 Thread 0x0000021778be9e70 Uncommon trap: trap_request=0xffffff45 fr.pc=0x000002176b25a7f4 relative=0x0000000000000254
Event: 3.678 Thread 0x0000021778be9e70 Uncommon trap: reason=unstable_if action=reinterpret pc=0x000002176b25a7f4 method=org.eclipse.jdt.internal.core.util.Util.equalArraysOrNull([Ljava/lang/Object;[Ljava/lang/Object;)Z @ 23 c2
Event: 3.678 Thread 0x0000021778be9e70 DEOPT PACKING pc=0x000002176b25a7f4 sp=0x0000009c649fd720
Event: 3.678 Thread 0x0000021778be9e70 DEOPT UNPACKING pc=0x00000217636a20a3 sp=0x0000009c649fd6c8 mode 2

Classes unloaded (0 events):
No events

Classes redefined (0 events):
No events

Internal exceptions (20 events):
Event: 3.311 Thread 0x0000021778beace0 Exception <a 'sun/nio/fs/WindowsException'{0x00000000eb2cd9c0}> (0x00000000eb2cd9c0) 
thrown [e:\jenkins\tmp\workspace\build\src\src\hotspot\share\prims\jni.cpp, line 516]
Event: 3.316 Thread 0x0000021778beace0 Exception <a 'sun/nio/fs/WindowsException'{0x00000000eb2dc6f8}> (0x00000000eb2dc6f8) 
thrown [e:\jenkins\tmp\workspace\build\src\src\hotspot\share\prims\jni.cpp, line 516]
Event: 3.358 Thread 0x0000021778beace0 Exception <a 'sun/nio/fs/WindowsException'{0x00000000eb2eb3c8}> (0x00000000eb2eb3c8) 
thrown [e:\jenkins\tmp\workspace\build\src\src\hotspot\share\prims\jni.cpp, line 516]
Event: 3.363 Thread 0x0000021778beace0 Exception <a 'sun/nio/fs/WindowsException'{0x00000000eb7502e0}> (0x00000000eb7502e0) 
thrown [e:\jenkins\tmp\workspace\build\src\src\hotspot\share\prims\jni.cpp, line 516]
Event: 3.369 Thread 0x0000021778beace0 Exception <a 'sun/nio/fs/WindowsException'{0x00000000eb75f3d0}> (0x00000000eb75f3d0) 
thrown [e:\jenkins\tmp\workspace\build\src\src\hotspot\share\prims\jni.cpp, line 516]
Event: 3.374 Thread 0x0000021778beace0 Exception <a 'sun/nio/fs/WindowsException'{0x00000000eb76e180}> (0x00000000eb76e180) 
thrown [e:\jenkins\tmp\workspace\build\src\src\hotspot\share\prims\jni.cpp, line 516]
Event: 3.379 Thread 0x0000021778beace0 Exception <a 'sun/nio/fs/WindowsException'{0x00000000eb81a5c8}> (0x00000000eb81a5c8) 
thrown [e:\jenkins\tmp\workspace\build\src\src\hotspot\share\prims\jni.cpp, line 516]
Event: 3.384 Thread 0x0000021778beace0 Exception <a 'sun/nio/fs/WindowsException'{0x00000000eb828e18}> (0x00000000eb828e18) 
thrown [e:\jenkins\tmp\workspace\build\src\src\hotspot\share\prims\jni.cpp, line 516]
Event: 3.390 Thread 0x0000021778beace0 Exception <a 'sun/nio/fs/WindowsException'{0x00000000eb838230}> (0x00000000eb838230) 
thrown [e:\jenkins\tmp\workspace\build\src\src\hotspot\share\prims\jni.cpp, line 516]
Event: 3.399 Thread 0x0000021778beace0 Exception <a 'java/io/FileNotFoundException'{0x00000000eb8e0900}> (0x00000000eb8e0900) 
thrown [e:\jenkins\tmp\workspace\build\src\src\hotspot\share\prims\jni.cpp, line 516]
Event: 3.399 Thread 0x0000021778beace0 Exception <a 'java/io/FileNotFoundException'{0x00000000eb8e1ad0}> (0x00000000eb8e1ad0) 
thrown [e:\jenkins\tmp\workspace\build\src\src\hotspot\share\prims\jni.cpp, line 516]
Event: 3.441 Thread 0x0000021778bec9c0 Exception <a 'java/io/FileNotFoundException'{0x00000000ebb4a958}> (0x00000000ebb4a958) 
thrown [e:\jenkins\tmp\workspace\build\src\src\hotspot\share\prims\jni.cpp, line 516]
Event: 3.476 Thread 0x0000021778beace0 Exception <a 'java/lang/NoSuchMethodError'{0x00000000eb8f9458}: 'java.lang.Object java.lang.invoke.DirectMethodHandle$Holder.invokeStatic(java.lang.Object, java.lang.Object, java.lang.Object, long)'> (0x00000000eb8f9458) 
thrown [e:\jenkins\tmp\workspace\build\src\src\hotspot\share\interpreter\linkResolver.cpp, line 766]
Event: 3.477 Thread 0x0000021778beace0 Exception <a 'java/lang/NoSuchMethodError'{0x00000000eb900b50}: 'java.lang.Object java.lang.invoke.DirectMethodHandle$Holder.newInvokeSpecial(java.lang.Object, java.lang.Object, java.lang.Object, long)'> (0x00000000eb900b50) 
thrown [e:\jenkins\tmp\workspace\build\src\src\hotspot\share\interpreter\linkResolver.cpp, line 766]
Event: 3.478 Thread 0x0000021778beace0 Exception <a 'java/lang/NoSuchMethodError'{0x00000000eb904c68}: 'java.lang.Object java.lang.invoke.DirectMethodHandle$Holder.invokeSpecial(java.lang.Object, java.lang.Object, java.lang.Object, java.lang.Object, long)'> (0x00000000eb904c68) 
thrown [e:\jenkins\tmp\workspace\build\src\src\hotspot\share\interpreter\linkResolver.cpp, line 766]
Event: 3.478 Thread 0x0000021778beace0 Exception <a 'java/lang/NoSuchMethodError'{0x00000000eb908838}: 'java.lang.Object java.lang.invoke.Invokers$Holder.linkToTargetMethod(java.lang.Object, java.lang.Object, long, java.lang.Object)'> (0x00000000eb908838) 
thrown [e:\jenkins\tmp\workspace\build\src\src\hotspot\share\interpreter\linkResolver.cpp, line 766]
Event: 3.508 Thread 0x0000021778beace0 Exception <a 'sun/nio/fs/WindowsException'{0x00000000ebf21700}> (0x00000000ebf21700) 
thrown [e:\jenkins\tmp\workspace\build\src\src\hotspot\share\prims\jni.cpp, line 516]
Event: 3.508 Thread 0x0000021778beace0 Exception <a 'sun/nio/fs/WindowsException'{0x00000000ebf21ab8}> (0x00000000ebf21ab8) 
thrown [e:\jenkins\tmp\workspace\build\src\src\hotspot\share\prims\jni.cpp, line 516]
Event: 3.536 Thread 0x0000021778be94d0 Exception <a 'java/lang/NoSuchMethodError'{0x00000000eabaeae8}: 'int java.lang.invoke.DirectMethodHandle$Holder.invokeSpecial(java.lang.Object, java.lang.Object, java.lang.Object)'> (0x00000000eabaeae8) 
thrown [e:\jenkins\tmp\workspace\build\src\src\hotspot\share\interpreter\linkResolver.cpp, line 766]
Event: 3.668 Thread 0x0000021778be9e70 Exception <a 'java/io/FileNotFoundException'{0x00000000eb5478b0}> (0x00000000eb5478b0) 
thrown [e:\jenkins\tmp\workspace\build\src\src\hotspot\share\prims\jni.cpp, line 516]

VM Operations (20 events):
Event: 2.987 Executing VM operation: ParallelGCFailedAllocation done
Event: 3.082 Executing VM operation: HandshakeAllThreads
Event: 3.082 Executing VM operation: HandshakeAllThreads done
Event: 3.171 Executing VM operation: ParallelGCFailedAllocation
Event: 3.177 Executing VM operation: ParallelGCFailedAllocation done
Event: 3.410 Executing VM operation: HandshakeAllThreads
Event: 3.411 Executing VM operation: HandshakeAllThreads done
Event: 3.431 Executing VM operation: HandshakeAllThreads
Event: 3.431 Executing VM operation: HandshakeAllThreads done
Event: 3.457 Executing VM operation: HandshakeAllThreads
Event: 3.457 Executing VM operation: HandshakeAllThreads done
Event: 3.489 Executing VM operation: ICBufferFull
Event: 3.489 Executing VM operation: ICBufferFull done
Event: 3.526 Executing VM operation: ParallelGCFailedAllocation
Event: 3.531 Executing VM operation: ParallelGCFailedAllocation done
Event: 3.580 Executing VM operation: HandshakeAllThreads
Event: 3.580 Executing VM operation: HandshakeAllThreads done
Event: 3.635 Executing VM operation: HandshakeAllThreads
Event: 3.635 Executing VM operation: HandshakeAllThreads done
Event: 3.699 Executing VM operation: ParallelGCFailedAllocation

Events (20 events):
Event: 3.588 loading class sun/reflect/generics/tree/VoidDescriptor
Event: 3.588 loading class sun/reflect/generics/tree/VoidDescriptor done
Event: 3.597 loading class java/lang/UnsupportedClassVersionError
Event: 3.597 loading class java/lang/UnsupportedClassVersionError done
Event: 3.605 loading class jdk/internal/reflect/UnsafeQualifiedStaticIntegerFieldAccessorImpl
Event: 3.605 loading class jdk/internal/reflect/UnsafeQualifiedStaticIntegerFieldAccessorImpl done
Event: 3.647 loading class javax/net/ssl/SSLSocketFactory
Event: 3.647 loading class javax/net/SocketFactory
Event: 3.647 loading class javax/net/SocketFactory done
Event: 3.647 loading class javax/net/ssl/SSLSocketFactory done
Event: 3.673 loading class java/io/UTFDataFormatException
Event: 3.673 loading class java/io/UTFDataFormatException done
Event: 3.675 loading class java/util/concurrent/ForkJoinTask$AdaptedCallable
Event: 3.675 loading class java/util/concurrent/ForkJoinTask$AdaptedCallable done
Event: 3.676 Thread 0x0000021778bec020 Thread added: 0x0000021778bec020
Event: 3.676 Thread 0x0000021778beb1b0 Thread added: 0x0000021778beb1b0
Event: 3.676 Thread 0x000002177eebb900 Thread added: 0x000002177eebb900
Event: 3.676 loading class java/util/concurrent/CountedCompleter
Event: 3.676 Thread 0x000002177eeb70d0 Thread added: 0x000002177eeb70d0
Event: 3.676 loading class java/util/concurrent/CountedCompleter done


Dynamic libraries:
0x00007ff7a1850000 - 0x00007ff7a185e000 	c:\Users\Sowmya\.vscode\extensions\redhat.java-1.5.0-win32-x64\jre\17.0.2-win32-x86_64\bin\java.exe
0x00007ffb8bd50000 - 0x00007ffb8bf45000 	C:\Windows\SYSTEM32\ntdll.dll
0x00007ffb8a110000 - 0x00007ffb8a1ce000 	C:\Windows\System32\KERNEL32.DLL
0x00007ffb89600000 - 0x00007ffb898c8000 	C:\Windows\System32\KERNELBASE.dll
0x00007ffb89980000 - 0x00007ffb89a80000 	C:\Windows\System32\ucrtbase.dll
0x00007ffb80f40000 - 0x00007ffb80f58000 	c:\Users\Sowmya\.vscode\extensions\redhat.java-1.5.0-win32-x64\jre\17.0.2-win32-x86_64\bin\jli.dll
0x00007ffb80960000 - 0x00007ffb80979000 	c:\Users\Sowmya\.vscode\extensions\redhat.java-1.5.0-win32-x64\jre\17.0.2-win32-x86_64\bin\VCRUNTIME140.dll
0x00007ffb8bad0000 - 0x00007ffb8bc70000 	C:\Windows\System32\USER32.dll
0x00007ffb89b20000 - 0x00007ffb89b42000 	C:\Windows\System32\win32u.dll
0x00007ffb7eb60000 - 0x00007ffb7edfa000 	C:\Windows\WinSxS\amd64_microsoft.windows.common-controls_6595b64144ccf1df_6.0.19041.1110_none_60b5254171f9507e\COMCTL32.dll
0x00007ffb8a310000 - 0x00007ffb8a3ae000 	C:\Windows\System32\msvcrt.dll
0x00007ffb8a490000 - 0x00007ffb8a4ba000 	C:\Windows\System32\GDI32.dll
0x00007ffb894f0000 - 0x00007ffb895fb000 	C:\Windows\System32\gdi32full.dll
0x00007ffb89a80000 - 0x00007ffb89b1d000 	C:\Windows\System32\msvcp_win.dll
0x00007ffb8a4c0000 - 0x00007ffb8a4f0000 	C:\Windows\System32\IMM32.DLL
0x00007ffb82a70000 - 0x00007ffb82a7c000 	c:\Users\Sowmya\.vscode\extensions\redhat.java-1.5.0-win32-x64\jre\17.0.2-win32-x86_64\bin\vcruntime140_1.dll
0x00007ffb74260000 - 0x00007ffb742f1000 	c:\Users\Sowmya\.vscode\extensions\redhat.java-1.5.0-win32-x64\jre\17.0.2-win32-x86_64\bin\msvcp140.dll
0x00007ffb2f500000 - 0x00007ffb30147000 	c:\Users\Sowmya\.vscode\extensions\redhat.java-1.5.0-win32-x64\jre\17.0.2-win32-x86_64\bin\server\jvm.dll
0x00007ffb8b9a0000 - 0x00007ffb8ba4e000 	C:\Windows\System32\ADVAPI32.dll
0x00007ffb8bc70000 - 0x00007ffb8bd0c000 	C:\Windows\System32\sechost.dll
0x00007ffb8a1e0000 - 0x00007ffb8a305000 	C:\Windows\System32\RPCRT4.dll
0x00007ffb8a480000 - 0x00007ffb8a488000 	C:\Windows\System32\PSAPI.DLL
0x00007ffb7f290000 - 0x00007ffb7f29a000 	C:\Windows\SYSTEM32\VERSION.dll
0x00007ffb745d0000 - 0x00007ffb745f7000 	C:\Windows\SYSTEM32\WINMM.dll
0x00007ffb723f0000 - 0x00007ffb723f9000 	C:\Windows\SYSTEM32\WSOCK32.dll
0x00007ffb8adb0000 - 0x00007ffb8ae1b000 	C:\Windows\System32\WS2_32.dll
0x00007ffb87d50000 - 0x00007ffb87d62000 	C:\Windows\SYSTEM32\kernel.appcore.dll
0x00007ffb81cc0000 - 0x00007ffb81cca000 	c:\Users\Sowmya\.vscode\extensions\redhat.java-1.5.0-win32-x64\jre\17.0.2-win32-x86_64\bin\jimage.dll
0x00007ffb872a0000 - 0x00007ffb87484000 	C:\Windows\SYSTEM32\DBGHELP.DLL
0x00007ffb7fbc0000 - 0x00007ffb7fbec000 	C:\Windows\SYSTEM32\dbgcore.DLL
0x00007ffb89cb0000 - 0x00007ffb89d32000 	C:\Windows\System32\bcryptPrimitives.dll
0x00007ffb74230000 - 0x00007ffb74255000 	c:\Users\Sowmya\.vscode\extensions\redhat.java-1.5.0-win32-x64\jre\17.0.2-win32-x86_64\bin\java.dll
0x00007ffb80920000 - 0x00007ffb80938000 	c:\Users\Sowmya\.vscode\extensions\redhat.java-1.5.0-win32-x64\jre\17.0.2-win32-x86_64\bin\zip.dll
0x00007ffb8b120000 - 0x00007ffb8b864000 	C:\Windows\System32\SHELL32.dll
0x00007ffb87570000 - 0x00007ffb87d04000 	C:\Windows\SYSTEM32\windows.storage.dll
0x00007ffb89db0000 - 0x00007ffb8a104000 	C:\Windows\System32\combase.dll
0x00007ffb88ee0000 - 0x00007ffb88f0c000 	C:\Windows\SYSTEM32\Wldp.dll
0x00007ffb8b070000 - 0x00007ffb8b11d000 	C:\Windows\System32\SHCORE.dll
0x00007ffb8afb0000 - 0x00007ffb8b005000 	C:\Windows\System32\shlwapi.dll
0x00007ffb893b0000 - 0x00007ffb893cf000 	C:\Windows\SYSTEM32\profapi.dll
0x00007ffb80380000 - 0x00007ffb80399000 	C:\Users\Sowmya\.vscode\extensions\redhat.java-1.5.0-win32-x64\jre\17.0.2-win32-x86_64\bin\net.dll
0x00007ffb85f70000 - 0x00007ffb8607a000 	C:\Windows\SYSTEM32\WINHTTP.dll
0x00007ffb88c40000 - 0x00007ffb88caa000 	C:\Windows\system32\mswsock.dll
0x00007ffb7f270000 - 0x00007ffb7f285000 	C:\Users\Sowmya\.vscode\extensions\redhat.java-1.5.0-win32-x64\jre\17.0.2-win32-x86_64\bin\nio.dll
0x00007ffb88e30000 - 0x00007ffb88e48000 	C:\Windows\SYSTEM32\CRYPTSP.dll
0x00007ffb88550000 - 0x00007ffb88584000 	C:\Windows\system32\rsaenh.dll
0x00007ffb89470000 - 0x00007ffb89497000 	C:\Windows\System32\bcrypt.dll
0x00007ffb89330000 - 0x00007ffb8935e000 	C:\Windows\SYSTEM32\USERENV.dll
0x00007ffb88e50000 - 0x00007ffb88e5c000 	C:\Windows\SYSTEM32\CRYPTBASE.dll
0x00007ffb888e0000 - 0x00007ffb8891b000 	C:\Windows\SYSTEM32\IPHLPAPI.DLL
0x00007ffb8ae20000 - 0x00007ffb8ae28000 	C:\Windows\System32\NSI.dll
0x00007ffb7fba0000 - 0x00007ffb7fbb7000 	C:\Windows\SYSTEM32\dhcpcsvc6.DLL
0x00007ffb80430000 - 0x00007ffb8044d000 	C:\Windows\SYSTEM32\dhcpcsvc.DLL
0x00007ffb88920000 - 0x00007ffb889eb000 	C:\Windows\SYSTEM32\DNSAPI.dll
0x00007ffb6a2f0000 - 0x00007ffb6a32e000 	C:\Users\Sowmya\AppData\Roaming\Code\User\globalStorage\redhat.java\1.5.0\config_win\org.eclipse.equinox.launcher\org.eclipse.equinox.launcher.win32.win32.x86_64_1.2.400.v20211117-0650\eclipse_11602.dll
0x00007ffb8b870000 - 0x00007ffb8b99a000 	C:\Windows\System32\ole32.dll
0x00007ffb81bb0000 - 0x00007ffb81bc0000 	c:\Users\Sowmya\.vscode\extensions\redhat.java-1.5.0-win32-x64\jre\17.0.2-win32-x86_64\bin\verify.dll
0x00007ffb66ee0000 - 0x00007ffb66f24000 	C:\Users\Sowmya\AppData\Local\Temp\jna--1812583206\jna14515993339188284569.dll

dbghelp: loaded successfully - version: 4.0.5 - missing functions: none
symbol engine: initialized successfully - sym options: 0x614 - pdb path: .;c:\Users\Sowmya\.vscode\extensions\redhat.java-1.5.0-win32-x64\jre\17.0.2-win32-x86_64\bin;C:\Windows\SYSTEM32;C:\Windows\WinSxS\amd64_microsoft.windows.common-controls_6595b64144ccf1df_6.0.19041.1110_none_60b5254171f9507e;c:\Users\Sowmya\.vscode\extensions\redhat.java-1.5.0-win32-x64\jre\17.0.2-win32-x86_64\bin\server;C:\Users\Sowmya\AppData\Roaming\Code\User\globalStorage\redhat.java\1.5.0\config_win\org.eclipse.equinox.launcher\org.eclipse.equinox.launcher.win32.win32.x86_64_1.2.400.v20211117-0650;C:\Users\Sowmya\AppData\Local\Temp\jna--1812583206

VM Arguments:
jvm_args: --add-modules=ALL-SYSTEM --add-opens=java.base/java.util=ALL-UNNAMED --add-opens=java.base/java.lang=ALL-UNNAMED --add-opens=java.base/sun.nio.fs=ALL-UNNAMED -Declipse.application=org.eclipse.jdt.ls.core.id1 -Dosgi.bundles.defaultStartLevel=4 -Declipse.product=org.eclipse.jdt.ls.core.product -Djava.import.generatesMetadataFilesAtProjectRoot=false -Dfile.encoding=utf8 -DwatchParentProcess=false -XX:+UseParallelGC -XX:GCTimeRatio=4 -XX:AdaptiveSizePolicyWeight=90 -Dsun.zip.disableMemoryMapping=true -Xmx1G -Xms100m -XX:+HeapDumpOnOutOfMemoryError -XX:HeapDumpPath=c:\Users\Sowmya\AppData\Roaming\Code\User\workspaceStorage\a2e44e745db7a7ec8c776fd52169024d\redhat.java 
java_command: c:\Users\Sowmya\.vscode\extensions\redhat.java-1.5.0-win32-x64\server\plugins\org.eclipse.equinox.launcher_1.6.400.v20210924-0641.jar -configuration c:\Users\Sowmya\AppData\Roaming\Code\User\globalStorage\redhat.java\1.5.0\config_win -data c:\Users\Sowmya\AppData\Roaming\Code\User\workspaceStorage\a2e44e745db7a7ec8c776fd52169024d\redhat.java\jdt_ws
java_class_path (initial): c:\Users\Sowmya\.vscode\extensions\redhat.java-1.5.0-win32-x64\server\plugins\org.eclipse.equinox.launcher_1.6.400.v20210924-0641.jar
Launcher Type: SUN_STANDARD

[Global flags]
    uintx AdaptiveSizePolicyWeight                 = 90                                        {product} {command line}
     intx CICompilerCount                          = 4                                         {product} {ergonomic}
    uintx GCTimeRatio                              = 4                                         {product} {command line}
     bool HeapDumpOnOutOfMemoryError               = true                                   {manageable} {command line}
    ccstr HeapDumpPath                             = c:\Users\Sowmya\AppData\Roaming\Code\User\workspaceStorage\a2e44e745db7a7ec8c776fd52169024d\redhat.java         {manageable} {command line}
   size_t InitialHeapSize                          = 104857600                                 {product} {command line}
   size_t MaxHeapSize                              = 1073741824                                {product} {command line}
   size_t MaxNewSize                               = 357564416                                 {product} {ergonomic}
   size_t MinHeapDeltaBytes                        = 524288                                    {product} {ergonomic}
   size_t MinHeapSize                              = 104857600                                 {product} {command line}
   size_t NewSize                                  = 34603008                                  {product} {ergonomic}
    uintx NonNMethodCodeHeapSize                   = 5839372                                {pd product} {ergonomic}
    uintx NonProfiledCodeHeapSize                  = 122909434                              {pd product} {ergonomic}
   size_t OldSize                                  = 70254592                                  {product} {ergonomic}
    uintx ProfiledCodeHeapSize                     = 122909434                              {pd product} {ergonomic}
    uintx ReservedCodeCacheSize                    = 251658240                              {pd product} {ergonomic}
     bool SegmentedCodeCache                       = true                                      {product} {ergonomic}
   size_t SoftMaxHeapSize                          = 1073741824                             {manageable} {ergonomic}
     bool UseCompressedClassPointers               = true                           {product lp64_product} {ergonomic}
     bool UseCompressedOops                        = true                           {product lp64_product} {ergonomic}
     bool UseLargePagesIndividualAllocation        = false                                  {pd product} {ergonomic}
     bool UseParallelGC                            = true                                      {product} {command line}

Logging:
Log output configuration:
 #0: stdout all=warning uptime,level,tags
 #1: stderr all=off uptime,level,tags

Environment Variables:
PATH=C:\Program Files (x86)\Common Files\Oracle\Java\javapath;C:\Windows\system32;C:\Windows;C:\Windows\System32\Wbem;C:\Windows\System32\WindowsPowerShell\v1.0\;C:\Windows\System32\OpenSSH\;C:\Program Files\Intel\WiFi\bin\;C:\Program Files\Common Files\Intel\WirelessCommon\;C:\Program Files\nodejs\;C:\Git\cmd;C:\Users\Sowmya\AppData\Local\Microsoft\WindowsApps;;C:\Users\Sowmya\Downloads\Microsoft VS Code\bin;C:\Users\Sowmya\AppData\Roaming\npm
USERNAME=Sowmya
OS=Windows_NT
PROCESSOR_IDENTIFIER=Intel64 Family 6 Model 142 Stepping 10, GenuineIntel



---------------  S Y S T E M  ---------------

OS:
 Windows 10 , 64 bit Build 19041 (10.0.19041.1645)
OS uptime: 0 days 3:27 hours

CPU: total 8 (initial active 8) (4 cores per cpu, 2 threads per core) family 6 model 142 stepping 10 microcode 0xec, cx8, cmov, fxsr, ht, mmx, 3dnowpref, sse, sse2, sse3, ssse3, sse4.1, sse4.2, popcnt, lzcnt, tsc, tscinvbit, avx, avx2, aes, erms, clmul, bmi1, bmi2, adx, fma, vzeroupper, clflush, clflushopt

Memory: 4k page, system-wide physical 16238M (9484M free)
TotalPageFile size 18670M (AvailPageFile size 10876M)
current process WorkingSet (physical memory assigned to process): 230M, peak: 237M
current process commit charge ("private bytes"): 323M, peak: 334M

vm_info: OpenJDK 64-Bit Server VM (17.0.2+8) for windows-amd64 JRE (17.0.2+8), built on Jan 20 2022 04:52:34 by "" with MS VC++ 16.7 (VS2019)

END.
