#
# A fatal error has been detected by the Java Runtime Environment:
#
#  EXCEPTION_ACCESS_VIOLATION (0xc0000005) at pc=0x00007ffb2fd206c7, pid=4444, tid=10532
#
# JRE version: OpenJDK Runtime Environment Temurin-17.0.2+8 (17.0.2+8) (build 17.0.2+8)
# Java VM: OpenJDK 64-Bit Server VM Temurin-17.0.2+8 (17.0.2+8, mixed mode, tiered, compressed oops, compressed class ptrs, parallel gc, windows-amd64)
# Problematic frame:
# V  [jvm.dll+0x8206c7]
#
# No core dump will be written. Minidumps are not enabled by default on client versions of Windows
#
# If you would like to submit a bug report, please visit:
#   https://github.com/adoptium/adoptium-support/issues
#

---------------  S U M M A R Y ------------

Command Line: --add-modules=ALL-SYSTEM --add-opens=java.base/java.util=ALL-UNNAMED --add-opens=java.base/java.lang=ALL-UNNAMED --add-opens=java.base/sun.nio.fs=ALL-UNNAMED -Declipse.application=org.eclipse.jdt.ls.core.id1 -Dosgi.bundles.defaultStartLevel=4 -Declipse.product=org.eclipse.jdt.ls.core.product -Djava.import.generatesMetadataFilesAtProjectRoot=false -Dfile.encoding=utf8 -DwatchParentProcess=false -XX:+UseParallelGC -XX:GCTimeRatio=4 -XX:AdaptiveSizePolicyWeight=90 -Dsun.zip.disableMemoryMapping=true -Xmx1G -Xms100m -XX:+HeapDumpOnOutOfMemoryError -XX:HeapDumpPath=c:\Users\Sowmya\AppData\Roaming\Code\User\workspaceStorage\a2e44e745db7a7ec8c776fd52169024d\redhat.java c:\Users\Sowmya\.vscode\extensions\redhat.java-1.5.0-win32-x64\server\plugins\org.eclipse.equinox.launcher_1.6.400.v20210924-0641.jar -configuration c:\Users\Sowmya\AppData\Roaming\Code\User\globalStorage\redhat.java\1.5.0\config_win -data c:\Users\Sowmya\AppData\Roaming\Code\User\workspaceStorage\a2e44e745db7a7ec8c776fd52169024d\redhat.java\jdt_ws

Host: Intel(R) Core(TM) i5-8250U CPU @ 1.60GHz, 8 cores, 15G,  Windows 10 , 64 bit Build 19041 (10.0.19041.1645)
Time: Mon May  2 18:37:27 2022 Pacific Daylight Time elapsed time: 182.302939 seconds (0d 0h 3m 2s)

---------------  T H R E A D  ---------------

Current thread (0x000002e3d44668b0):  JavaThread "ForkJoinPool.commonPool-worker-4" daemon [_thread_in_vm, id=10532, stack(0x000000f5e4200000,0x000000f5e4300000)]

Stack: [0x000000f5e4200000,0x000000f5e4300000],  sp=0x000000f5e42fa990,  free space=1002k
Native frames: (J=compiled Java code, j=interpreted, Vv=VM code, C=native code)
V  [jvm.dll+0x8206c7]
V  [jvm.dll+0x823caa]
V  [jvm.dll+0x81d2dc]
V  [jvm.dll+0x36f98c]
V  [jvm.dll+0x36eb72]
V  [jvm.dll+0x36eb18]
V  [jvm.dll+0x37e90a]
C  0x000002e3bedaaf44

Java frames: (J=compiled Java code, j=interpreted, Vv=VM code)
j  org.eclipse.jdt.internal.compiler.parser.JavadocParser.checkDeprecation(I)Z+77
j  org.eclipse.jdt.internal.core.util.CommentRecorderParser.checkComment()V+167
J 6762 c1 org.eclipse.jdt.internal.compiler.parser.Parser.consumeDefaultModifiers()V (47 bytes) @ 0x000002e3c012ac04 [0x000002e3c012ab00+0x0000000000000104]
j  org.eclipse.jdt.internal.compiler.parser.Parser.consumeRule(I)V+6530
J 6817 c2 org.eclipse.jdt.internal.compiler.parser.Parser.parse()V (907 bytes) @ 0x000002e3c6ba73e4 [0x000002e3c6ba7240+0x00000000000001a4]
J 6379 c1 org.eclipse.jdt.internal.compiler.parser.Parser.parse(Lorg/eclipse/jdt/internal/compiler/env/ICompilationUnit;Lorg/eclipse/jdt/internal/compiler/CompilationResult;II)Lorg/eclipse/jdt/internal/compiler/ast/CompilationUnitDeclaration; (252 bytes) @ 0x000002e3bffee734 [0x000002e3bffedb40+0x0000000000000bf4]
J 6378 c1 org.eclipse.jdt.internal.compiler.parser.Parser.parse(Lorg/eclipse/jdt/internal/compiler/env/ICompilationUnit;Lorg/eclipse/jdt/internal/compiler/CompilationResult;)Lorg/eclipse/jdt/internal/compiler/ast/CompilationUnitDeclaration; (9 bytes) @ 0x000002e3bffe7644 [0x000002e3bffe7540+0x0000000000000104]
J 6926 c1 org.eclipse.jdt.internal.compiler.parser.Parser.dietParse(Lorg/eclipse/jdt/internal/compiler/env/ICompilationUnit;Lorg/eclipse/jdt/internal/compiler/CompilationResult;)Lorg/eclipse/jdt/internal/compiler/ast/CompilationUnitDeclaration; (63 bytes) @ 0x000002e3c01b7ed4 [0x000002e3c01b7dc0+0x0000000000000114]
j  org.eclipse.jdt.core.dom.CompilationUnitResolver.parse(Lorg/eclipse/jdt/internal/compiler/env/ICompilationUnit;Lorg/eclipse/jdt/core/dom/NodeSearcher;Ljava/util/Map;ILorg/eclipse/jdt/core/IJavaProject;)Lorg/eclipse/jdt/internal/compiler/ast/CompilationUnitDeclaration;+148
j  org.eclipse.jdt.core.dom.ASTParser.internalCreateAST(Lorg/eclipse/core/runtime/IProgressMonitor;)Lorg/eclipse/jdt/core/dom/ASTNode;+986
j  org.eclipse.jdt.core.dom.ASTParser.createAST(Lorg/eclipse/core/runtime/IProgressMonitor;)Lorg/eclipse/jdt/core/dom/ASTNode;+39
j  org.eclipse.jdt.ls.core.internal.javadoc.JavadocContentAccess2.createAST(Lorg/eclipse/jdt/core/IJavaElement;Ljava/lang/String;)Lorg/eclipse/jdt/core/dom/CompilationUnit;+62
j  org.eclipse.jdt.ls.core.internal.javadoc.JavadocContentAccess2.getJavadocNode(Lorg/eclipse/jdt/core/IJavaElement;Ljava/lang/String;)Lorg/eclipse/jdt/core/dom/Javadoc;+23
j  org.eclipse.jdt.ls.core.internal.javadoc.JavadocContentAccess2.javadoc2HTML(Lorg/eclipse/jdt/core/IMember;Lorg/eclipse/jdt/core/IJavaElement;Ljava/lang/String;)Ljava/lang/String;+2
j  org.eclipse.jdt.ls.core.internal.javadoc.JavadocContentAccess2.getHTMLContentFromSource(Lorg/eclipse/jdt/core/IJavaElement;)Ljava/lang/String;+148
j  org.eclipse.jdt.ls.core.internal.javadoc.JavadocContentAccess2.getHTMLContent(Lorg/eclipse/jdt/core/IJavaElement;Z)Ljava/lang/String;+66
j  org.eclipse.jdt.ls.core.internal.javadoc.JavadocContentAccess2.getMarkdownContentReader(Lorg/eclipse/jdt/core/IJavaElement;)Ljava/io/Reader;+2
j  org.eclipse.jdt.ls.core.internal.HoverInfoProvider.computeJavadoc(Lorg/eclipse/jdt/core/IJavaElement;)Lorg/eclipse/lsp4j/MarkedString;+65
j  org.eclipse.jdt.ls.core.internal.HoverInfoProvider.computeHover(IILorg/eclipse/core/runtime/IProgressMonitor;)Ljava/util/List;+327
j  org.eclipse.jdt.ls.core.internal.handlers.HoverHandler.computeHover(Lorg/eclipse/jdt/core/ITypeRoot;IILorg/eclipse/core/runtime/IProgressMonitor;)Ljava/util/List;+20
j  org.eclipse.jdt.ls.core.internal.handlers.HoverHandler.hover(Lorg/eclipse/lsp4j/TextDocumentPositionParams;Lorg/eclipse/core/runtime/IProgressMonitor;)Lorg/eclipse/lsp4j/Hover;+90
j  org.eclipse.jdt.ls.core.internal.handlers.JDTLanguageServer.lambda$7(Lorg/eclipse/jdt/ls/core/internal/handlers/HoverHandler;Lorg/eclipse/lsp4j/HoverParams;Lorg/eclipse/core/runtime/IProgressMonitor;)Lorg/eclipse/lsp4j/Hover;+3
j  org.eclipse.jdt.ls.core.internal.handlers.JDTLanguageServer$$Lambda$310+0x0000000100483778.apply(Ljava/lang/Object;)Ljava/lang/Object;+12
j  org.eclipse.jdt.ls.core.internal.BaseJDTLanguageServer.lambda$0(Ljava/util/function/Function;Lorg/eclipse/lsp4j/jsonrpc/CancelChecker;)Ljava/lang/Object;+6
j  org.eclipse.jdt.ls.core.internal.BaseJDTLanguageServer$$Lambda$311+0x00000001004839b8.apply(Ljava/lang/Object;)Ljava/lang/Object;+12
j  java.util.concurrent.CompletableFuture$UniApply.tryFire(I)Ljava/util/concurrent/CompletableFuture;+106 java.base@17.0.2
j  java.util.concurrent.CompletableFuture$Completion.exec()Z+2 java.base@17.0.2
j  java.util.concurrent.ForkJoinTask.doExec()I+10 java.base@17.0.2
j  java.util.concurrent.ForkJoinPool$WorkQueue.topLevelExec(Ljava/util/concurrent/ForkJoinTask;Ljava/util/concurrent/ForkJoinPool$WorkQueue;)V+13 java.base@17.0.2
J 6537 c1 java.util.concurrent.ForkJoinPool.scan(Ljava/util/concurrent/ForkJoinPool$WorkQueue;II)I java.base@17.0.2 (235 bytes) @ 0x000002e3c0053ffc [0x000002e3c0053320+0x0000000000000cdc]
j  java.util.concurrent.ForkJoinPool.runWorker(Ljava/util/concurrent/ForkJoinPool$WorkQueue;)V+53 java.base@17.0.2
j  java.util.concurrent.ForkJoinWorkerThread.run()V+31 java.base@17.0.2
v  ~StubRoutines::call_stub

siginfo: EXCEPTION_ACCESS_VIOLATION (0xc0000005), reading address 0xffffffffffffffff


Register to memory mapping:

RIP=0x00007ffb2fd206c7 jvm.dll
RAX=0x004402e3d4a3f850 is an unknown value
RBX=0x000000f5e42faca0 is pointing into the stack for thread: 0x000002e3d44668b0
RCX=0x000000f5e42fac20 is pointing into the stack for thread: 0x000002e3d44668b0
RDX=0x0000000000000018 is an unknown value
RSP=0x000000f5e42fa990 is pointing into the stack for thread: 0x000002e3d44668b0
RBP=0x000000f5e42faa90 is pointing into the stack for thread: 0x000002e3d44668b0
RSI=0x000002e3d44668b0 is a thread
RDI=0x000000f5e42fb970 is pointing into the stack for thread: 0x000002e3d44668b0
R8 =0x0 is NULL
R9 =0x00007ffb2fc53bda jvm.dll
R10=0x00007ffb2f500000 jvm.dll
R11=0x0 is NULL
R12=0x000002e3d3204a90 points into unknown readable memory: 0x0000000000000002 | 02 00 00 00 00 00 00 00
R13=0x00000000000000b6 is an unknown value
R14=0x0000000000000002 is an unknown value
R15=0x000000000000010b is an unknown value


Registers:
RAX=0x004402e3d4a3f850, RBX=0x000000f5e42faca0, RCX=0x000000f5e42fac20, RDX=0x0000000000000018
RSP=0x000000f5e42fa990, RBP=0x000000f5e42faa90, RSI=0x000002e3d44668b0, RDI=0x000000f5e42fb970
R8 =0x0000000000000000, R9 =0x00007ffb2fc53bda, R10=0x00007ffb2f500000, R11=0x0000000000000000
R12=0x000002e3d3204a90, R13=0x00000000000000b6, R14=0x0000000000000002, R15=0x000000000000010b
RIP=0x00007ffb2fd206c7, EFLAGS=0x0000000000010297

Top of Stack: (sp=0x000000f5e42fa990)
0x000000f5e42fa990:   000000f5e42fc628 000002e3d44668b0
0x000000f5e42fa9a0:   000002e3d3204a90 000002e3d49b4b70
0x000000f5e42fa9b0:   000002e300000400 000002e3d44668b0
0x000000f5e42fa9c0:   000002e3d44668b0 000002e3d49f53a0
0x000000f5e42fa9d0:   000002e3d49f53a0 000002e3d398fc80
0x000000f5e42fa9e0:   000002e3d49b4bc0 0000000000000000
0x000000f5e42fa9f0:   000002e3d49f0140 004402e3d4a3f850
0x000000f5e42faa00:   0000000000000030 000002e3d49f50d8
0x000000f5e42faa10:   0000000000000030 00007ffb2fca0843
0x000000f5e42faa20:   000002e3d49f53a0 000002e3d4466800
0x000000f5e42faa30:   00000000000000f5 000002e3d49acdd0
0x000000f5e42faa40:   000002e3d44668b0 000000f5e42fab60
0x000000f5e42faa50:   000000f5e42facc8 00000000000001d8
0x000000f5e42faa60:   000002e3d4466800 000000f5e42faa80
0x000000f5e42faa70:   000002e3d44668b0 00007ffb2fc4d04b
0x000000f5e42faa80:   0000000b00000140 000002e3d497e2d0 

Instructions: (pc=0x00007ffb2fd206c7)
0x00007ffb2fd205c7:   0f 6f 0d 52 e6 19 00 4c 8d 05 1b 38 1b 00 44 89
0x00007ffb2fd205d7:   5c 24 74 48 8d 55 b0 66 44 89 5c 24 7c 66 0f 6f
0x00007ffb2fd205e7:   d1 66 44 89 5d 94 48 8b cf f3 0f 7f 4d 98 44 89
0x00007ffb2fd205f7:   7c 24 70 66 0f 15 d2 c7 44 24 78 09 00 00 00 0f
0x00007ffb2fd20607:   10 44 24 70 c7 45 90 09 00 00 00 0f 29 4d c0 0f
0x00007ffb2fd20617:   29 45 b0 0f 10 45 90 f2 0f 11 55 e0 0f 29 45 d0
0x00007ffb2fd20627:   e8 f4 e4 ff ff e9 7b 06 00 00 41 81 fd ba 00 00
0x00007ffb2fd20637:   00 0f 85 84 00 00 00 48 8b 01 48 63 49 10 48 8b
0x00007ffb2fd20647:   40 08 80 7c 08 33 00 75 07 80 7c 08 34 00 74 6b
0x00007ffb2fd20657:   66 0f 6f 0d c1 e5 19 00 4c 8d 05 c2 37 1b 00 44
0x00007ffb2fd20667:   89 5c 24 74 48 8d 55 b0 66 44 89 5c 24 7c 66 0f
0x00007ffb2fd20677:   6f d1 66 44 89 5d 94 48 8b cf f3 0f 7f 4d 98 44
0x00007ffb2fd20687:   89 7c 24 70 66 0f 15 d2 c7 44 24 78 09 00 00 00
0x00007ffb2fd20697:   0f 10 44 24 70 c7 45 90 09 00 00 00 0f 29 4d c0
0x00007ffb2fd206a7:   0f 29 45 b0 0f 10 45 90 f2 0f 11 55 e0 0f 29 45
0x00007ffb2fd206b7:   d0 e8 63 e4 ff ff e9 ea 05 00 00 48 8b 44 24 68
0x00007ffb2fd206c7:   80 78 06 3c 0f 85 81 00 00 00 41 81 fd b7 00 00
0x00007ffb2fd206d7:   00 75 0d 48 3b 05 4f 99 36 00 0f 84 f7 01 00 00
0x00007ffb2fd206e7:   66 0f 6f 0d 31 e5 19 00 4c 8d 05 72 37 1b 00 44
0x00007ffb2fd206f7:   89 5c 24 74 48 8d 55 b0 66 44 89 5c 24 7c 66 0f
0x00007ffb2fd20707:   6f d1 66 44 89 5d 94 48 8b cf f3 0f 7f 4d 98 44
0x00007ffb2fd20717:   89 7c 24 70 66 0f 15 d2 c7 44 24 78 09 00 00 00
0x00007ffb2fd20727:   0f 10 44 24 70 c7 45 90 09 00 00 00 0f 29 4d c0
0x00007ffb2fd20737:   0f 29 45 b0 0f 10 45 90 f2 0f 11 55 e0 0f 29 45
0x00007ffb2fd20747:   d0 e8 d3 e3 ff ff e9 5a 05 00 00 41 81 fd b7 00
0x00007ffb2fd20757:   00 00 0f 85 7f 01 00 00 4c 8b 45 a8 4c 8b 57 68
0x00007ffb2fd20767:   4c 3b 87 80 00 00 00 0f 84 6e 01 00 00 49 8b 8a
0x00007ffb2fd20777:   a0 01 00 00 48 85 c9 74 29 4c 63 09 4d 85 c9 7e
0x00007ffb2fd20787:   21 49 8b d3 48 83 c1 08 90 48 8b 01 4c 3b 40 18
0x00007ffb2fd20797:   0f 84 45 01 00 00 48 ff c2 48 83 c1 08 49 3b d1
0x00007ffb2fd207a7:   7c e7 49 8b 42 78 4c 3b 40 18 0f 84 2b 01 00 00
0x00007ffb2fd207b7:   48 8b 03 48 8d 55 00 0f b7 4c 24 60 45 33 c9 4c 


Stack slot to memory mapping:
stack at sp + 0 slots: 0x000000f5e42fc628 is pointing into the stack for thread: 0x000002e3d44668b0
stack at sp + 1 slots: 0x000002e3d44668b0 is a thread
stack at sp + 2 slots: 0x000002e3d3204a90 points into unknown readable memory: 0x0000000000000002 | 02 00 00 00 00 00 00 00
stack at sp + 3 slots: 0x000002e3d49b4b70 points into unknown readable memory: 0x726f003683730073 | 73 00 73 83 36 00 6f 72
stack at sp + 4 slots: 0x000002e300000400 is an unknown value
stack at sp + 5 slots: 0x000002e3d44668b0 is a thread
stack at sp + 6 slots: 0x000002e3d44668b0 is a thread
stack at sp + 7 slots: 0x000002e3d49f53a0 points into unknown readable memory: 0x726f003817e7000a | 0a 00 e7 17 38 00 6f 72


---------------  P R O C E S S  ---------------

Threads class SMR info:
_java_thread_list=0x000002e3d9ff3060, length=32, elements={
0x000002e3ba92e9c0, 0x000002e3d0705070, 0x000002e3d0707040, 0x000002e3d070e910,
0x000002e3d2cecd40, 0x000002e3d2cf0ae0, 0x000002e3d2cf1c80, 0x000002e3d2cf8940,
0x000002e3d2cf9a90, 0x000002e3d2cfaf40, 0x000002e3ba9f2d80, 0x000002e3d2f5d880,
0x000002e3d34fa7e0, 0x000002e3d3821cc0, 0x000002e3d441ed50, 0x000002e3d4413910,
0x000002e3d4773200, 0x000002e3d483e870, 0x000002e3d4465f10, 0x000002e3d4468590,
0x000002e3d4467250, 0x000002e3d44663e0, 0x000002e3d4467bf0, 0x000002e3d4468a60,
0x000002e3d44650a0, 0x000002e3d44668b0, 0x000002e3d477af70, 0x000002e3d4776740,
0x000002e3d4779290, 0x000002e3d477aaa0, 0x000002e3d3031370, 0x000002e3d3032cc0
}

Java Threads: ( => current thread )
  0x000002e3ba92e9c0 JavaThread "main" [_thread_blocked, id=7192, stack(0x000000f5e1700000,0x000000f5e1800000)]
  0x000002e3d0705070 JavaThread "Reference Handler" daemon [_thread_blocked, id=1052, stack(0x000000f5e1a00000,0x000000f5e1b00000)]
  0x000002e3d0707040 JavaThread "Finalizer" daemon [_thread_blocked, id=10584, stack(0x000000f5e1b00000,0x000000f5e1c00000)]
  0x000002e3d070e910 JavaThread "Signal Dispatcher" daemon [_thread_blocked, id=1940, stack(0x000000f5e1c00000,0x000000f5e1d00000)]
  0x000002e3d2cecd40 JavaThread "Attach Listener" daemon [_thread_blocked, id=4696, stack(0x000000f5e1d00000,0x000000f5e1e00000)]
  0x000002e3d2cf0ae0 JavaThread "Service Thread" daemon [_thread_blocked, id=12328, stack(0x000000f5e1e00000,0x000000f5e1f00000)]
  0x000002e3d2cf1c80 JavaThread "Monitor Deflation Thread" daemon [_thread_blocked, id=5520, stack(0x000000f5e1f00000,0x000000f5e2000000)]
  0x000002e3d2cf8940 JavaThread "C2 CompilerThread0" daemon [_thread_in_native, id=8784, stack(0x000000f5e2000000,0x000000f5e2100000)]
  0x000002e3d2cf9a90 JavaThread "C1 CompilerThread0" daemon [_thread_blocked, id=7748, stack(0x000000f5e2100000,0x000000f5e2200000)]
  0x000002e3d2cfaf40 JavaThread "Sweeper thread" daemon [_thread_blocked, id=4636, stack(0x000000f5e2200000,0x000000f5e2300000)]
  0x000002e3ba9f2d80 JavaThread "Common-Cleaner" daemon [_thread_blocked, id=12624, stack(0x000000f5e2300000,0x000000f5e2400000)]
  0x000002e3d2f5d880 JavaThread "Notification Thread" daemon [_thread_blocked, id=7100, stack(0x000000f5e2500000,0x000000f5e2600000)]
  0x000002e3d34fa7e0 JavaThread "Active Thread: Equinox Container: b5d70d19-e8dc-4f17-8aa0-a93b58648789" [_thread_blocked, id=3748, stack(0x000000f5e2800000,0x000000f5e2900000)]
  0x000002e3d3821cc0 JavaThread "Framework Event Dispatcher: Equinox Container: b5d70d19-e8dc-4f17-8aa0-a93b58648789" daemon [_thread_blocked, id=12208, stack(0x000000f5e2d00000,0x000000f5e2e00000)]
  0x000002e3d441ed50 JavaThread "Start Level: Equinox Container: b5d70d19-e8dc-4f17-8aa0-a93b58648789" daemon [_thread_blocked, id=10064, stack(0x000000f5e2e00000,0x000000f5e2f00000)]
  0x000002e3d4413910 JavaThread "SCR Component Actor" daemon [_thread_blocked, id=14784, stack(0x000000f5e2f00000,0x000000f5e3000000)]
  0x000002e3d4773200 JavaThread "Bundle File Closer" daemon [_thread_blocked, id=3624, stack(0x000000f5e3200000,0x000000f5e3300000)]
  0x000002e3d483e870 JavaThread "Worker-JM" [_thread_blocked, id=1120, stack(0x000000f5e3100000,0x000000f5e3200000)]
  0x000002e3d4465f10 JavaThread "Worker-0" [_thread_blocked, id=14788, stack(0x000000f5e3600000,0x000000f5e3700000)]
  0x000002e3d4468590 JavaThread "Worker-1" [_thread_blocked, id=11136, stack(0x000000f5e3700000,0x000000f5e3800000)]
  0x000002e3d4467250 JavaThread "Java indexing" daemon [_thread_blocked, id=13628, stack(0x000000f5e3900000,0x000000f5e3a00000)]
  0x000002e3d44663e0 JavaThread "pool-2-thread-1" [_thread_in_native, id=6404, stack(0x000000f5e3b00000,0x000000f5e3c00000)]
  0x000002e3d4467bf0 JavaThread "Worker-3" [_thread_blocked, id=13908, stack(0x000000f5e3d00000,0x000000f5e3e00000)]
  0x000002e3d4468a60 JavaThread "ForkJoinPool.commonPool-worker-1" daemon [_thread_blocked, id=4596, stack(0x000000f5e3f00000,0x000000f5e4000000)]
  0x000002e3d44650a0 JavaThread "ForkJoinPool.commonPool-worker-2" daemon [_thread_blocked, id=7888, stack(0x000000f5e4000000,0x000000f5e4100000)]
=>0x000002e3d44668b0 JavaThread "ForkJoinPool.commonPool-worker-4" daemon [_thread_in_vm, id=10532, stack(0x000000f5e4200000,0x000000f5e4300000)]
  0x000002e3d477af70 JavaThread "ForkJoinPool.commonPool-worker-6" daemon [_thread_blocked, id=4412, stack(0x000000f5e4300000,0x000000f5e4400000)]
  0x000002e3d4776740 JavaThread "ForkJoinPool.commonPool-worker-7" daemon [_thread_blocked, id=2688, stack(0x000000f5e4500000,0x000000f5e4600000)]
  0x000002e3d4779290 JavaThread "ForkJoinPool.commonPool-worker-8" daemon [_thread_blocked, id=10960, stack(0x000000f5e1400000,0x000000f5e1500000)]
  0x000002e3d477aaa0 JavaThread "ForkJoinPool.commonPool-worker-9" daemon [_thread_blocked, id=7108, stack(0x000000f5e1500000,0x000000f5e1600000)]
  0x000002e3d3031370 JavaThread "C2 CompilerThread1" daemon [_thread_in_native, id=8692, stack(0x000000f5e1600000,0x000000f5e1700000)]
  0x000002e3d3032cc0 JavaThread "C2 CompilerThread2" daemon [_thread_in_native, id=9072, stack(0x000000f5e3000000,0x000000f5e3100000)]

Other Threads:
  0x000002e3baa0ed30 VMThread "VM Thread" [stack: 0x000000f5e1900000,0x000000f5e1a00000] [id=13340]
  0x000002e3d2f5dd50 WatcherThread [stack: 0x000000f5e2600000,0x000000f5e2700000] [id=15032]
  0x000002e3ba948150 GCTaskThread "GC Thread#0" [stack: 0x000000f5e1800000,0x000000f5e1900000] [id=10328]
  0x000002e3d38210a0 GCTaskThread "GC Thread#1" [stack: 0x000000f5e2400000,0x000000f5e2500000] [id=13872]
  0x000002e3d3821350 GCTaskThread "GC Thread#2" [stack: 0x000000f5e2700000,0x000000f5e2800000] [id=11452]
  0x000002e3d3821600 GCTaskThread "GC Thread#3" [stack: 0x000000f5e2900000,0x000000f5e2a00000] [id=7632]
  0x000002e3d44253b0 GCTaskThread "GC Thread#4" [stack: 0x000000f5e2a00000,0x000000f5e2b00000] [id=88]
  0x000002e3d4425660 GCTaskThread "GC Thread#5" [stack: 0x000000f5e2b00000,0x000000f5e2c00000] [id=14756]
  0x000002e3d4425910 GCTaskThread "GC Thread#6" [stack: 0x000000f5e2c00000,0x000000f5e2d00000] [id=3412]
  0x000002e3d483dfd0 GCTaskThread "GC Thread#7" [stack: 0x000000f5e3500000,0x000000f5e3600000] [id=10872]

Threads with active compile tasks:
C2 CompilerThread0   182356 7083       4       org.eclipse.jdt.internal.compiler.parser.Parser::consumeRule (7765 bytes)
C2 CompilerThread1   182356 7097       4       org.eclipse.jdt.internal.compiler.parser.Scanner::getNextToken (179 bytes)
C2 CompilerThread2   182356 7082       4       org.eclipse.jdt.internal.core.util.Util::concatWith (53 bytes)

VM state: not at safepoint (normal execution)

VM Mutex/Monitor currently owned by a thread: None

Heap address: 0x00000000c0000000, size: 1024 MB, Compressed Oops mode: 32-bit

CDS archive(s) not mapped
Compressed class space mapped at: 0x0000000100000000-0x0000000140000000, reserved size: 1073741824
Narrow klass base: 0x0000000000000000, Narrow klass shift: 3, Narrow klass range: 0x140000000

GC Precious Log:
 CPUs: 8 total, 8 available
 Memory: 16238M
 Large Page Support: Disabled
 NUMA Support: Disabled
 Compressed Oops: Enabled (32-bit)
 Alignments: Space 512K, Generation 512K, Heap 2M
 Heap Min Capacity: 100M
 Heap Initial Capacity: 100M
 Heap Max Capacity: 1G
 Pre-touch: Disabled
 Parallel Workers: 8

Heap:
 PSYoungGen      total 25600K, used 4894K [0x00000000eab00000, 0x00000000ec800000, 0x0000000100000000)
  eden space 21504K, 6% used [0x00000000eab00000,0x00000000eac4b800,0x00000000ec000000)
  from space 4096K, 87% used [0x00000000ec400000,0x00000000ec77c010,0x00000000ec800000)
  to   space 4096K, 0% used [0x00000000ec000000,0x00000000ec000000,0x00000000ec400000)
 ParOldGen       total 68608K, used 30012K [0x00000000c0000000, 0x00000000c4300000, 0x00000000eab00000)
  object space 68608K, 43% used [0x00000000c0000000,0x00000000c1d4f298,0x00000000c4300000)
 Metaspace       used 60314K, committed 61120K, reserved 1105920K
  class space    used 6277K, committed 6656K, reserved 1048576K

Card table byte_map: [0x000002e3cdf80000,0x000002e3ce190000] _byte_map_base: 0x000002e3cd980000

Marking Bits: (ParMarkBitMap*) 0x00007ffb30083af0
 Begin Bits: [0x000002e3ce2f0000, 0x000002e3cf2f0000)
 End Bits:   [0x000002e3cf2f0000, 0x000002e3d02f0000)

Polling page: 0x000002e3baa10000

Metaspace:

Usage:
  Non-class:     52.77 MB used.
      Class:      6.13 MB used.
       Both:     58.90 MB used.

Virtual space:
  Non-class space:       56.00 MB reserved,      53.19 MB ( 95%) committed,  7 nodes.
      Class space:        1.00 GB reserved,       6.50 MB ( <1%) committed,  1 nodes.
             Both:        1.05 GB reserved,      59.69 MB (  6%) committed. 

Chunk freelists:
   Non-Class:  2.78 MB
       Class:  1.35 MB
        Both:  4.13 MB

MaxMetaspaceSize: unlimited
CompressedClassSpaceSize: 1.00 GB
Initial GC threshold: 21.00 MB
Current GC threshold: 97.31 MB
CDS: off
MetaspaceReclaimPolicy: balanced
 - commit_granule_bytes: 65536.
 - commit_granule_words: 8192.
 - virtual_space_node_default_size: 1048576.
 - enlarge_chunks_in_place: 1.
 - new_chunks_are_fully_committed: 0.
 - uncommit_free_chunks: 1.
 - use_allocation_guard: 0.
 - handle_deallocations: 1.


Internal statistics:

num_allocs_failed_limit: 9.
num_arena_births: 356.
num_arena_deaths: 0.
num_vsnodes_births: 8.
num_vsnodes_deaths: 0.
num_space_committed: 955.
num_space_uncommitted: 0.
num_chunks_returned_to_freelist: 9.
num_chunks_taken_from_freelist: 2671.
num_chunk_merges: 9.
num_chunk_splits: 1707.
num_chunks_enlarged: 1019.
num_purges: 0.
num_inconsistent_stats: 0.

CodeHeap 'non-profiled nmethods': size=120000Kb used=3150Kb max_used=3606Kb free=116849Kb
 bounds [0x000002e3c6860000, 0x000002e3c6bf0000, 0x000002e3cdd90000]
CodeHeap 'profiled nmethods': size=120000Kb used=12882Kb max_used=15305Kb free=107117Kb
 bounds [0x000002e3bf330000, 0x000002e3c0230000, 0x000002e3c6860000]
CodeHeap 'non-nmethods': size=5760Kb used=1336Kb max_used=1444Kb free=4423Kb
 bounds [0x000002e3bed90000, 0x000002e3bf000000, 0x000002e3bf330000]
 total_blobs=6526 nmethods=5853 adapters=584
 compilation: enabled
              stopped_count=0, restarted_count=0
 full_count=0

Compilation events (20 events):
Event: 182.278 Thread 0x000002e3d2cf9a90 nmethod 7102 0x000002e3bf5dad10 code [0x000002e3bf5db0c0, 0x000002e3bf5dd168]
Event: 182.278 Thread 0x000002e3d2cf9a90 7103       3       org.eclipse.jdt.internal.compiler.parser.Parser::consumeFormalParameter (657 bytes)
Event: 182.282 Thread 0x000002e3d2cf9a90 nmethod 7103 0x000002e3bf9aaa10 code [0x000002e3bf9aad80, 0x000002e3bf9acd98]
Event: 182.282 Thread 0x000002e3d2cf9a90 7104       3       org.eclipse.jdt.internal.compiler.parser.Parser::consumeMethodHeaderExtendedDims (131 bytes)
Event: 182.283 Thread 0x000002e3d2cf9a90 nmethod 7104 0x000002e3bfa65010 code [0x000002e3bfa651e0, 0x000002e3bfa657d8]
Event: 182.283 Thread 0x000002e3d2cf9a90 7099   !   3       org.eclipse.core.internal.resources.ProjectContentTypes::usesContentTypePreferences (81 bytes)
Event: 182.287 Thread 0x000002e3d2cf9a90 nmethod 7099 0x000002e3bf90e490 code [0x000002e3bf90e700, 0x000002e3bf90f118]
Event: 182.287 Thread 0x000002e3d2cf9a90 7100       3       java.nio.charset.CharsetDecoder::onUnmappableCharacter (26 bytes)
Event: 182.288 Thread 0x000002e3d2cf9a90 nmethod 7100 0x000002e3bf392390 code [0x000002e3bf392540, 0x000002e3bf392848]
Event: 182.288 Thread 0x000002e3d2cf9a90 7101       3       java.nio.charset.CharsetDecoder::implOnUnmappableCharacter (1 bytes)
Event: 182.288 Thread 0x000002e3d2cf9a90 nmethod 7101 0x000002e3bf354890 code [0x000002e3bf354a20, 0x000002e3bf354b38]
Event: 182.293 Thread 0x000002e3d2cf8940 nmethod 7067% 0x000002e3c6b1a690 code [0x000002e3c6b1aa20, 0x000002e3c6b1cf18]
Event: 182.293 Thread 0x000002e3d2cf8940 7083       4       org.eclipse.jdt.internal.compiler.parser.Parser::consumeRule (7765 bytes)
Event: 182.294 Thread 0x000002e3d2cf9a90 7106       3       java.util.Arrays::binarySearch0 (83 bytes)
Event: 182.295 Thread 0x000002e3d2cf9a90 nmethod 7106 0x000002e3bf334390 code [0x000002e3bf334560, 0x000002e3bf3349e8]
Event: 182.295 Thread 0x000002e3d2cf9a90 7107       3       java.util.Hashtable::entrySet (28 bytes)
Event: 182.295 Thread 0x000002e3d2cf9a90 nmethod 7107 0x000002e3bf361d10 code [0x000002e3bf361f00, 0x000002e3bf362538]
Event: 182.295 Thread 0x000002e3d2cf9a90 7108       3       org.eclipse.core.internal.resources.Resource::getLocation (30 bytes)
Event: 182.296 Thread 0x000002e3d2cf9a90 nmethod 7108 0x000002e3bfc7ba10 code [0x000002e3bfc7bc40, 0x000002e3bfc7c6c8]
Event: 182.296 Thread 0x000002e3d2cf9a90 7109       3       org.eclipse.core.internal.localstore.FileSystemResourceManager::locationFor (17 bytes)

GC Heap History (20 events):
Event: 7.042 GC heap before
{Heap before GC invocations=14 (full 2):
 PSYoungGen      total 27648K, used 27636K [0x00000000eab00000, 0x00000000ecd80000, 0x0000000100000000)
  eden space 21504K, 100% used [0x00000000eab00000,0x00000000ec000000,0x00000000ec000000)
  from space 6144K, 99% used [0x00000000ec000000,0x00000000ec5fd0e8,0x00000000ec600000)
  to   space 6656K, 0% used [0x00000000ec700000,0x00000000ec700000,0x00000000ecd80000)
 ParOldGen       total 68608K, used 32611K [0x00000000c0000000, 0x00000000c4300000, 0x00000000eab00000)
  object space 68608K, 47% used [0x00000000c0000000,0x00000000c1fd8ed0,0x00000000c4300000)
 Metaspace       used 52049K, committed 52800K, reserved 1097728K
  class space    used 5644K, committed 5952K, reserved 1048576K
}
Event: 7.045 GC heap after
{Heap after GC invocations=14 (full 2):
 PSYoungGen      total 23040K, used 1038K [0x00000000eab00000, 0x00000000ec880000, 0x0000000100000000)
  eden space 21504K, 0% used [0x00000000eab00000,0x00000000eab00000,0x00000000ec000000)
  from space 1536K, 67% used [0x00000000ec700000,0x00000000ec803b40,0x00000000ec880000)
  to   space 3072K, 0% used [0x00000000ec280000,0x00000000ec280000,0x00000000ec580000)
 ParOldGen       total 68608K, used 32991K [0x00000000c0000000, 0x00000000c4300000, 0x00000000eab00000)
  object space 68608K, 48% used [0x00000000c0000000,0x00000000c2037fd0,0x00000000c4300000)
 Metaspace       used 52049K, committed 52800K, reserved 1097728K
  class space    used 5644K, committed 5952K, reserved 1048576K
}
Event: 7.088 GC heap before
{Heap before GC invocations=15 (full 2):
 PSYoungGen      total 23040K, used 21814K [0x00000000eab00000, 0x00000000ec880000, 0x0000000100000000)
  eden space 21504K, 96% used [0x00000000eab00000,0x00000000ebf49ff0,0x00000000ec000000)
  from space 1536K, 67% used [0x00000000ec700000,0x00000000ec803b40,0x00000000ec880000)
  to   space 3072K, 0% used [0x00000000ec280000,0x00000000ec280000,0x00000000ec580000)
 ParOldGen       total 68608K, used 32991K [0x00000000c0000000, 0x00000000c4300000, 0x00000000eab00000)
  object space 68608K, 48% used [0x00000000c0000000,0x00000000c2037fd0,0x00000000c4300000)
 Metaspace       used 52640K, committed 53376K, reserved 1097728K
  class space    used 5704K, committed 6016K, reserved 1048576K
}
Event: 7.091 GC heap after
{Heap after GC invocations=15 (full 2):
 PSYoungGen      total 24576K, used 656K [0x00000000eab00000, 0x00000000ec780000, 0x0000000100000000)
  eden space 21504K, 0% used [0x00000000eab00000,0x00000000eab00000,0x00000000ec000000)
  from space 3072K, 21% used [0x00000000ec280000,0x00000000ec324300,0x00000000ec580000)
  to   space 1536K, 0% used [0x00000000ec600000,0x00000000ec600000,0x00000000ec780000)
 ParOldGen       total 68608K, used 33718K [0x00000000c0000000, 0x00000000c4300000, 0x00000000eab00000)
  object space 68608K, 49% used [0x00000000c0000000,0x00000000c20edab8,0x00000000c4300000)
 Metaspace       used 52640K, committed 53376K, reserved 1097728K
  class space    used 5704K, committed 6016K, reserved 1048576K
}
Event: 7.422 GC heap before
{Heap before GC invocations=16 (full 2):
 PSYoungGen      total 24576K, used 22160K [0x00000000eab00000, 0x00000000ec780000, 0x0000000100000000)
  eden space 21504K, 100% used [0x00000000eab00000,0x00000000ec000000,0x00000000ec000000)
  from space 3072K, 21% used [0x00000000ec280000,0x00000000ec324300,0x00000000ec580000)
  to   space 1536K, 0% used [0x00000000ec600000,0x00000000ec600000,0x00000000ec780000)
 ParOldGen       total 68608K, used 33718K [0x00000000c0000000, 0x00000000c4300000, 0x00000000eab00000)
  object space 68608K, 49% used [0x00000000c0000000,0x00000000c20edab8,0x00000000c4300000)
 Metaspace       used 55851K, committed 56640K, reserved 1105920K
  class space    used 6001K, committed 6336K, reserved 1048576K
}
Event: 7.424 GC heap after
{Heap after GC invocations=16 (full 2):
 PSYoungGen      total 23040K, used 1514K [0x00000000eab00000, 0x00000000ec780000, 0x0000000100000000)
  eden space 21504K, 0% used [0x00000000eab00000,0x00000000eab00000,0x00000000ec000000)
  from space 1536K, 98% used [0x00000000ec600000,0x00000000ec77abf0,0x00000000ec780000)
  to   space 3584K, 0% used [0x00000000ec080000,0x00000000ec080000,0x00000000ec400000)
 ParOldGen       total 68608K, used 34946K [0x00000000c0000000, 0x00000000c4300000, 0x00000000eab00000)
  object space 68608K, 50% used [0x00000000c0000000,0x00000000c2220808,0x00000000c4300000)
 Metaspace       used 55851K, committed 56640K, reserved 1105920K
  class space    used 6001K, committed 6336K, reserved 1048576K
}
Event: 8.303 GC heap before
{Heap before GC invocations=17 (full 2):
 PSYoungGen      total 23040K, used 23018K [0x00000000eab00000, 0x00000000ec780000, 0x0000000100000000)
  eden space 21504K, 100% used [0x00000000eab00000,0x00000000ec000000,0x00000000ec000000)
  from space 1536K, 98% used [0x00000000ec600000,0x00000000ec77abf0,0x00000000ec780000)
  to   space 3584K, 0% used [0x00000000ec080000,0x00000000ec080000,0x00000000ec400000)
 ParOldGen       total 68608K, used 34946K [0x00000000c0000000, 0x00000000c4300000, 0x00000000eab00000)
  object space 68608K, 50% used [0x00000000c0000000,0x00000000c2220808,0x00000000c4300000)
 Metaspace       used 57529K, committed 58304K, reserved 1105920K
  class space    used 6149K, committed 6528K, reserved 1048576K
}
Event: 8.305 GC heap after
{Heap after GC invocations=17 (full 2):
 PSYoungGen      total 25088K, used 3207K [0x00000000eab00000, 0x00000000ec700000, 0x0000000100000000)
  eden space 21504K, 0% used [0x00000000eab00000,0x00000000eab00000,0x00000000ec000000)
  from space 3584K, 89% used [0x00000000ec080000,0x00000000ec3a1c70,0x00000000ec400000)
  to   space 3072K, 0% used [0x00000000ec400000,0x00000000ec400000,0x00000000ec700000)
 ParOldGen       total 68608K, used 35971K [0x00000000c0000000, 0x00000000c4300000, 0x00000000eab00000)
  object space 68608K, 52% used [0x00000000c0000000,0x00000000c2320e18,0x00000000c4300000)
 Metaspace       used 57529K, committed 58304K, reserved 1105920K
  class space    used 6149K, committed 6528K, reserved 1048576K
}
Event: 9.946 GC heap before
{Heap before GC invocations=18 (full 2):
 PSYoungGen      total 25088K, used 24711K [0x00000000eab00000, 0x00000000ec700000, 0x0000000100000000)
  eden space 21504K, 100% used [0x00000000eab00000,0x00000000ec000000,0x00000000ec000000)
  from space 3584K, 89% used [0x00000000ec080000,0x00000000ec3a1c70,0x00000000ec400000)
  to   space 3072K, 0% used [0x00000000ec400000,0x00000000ec400000,0x00000000ec700000)
 ParOldGen       total 68608K, used 35971K [0x00000000c0000000, 0x00000000c4300000, 0x00000000eab00000)
  object space 68608K, 52% used [0x00000000c0000000,0x00000000c2320e18,0x00000000c4300000)
 Metaspace       used 58460K, committed 59200K, reserved 1105920K
  class space    used 6197K, committed 6528K, reserved 1048576K
}
Event: 9.949 GC heap after
{Heap after GC invocations=18 (full 2):
 PSYoungGen      total 23040K, used 1264K [0x00000000eab00000, 0x00000000ec580000, 0x0000000100000000)
  eden space 21504K, 0% used [0x00000000eab00000,0x00000000eab00000,0x00000000ec000000)
  from space 1536K, 82% used [0x00000000ec400000,0x00000000ec53c010,0x00000000ec580000)
  to   space 2048K, 0% used [0x00000000ec180000,0x00000000ec180000,0x00000000ec380000)
 ParOldGen       total 68608K, used 39086K [0x00000000c0000000, 0x00000000c4300000, 0x00000000eab00000)
  object space 68608K, 56% used [0x00000000c0000000,0x00000000c262bad8,0x00000000c4300000)
 Metaspace       used 58460K, committed 59200K, reserved 1105920K
  class space    used 6197K, committed 6528K, reserved 1048576K
}
Event: 19.109 GC heap before
{Heap before GC invocations=19 (full 2):
 PSYoungGen      total 23040K, used 17203K [0x00000000eab00000, 0x00000000ec580000, 0x0000000100000000)
  eden space 21504K, 74% used [0x00000000eab00000,0x00000000eba90cf8,0x00000000ec000000)
  from space 1536K, 82% used [0x00000000ec400000,0x00000000ec53c010,0x00000000ec580000)
  to   space 2048K, 0% used [0x00000000ec180000,0x00000000ec180000,0x00000000ec380000)
 ParOldGen       total 68608K, used 39086K [0x00000000c0000000, 0x00000000c4300000, 0x00000000eab00000)
  object space 68608K, 56% used [0x00000000c0000000,0x00000000c262bad8,0x00000000c4300000)
 Metaspace       used 59004K, committed 59776K, reserved 1105920K
  class space    used 6215K, committed 6592K, reserved 1048576K
}
Event: 19.110 GC heap after
{Heap after GC invocations=19 (full 2):
 PSYoungGen      total 23552K, used 478K [0x00000000eab00000, 0x00000000ec480000, 0x0000000100000000)
  eden space 21504K, 0% used [0x00000000eab00000,0x00000000eab00000,0x00000000ec000000)
  from space 2048K, 23% used [0x00000000ec180000,0x00000000ec1f78b8,0x00000000ec380000)
  to   space 1024K, 0% used [0x00000000ec380000,0x00000000ec380000,0x00000000ec480000)
 ParOldGen       total 68608K, used 39979K [0x00000000c0000000, 0x00000000c4300000, 0x00000000eab00000)
  object space 68608K, 58% used [0x00000000c0000000,0x00000000c270ae38,0x00000000c4300000)
 Metaspace       used 59004K, committed 59776K, reserved 1105920K
  class space    used 6215K, committed 6592K, reserved 1048576K
}
Event: 19.110 GC heap before
{Heap before GC invocations=20 (full 3):
 PSYoungGen      total 23552K, used 478K [0x00000000eab00000, 0x00000000ec480000, 0x0000000100000000)
  eden space 21504K, 0% used [0x00000000eab00000,0x00000000eab00000,0x00000000ec000000)
  from space 2048K, 23% used [0x00000000ec180000,0x00000000ec1f78b8,0x00000000ec380000)
  to   space 1024K, 0% used [0x00000000ec380000,0x00000000ec380000,0x00000000ec480000)
 ParOldGen       total 68608K, used 39979K [0x00000000c0000000, 0x00000000c4300000, 0x00000000eab00000)
  object space 68608K, 58% used [0x00000000c0000000,0x00000000c270ae38,0x00000000c4300000)
 Metaspace       used 59004K, committed 59776K, reserved 1105920K
  class space    used 6215K, committed 6592K, reserved 1048576K
}
Event: 19.155 GC heap after
{Heap after GC invocations=20 (full 3):
 PSYoungGen      total 23552K, used 0K [0x00000000eab00000, 0x00000000ec480000, 0x0000000100000000)
  eden space 21504K, 0% used [0x00000000eab00000,0x00000000eab00000,0x00000000ec000000)
  from space 2048K, 0% used [0x00000000ec180000,0x00000000ec180000,0x00000000ec380000)
  to   space 1024K, 0% used [0x00000000ec380000,0x00000000ec380000,0x00000000ec480000)
 ParOldGen       total 68608K, used 26653K [0x00000000c0000000, 0x00000000c4300000, 0x00000000eab00000)
  object space 68608K, 38% used [0x00000000c0000000,0x00000000c1a07728,0x00000000c4300000)
 Metaspace       used 59004K, committed 59776K, reserved 1105920K
  class space    used 6215K, committed 6592K, reserved 1048576K
}
Event: 21.140 GC heap before
{Heap before GC invocations=21 (full 3):
 PSYoungGen      total 23552K, used 21504K [0x00000000eab00000, 0x00000000ec480000, 0x0000000100000000)
  eden space 21504K, 100% used [0x00000000eab00000,0x00000000ec000000,0x00000000ec000000)
  from space 2048K, 0% used [0x00000000ec180000,0x00000000ec180000,0x00000000ec380000)
  to   space 1024K, 0% used [0x00000000ec380000,0x00000000ec380000,0x00000000ec480000)
 ParOldGen       total 68608K, used 26653K [0x00000000c0000000, 0x00000000c4300000, 0x00000000eab00000)
  object space 68608K, 38% used [0x00000000c0000000,0x00000000c1a07728,0x00000000c4300000)
 Metaspace       used 59203K, committed 60032K, reserved 1105920K
  class space    used 6216K, committed 6592K, reserved 1048576K
}
Event: 21.141 GC heap after
{Heap after GC invocations=21 (full 3):
 PSYoungGen      total 22016K, used 192K [0x00000000eab00000, 0x00000000ec400000, 0x0000000100000000)
  eden space 21504K, 0% used [0x00000000eab00000,0x00000000eab00000,0x00000000ec000000)
  from space 512K, 37% used [0x00000000ec380000,0x00000000ec3b0000,0x00000000ec400000)
  to   space 512K, 0% used [0x00000000ec300000,0x00000000ec300000,0x00000000ec380000)
 ParOldGen       total 68608K, used 26661K [0x00000000c0000000, 0x00000000c4300000, 0x00000000eab00000)
  object space 68608K, 38% used [0x00000000c0000000,0x00000000c1a09728,0x00000000c4300000)
 Metaspace       used 59203K, committed 60032K, reserved 1105920K
  class space    used 6216K, committed 6592K, reserved 1048576K
}
Event: 33.808 GC heap before
{Heap before GC invocations=22 (full 3):
 PSYoungGen      total 22016K, used 21696K [0x00000000eab00000, 0x00000000ec400000, 0x0000000100000000)
  eden space 21504K, 100% used [0x00000000eab00000,0x00000000ec000000,0x00000000ec000000)
  from space 512K, 37% used [0x00000000ec380000,0x00000000ec3b0000,0x00000000ec400000)
  to   space 512K, 0% used [0x00000000ec300000,0x00000000ec300000,0x00000000ec380000)
 ParOldGen       total 68608K, used 26661K [0x00000000c0000000, 0x00000000c4300000, 0x00000000eab00000)
  object space 68608K, 38% used [0x00000000c0000000,0x00000000c1a09728,0x00000000c4300000)
 Metaspace       used 59634K, committed 60416K, reserved 1105920K
  class space    used 6217K, committed 6592K, reserved 1048576K
}
Event: 33.810 GC heap after
{Heap after GC invocations=22 (full 3):
 PSYoungGen      total 22016K, used 512K [0x00000000eab00000, 0x00000000ec800000, 0x0000000100000000)
  eden space 21504K, 0% used [0x00000000eab00000,0x00000000eab00000,0x00000000ec000000)
  from space 512K, 100% used [0x00000000ec300000,0x00000000ec380000,0x00000000ec380000)
  to   space 4096K, 0% used [0x00000000ec400000,0x00000000ec400000,0x00000000ec800000)
 ParOldGen       total 68608K, used 29506K [0x00000000c0000000, 0x00000000c4300000, 0x00000000eab00000)
  object space 68608K, 43% used [0x00000000c0000000,0x00000000c1cd0998,0x00000000c4300000)
 Metaspace       used 59634K, committed 60416K, reserved 1105920K
  class space    used 6217K, committed 6592K, reserved 1048576K
}
Event: 182.283 GC heap before
{Heap before GC invocations=23 (full 3):
 PSYoungGen      total 22016K, used 21228K [0x00000000eab00000, 0x00000000ec800000, 0x0000000100000000)
  eden space 21504K, 96% used [0x00000000eab00000,0x00000000ebf3b120,0x00000000ec000000)
  from space 512K, 100% used [0x00000000ec300000,0x00000000ec380000,0x00000000ec380000)
  to   space 4096K, 0% used [0x00000000ec400000,0x00000000ec400000,0x00000000ec800000)
 ParOldGen       total 68608K, used 29506K [0x00000000c0000000, 0x00000000c4300000, 0x00000000eab00000)
  object space 68608K, 43% used [0x00000000c0000000,0x00000000c1cd0998,0x00000000c4300000)
 Metaspace       used 60234K, committed 61056K, reserved 1105920K
  class space    used 6275K, committed 6656K, reserved 1048576K
}
Event: 182.286 GC heap after
{Heap after GC invocations=23 (full 3):
 PSYoungGen      total 25600K, used 3568K [0x00000000eab00000, 0x00000000ec800000, 0x0000000100000000)
  eden space 21504K, 0% used [0x00000000eab00000,0x00000000eab00000,0x00000000ec000000)
  from space 4096K, 87% used [0x00000000ec400000,0x00000000ec77c010,0x00000000ec800000)
  to   space 4096K, 0% used [0x00000000ec000000,0x00000000ec000000,0x00000000ec400000)
 ParOldGen       total 68608K, used 30012K [0x00000000c0000000, 0x00000000c4300000, 0x00000000eab00000)
  object space 68608K, 43% used [0x00000000c0000000,0x00000000c1d4f298,0x00000000c4300000)
 Metaspace       used 60234K, committed 61056K, reserved 1105920K
  class space    used 6275K, committed 6656K, reserved 1048576K
}

Deoptimization events (20 events):
Event: 182.195 Thread 0x000002e3d44668b0 Uncommon trap: trap_request=0xffffffde fr.pc=0x000002e3c6ba2a94 relative=0x00000000000013f4
Event: 182.195 Thread 0x000002e3d44668b0 Uncommon trap: reason=class_check action=maybe_recompile pc=0x000002e3c6ba2a94 method=org.eclipse.jdt.internal.compiler.parser.Scanner.jumpOverMethodBody()V @ 1936 c2
Event: 182.195 Thread 0x000002e3d44668b0 DEOPT PACKING pc=0x000002e3c6ba2a94 sp=0x000000f5e42fe080
Event: 182.195 Thread 0x000002e3d44668b0 DEOPT UNPACKING pc=0x000002e3bede20a3 sp=0x000000f5e42fe030 mode 2
Event: 182.200 Thread 0x000002e3d44668b0 Uncommon trap: trap_request=0xffffffde fr.pc=0x000002e3c6b5f0f4 relative=0x0000000000006cf4
Event: 182.200 Thread 0x000002e3d44668b0 Uncommon trap: reason=class_check action=maybe_recompile pc=0x000002e3c6b5f0f4 method=org.eclipse.jdt.internal.core.JavaElement.openWhenClosed(Ljava/lang/Object;ZLorg/eclipse/core/runtime/IProgressMonitor;)Ljava/lang/Object; @ 74 c2
Event: 182.200 Thread 0x000002e3d44668b0 DEOPT PACKING pc=0x000002e3c6b5f0f4 sp=0x000000f5e42fe230
Event: 182.200 Thread 0x000002e3d44668b0 DEOPT UNPACKING pc=0x000002e3bede20a3 sp=0x000000f5e42fe1f8 mode 2
Event: 182.215 Thread 0x000002e3d44668b0 Uncommon trap: trap_request=0xffffff45 fr.pc=0x000002e3c6a32880 relative=0x0000000000001020
Event: 182.215 Thread 0x000002e3d44668b0 Uncommon trap: reason=unstable_if action=reinterpret pc=0x000002e3c6a32880 method=org.eclipse.jdt.internal.core.index.DiskIndex.readStreamChars(Ljava/io/InputStream;)[C @ 1 c2
Event: 182.215 Thread 0x000002e3d44668b0 DEOPT PACKING pc=0x000002e3c6a32880 sp=0x000000f5e42fdaf0
Event: 182.215 Thread 0x000002e3d44668b0 DEOPT UNPACKING pc=0x000002e3bede20a3 sp=0x000000f5e42fdaa8 mode 2
Event: 182.227 Thread 0x000002e3d44668b0 Uncommon trap: trap_request=0xfffffff4 fr.pc=0x000002e3c6b66be8 relative=0x0000000000000608
Event: 182.227 Thread 0x000002e3d44668b0 Uncommon trap: reason=null_check action=make_not_entrant pc=0x000002e3c6b66be8 method=org.eclipse.jdt.internal.core.JavaProject.equals(Ljava/lang/Object;)Z @ 8 c2
Event: 182.228 Thread 0x000002e3d44668b0 DEOPT PACKING pc=0x000002e3c6b66be8 sp=0x000000f5e42fe490
Event: 182.228 Thread 0x000002e3d44668b0 DEOPT UNPACKING pc=0x000002e3bede20a3 sp=0x000000f5e42fe458 mode 2
Event: 182.295 Thread 0x000002e3d44668b0 Uncommon trap: trap_request=0xffffff45 fr.pc=0x000002e3c6bd9cdc relative=0x00000000000000bc
Event: 182.295 Thread 0x000002e3d44668b0 Uncommon trap: reason=unstable_if action=reinterpret pc=0x000002e3c6bd9cdc method=org.eclipse.jdt.internal.core.util.CommentRecorderParser.checkComment()V @ 202 c2
Event: 182.295 Thread 0x000002e3d44668b0 DEOPT PACKING pc=0x000002e3c6bd9cdc sp=0x000000f5e42fe0a0
Event: 182.295 Thread 0x000002e3d44668b0 DEOPT UNPACKING pc=0x000002e3bede20a3 sp=0x000000f5e42fe010 mode 2

Classes unloaded (0 events):
No events

Classes redefined (0 events):
No events

Internal exceptions (20 events):
Event: 7.459 Thread 0x000002e3d4467250 Exception <a 'sun/nio/fs/WindowsException'{0x00000000eade74f0}> (0x00000000eade74f0) 
thrown [e:\jenkins\tmp\workspace\build\src\src\hotspot\share\prims\jni.cpp, line 516]
Event: 7.493 Thread 0x000002e3d4465570 Exception <a 'java/lang/NoSuchMethodError'{0x00000000eb108518}: 'void java.lang.invoke.DirectMethodHandle$Holder.invokeVirtual(java.lang.Object, java.lang.Object)'> (0x00000000eb108518) 
thrown [e:\jenkins\tmp\workspace\build\src\src\hotspot\share\interpreter\linkResolver.cpp, line 766]
Event: 7.529 Thread 0x000002e3d477af70 Exception <a 'java/lang/ArrayIndexOutOfBoundsException'{0x00000000ebb48be8}: Index 1802 out of bounds for length 1801> (0x00000000ebb48be8) 
thrown [e:\jenkins\tmp\workspace\build\src\src\hotspot\share\interpreter\interpreterRuntime.cpp, line 428]
Event: 7.598 Thread 0x000002e3d4465570 Exception <a 'java/lang/NoSuchMethodError'{0x00000000ebce3858}: 'java.lang.Object java.lang.invoke.DirectMethodHandle$Holder.invokeStatic(java.lang.Object, int, java.lang.Object, java.lang.Object, java.lang.Object, java.lang.Object)'> (0x00000000ebce3858) 
thrown [e:\jenkins\tmp\workspace\build\src\src\hotspot\share\interpreter\linkResolver.cpp, line 766]
Event: 7.611 Thread 0x000002e3d4465570 Exception <a 'java/lang/NoSuchMethodError'{0x00000000ebd6ef28}: 'int java.lang.invoke.DirectMethodHandle$Holder.invokeSpecialIFC(java.lang.Object, java.lang.Object, java.lang.Object, java.lang.Object)'> (0x00000000ebd6ef28) 
thrown [e:\jenkins\tmp\workspace\build\src\src\hotspot\share\interpreter\linkResolver.cpp, line 766]
Event: 8.232 Thread 0x000002e3d4465570 Exception <a 'java/lang/ArrayIndexOutOfBoundsException'{0x00000000ebe17238}: Index 1708 out of bounds for length 1707> (0x00000000ebe17238) 
thrown [e:\jenkins\tmp\workspace\build\src\src\hotspot\share\interpreter\interpreterRuntime.cpp, line 428]
Event: 8.289 Thread 0x000002e3d4465570 Exception <a 'java/lang/NoSuchMethodError'{0x00000000ebf29bd8}: 'java.lang.Object java.lang.invoke.DirectMethodHandle$Holder.invokeStatic(java.lang.Object, int, java.lang.Object)'> (0x00000000ebf29bd8) 
thrown [e:\jenkins\tmp\workspace\build\src\src\hotspot\share\interpreter\linkResolver.cpp, line 766]
Event: 8.294 Thread 0x000002e3d477af70 Exception <a 'java/lang/NoSuchMethodError'{0x00000000ebf67638}: 'int java.lang.invoke.DirectMethodHandle$Holder.invokeSpecial(java.lang.Object, java.lang.Object, java.lang.Object)'> (0x00000000ebf67638) 
thrown [e:\jenkins\tmp\workspace\build\src\src\hotspot\share\interpreter\linkResolver.cpp, line 766]
Event: 8.295 Thread 0x000002e3d4465570 Exception <a 'java/lang/ClassNotFoundException'{0x00000000ebf3b858}: sun/util/logging/resources/spi/loggingProvider> (0x00000000ebf3b858) 
thrown [e:\jenkins\tmp\workspace\build\src\src\hotspot\share\classfile\systemDictionary.cpp, line 256]
Event: 9.307 Thread 0x000002e3d477af70 Exception <a 'java/lang/ArrayIndexOutOfBoundsException'{0x00000000eb867a18}: Index 1704 out of bounds for length 1703> (0x00000000eb867a18) 
thrown [e:\jenkins\tmp\workspace\build\src\src\hotspot\share\interpreter\interpreterRuntime.cpp, line 428]
Event: 9.598 Thread 0x000002e3d477af70 Exception <a 'java/lang/ArrayIndexOutOfBoundsException'{0x00000000eb9003f0}> (0x00000000eb9003f0) 
thrown [e:\jenkins\tmp\workspace\build\src\src\hotspot\share\runtime\sharedRuntime.cpp, line 628]
Event: 11.554 Thread 0x000002e3d4465570 Exception <a 'java/lang/ArrayIndexOutOfBoundsException'{0x00000000eaf697c8}> (0x00000000eaf697c8) 
thrown [e:\jenkins\tmp\workspace\build\src\src\hotspot\share\runtime\sharedRuntime.cpp, line 628]
Event: 18.727 Thread 0x000002e3d4465570 Exception <a 'java/lang/ArrayIndexOutOfBoundsException'{0x00000000eb42d470}> (0x00000000eb42d470) 
thrown [e:\jenkins\tmp\workspace\build\src\src\hotspot\share\runtime\sharedRuntime.cpp, line 628]
Event: 19.457 Thread 0x000002e3d4465570 Exception <a 'java/lang/ArrayIndexOutOfBoundsException'{0x00000000eab7a0d8}> (0x00000000eab7a0d8) 
thrown [e:\jenkins\tmp\workspace\build\src\src\hotspot\share\runtime\sharedRuntime.cpp, line 628]
Event: 20.856 Thread 0x000002e3d477af70 Exception <a 'java/lang/ArrayIndexOutOfBoundsException'{0x00000000eb2177b8}> (0x00000000eb2177b8) 
thrown [e:\jenkins\tmp\workspace\build\src\src\hotspot\share\runtime\sharedRuntime.cpp, line 628]
Event: 26.341 Thread 0x000002e3d4465570 Exception <a 'java/lang/ArrayIndexOutOfBoundsException'{0x00000000eb244718}> (0x00000000eb244718) 
thrown [e:\jenkins\tmp\workspace\build\src\src\hotspot\share\runtime\sharedRuntime.cpp, line 628]
Event: 33.725 Thread 0x000002e3d4465570 Exception <a 'java/lang/ArrayIndexOutOfBoundsException'{0x00000000eb756140}> (0x00000000eb756140) 
thrown [e:\jenkins\tmp\workspace\build\src\src\hotspot\share\runtime\sharedRuntime.cpp, line 628]
Event: 181.151 Thread 0x000002e3d44668b0 Exception <a 'java/lang/ArrayIndexOutOfBoundsException'{0x00000000eb2d53b0}> (0x00000000eb2d53b0) 
thrown [e:\jenkins\tmp\workspace\build\src\src\hotspot\share\runtime\sharedRuntime.cpp, line 628]
Event: 182.215 Thread 0x000002e3d44668b0 Implicit null exception at 0x000002e3c6a318a0 to 0x000002e3c6a32868
Event: 182.227 Thread 0x000002e3d44668b0 Implicit null exception at 0x000002e3c6b66615 to 0x000002e3c6b66bd8

VM Operations (20 events):
Event: 33.808 Executing VM operation: ParallelGCFailedAllocation
Event: 33.810 Executing VM operation: ParallelGCFailedAllocation done
Event: 35.821 Executing VM operation: Cleanup
Event: 35.821 Executing VM operation: Cleanup done
Event: 181.106 Executing VM operation: Cleanup
Event: 181.106 Executing VM operation: Cleanup done
Event: 182.118 Executing VM operation: Cleanup
Event: 182.118 Executing VM operation: Cleanup done
Event: 182.192 Executing VM operation: HandshakeAllThreads
Event: 182.192 Executing VM operation: HandshakeAllThreads done
Event: 182.194 Executing VM operation: HandshakeAllThreads
Event: 182.194 Executing VM operation: HandshakeAllThreads done
Event: 182.222 Executing VM operation: HandshakeAllThreads
Event: 182.222 Executing VM operation: HandshakeAllThreads done
Event: 182.246 Executing VM operation: HandshakeAllThreads
Event: 182.246 Executing VM operation: HandshakeAllThreads done
Event: 182.258 Executing VM operation: HandshakeAllThreads
Event: 182.259 Executing VM operation: HandshakeAllThreads done
Event: 182.283 Executing VM operation: ParallelGCFailedAllocation
Event: 182.286 Executing VM operation: ParallelGCFailedAllocation done

Events (20 events):
Event: 182.256 Thread 0x000002e3d2cfaf40 flushing nmethod 0x000002e3bfdc0710
Event: 182.256 Thread 0x000002e3d2cfaf40 flushing nmethod 0x000002e3bfdca310
Event: 182.256 Thread 0x000002e3d2cfaf40 flushing nmethod 0x000002e3bfddc110
Event: 182.256 Thread 0x000002e3d2cfaf40 flushing nmethod 0x000002e3bfde6790
Event: 182.256 Thread 0x000002e3d2cfaf40 flushing nmethod 0x000002e3bfdf4b90
Event: 182.256 Thread 0x000002e3d2cfaf40 flushing nmethod 0x000002e3bfe17810
Event: 182.256 Thread 0x000002e3d2cfaf40 flushing nmethod 0x000002e3bfe18210
Event: 182.256 Thread 0x000002e3d2cfaf40 flushing nmethod 0x000002e3bfe1a810
Event: 182.256 Thread 0x000002e3d2cfaf40 flushing nmethod 0x000002e3bfe1dc90
Event: 182.256 Thread 0x000002e3d2cfaf40 flushing nmethod 0x000002e3bfe2e890
Event: 182.256 Thread 0x000002e3d2cfaf40 flushing nmethod 0x000002e3bfe8a990
Event: 182.256 Thread 0x000002e3d2cfaf40 flushing nmethod 0x000002e3bfe9ce10
Event: 182.256 Thread 0x000002e3d2cfaf40 flushing nmethod 0x000002e3bfedf290
Event: 182.256 Thread 0x000002e3d2cfaf40 flushing nmethod 0x000002e3bfee8e90
Event: 182.256 Thread 0x000002e3d2cfaf40 flushing nmethod 0x000002e3bfef2110
Event: 182.256 Thread 0x000002e3d2cfaf40 flushing nmethod 0x000002e3bff05890
Event: 182.256 Thread 0x000002e3d2cfaf40 flushing nmethod 0x000002e3bff06990
Event: 182.257 Thread 0x000002e3d2cfaf40 flushing nmethod 0x000002e3bff9a190
Event: 182.257 Thread 0x000002e3d2cfaf40 flushing nmethod 0x000002e3bffb7310
Event: 182.259 Thread 0x000002e3d2cfaf40 flushing nmethod 0x000002e3c0055910


Dynamic libraries:
0x00007ff7a1850000 - 0x00007ff7a185e000 	c:\Users\Sowmya\.vscode\extensions\redhat.java-1.5.0-win32-x64\jre\17.0.2-win32-x86_64\bin\java.exe
0x00007ffb8bd50000 - 0x00007ffb8bf45000 	C:\Windows\SYSTEM32\ntdll.dll
0x00007ffb8a110000 - 0x00007ffb8a1ce000 	C:\Windows\System32\KERNEL32.DLL
0x00007ffb89600000 - 0x00007ffb898c8000 	C:\Windows\System32\KERNELBASE.dll
0x00007ffb89980000 - 0x00007ffb89a80000 	C:\Windows\System32\ucrtbase.dll
0x00007ffb80920000 - 0x00007ffb80939000 	c:\Users\Sowmya\.vscode\extensions\redhat.java-1.5.0-win32-x64\jre\17.0.2-win32-x86_64\bin\VCRUNTIME140.dll
0x00007ffb80f40000 - 0x00007ffb80f58000 	c:\Users\Sowmya\.vscode\extensions\redhat.java-1.5.0-win32-x64\jre\17.0.2-win32-x86_64\bin\jli.dll
0x00007ffb8bad0000 - 0x00007ffb8bc70000 	C:\Windows\System32\USER32.dll
0x00007ffb7eb60000 - 0x00007ffb7edfa000 	C:\Windows\WinSxS\amd64_microsoft.windows.common-controls_6595b64144ccf1df_6.0.19041.1110_none_60b5254171f9507e\COMCTL32.dll
0x00007ffb89b20000 - 0x00007ffb89b42000 	C:\Windows\System32\win32u.dll
0x00007ffb8a310000 - 0x00007ffb8a3ae000 	C:\Windows\System32\msvcrt.dll
0x00007ffb8a490000 - 0x00007ffb8a4ba000 	C:\Windows\System32\GDI32.dll
0x00007ffb894f0000 - 0x00007ffb895fb000 	C:\Windows\System32\gdi32full.dll
0x00007ffb89a80000 - 0x00007ffb89b1d000 	C:\Windows\System32\msvcp_win.dll
0x00007ffb8a4c0000 - 0x00007ffb8a4f0000 	C:\Windows\System32\IMM32.DLL
0x00007ffb82a70000 - 0x00007ffb82a7c000 	c:\Users\Sowmya\.vscode\extensions\redhat.java-1.5.0-win32-x64\jre\17.0.2-win32-x86_64\bin\vcruntime140_1.dll
0x00007ffb74260000 - 0x00007ffb742f1000 	c:\Users\Sowmya\.vscode\extensions\redhat.java-1.5.0-win32-x64\jre\17.0.2-win32-x86_64\bin\msvcp140.dll
0x00007ffb2f500000 - 0x00007ffb30147000 	c:\Users\Sowmya\.vscode\extensions\redhat.java-1.5.0-win32-x64\jre\17.0.2-win32-x86_64\bin\server\jvm.dll
0x00007ffb8b9a0000 - 0x00007ffb8ba4e000 	C:\Windows\System32\ADVAPI32.dll
0x00007ffb8bc70000 - 0x00007ffb8bd0c000 	C:\Windows\System32\sechost.dll
0x00007ffb8a1e0000 - 0x00007ffb8a305000 	C:\Windows\System32\RPCRT4.dll
0x00007ffb8a480000 - 0x00007ffb8a488000 	C:\Windows\System32\PSAPI.DLL
0x00007ffb723f0000 - 0x00007ffb723f9000 	C:\Windows\SYSTEM32\WSOCK32.dll
0x00007ffb745d0000 - 0x00007ffb745f7000 	C:\Windows\SYSTEM32\WINMM.dll
0x00007ffb7f290000 - 0x00007ffb7f29a000 	C:\Windows\SYSTEM32\VERSION.dll
0x00007ffb8adb0000 - 0x00007ffb8ae1b000 	C:\Windows\System32\WS2_32.dll
0x00007ffb87d50000 - 0x00007ffb87d62000 	C:\Windows\SYSTEM32\kernel.appcore.dll
0x00007ffb81cc0000 - 0x00007ffb81cca000 	c:\Users\Sowmya\.vscode\extensions\redhat.java-1.5.0-win32-x64\jre\17.0.2-win32-x86_64\bin\jimage.dll
0x00007ffb872a0000 - 0x00007ffb87484000 	C:\Windows\SYSTEM32\DBGHELP.DLL
0x00007ffb7fbc0000 - 0x00007ffb7fbec000 	C:\Windows\SYSTEM32\dbgcore.DLL
0x00007ffb89cb0000 - 0x00007ffb89d32000 	C:\Windows\System32\bcryptPrimitives.dll
0x00007ffb80950000 - 0x00007ffb80975000 	c:\Users\Sowmya\.vscode\extensions\redhat.java-1.5.0-win32-x64\jre\17.0.2-win32-x86_64\bin\java.dll
0x00007ffb80380000 - 0x00007ffb80398000 	c:\Users\Sowmya\.vscode\extensions\redhat.java-1.5.0-win32-x64\jre\17.0.2-win32-x86_64\bin\zip.dll
0x00007ffb8b120000 - 0x00007ffb8b864000 	C:\Windows\System32\SHELL32.dll
0x00007ffb87570000 - 0x00007ffb87d04000 	C:\Windows\SYSTEM32\windows.storage.dll
0x00007ffb89db0000 - 0x00007ffb8a104000 	C:\Windows\System32\combase.dll
0x00007ffb88ee0000 - 0x00007ffb88f0c000 	C:\Windows\SYSTEM32\Wldp.dll
0x00007ffb8b070000 - 0x00007ffb8b11d000 	C:\Windows\System32\SHCORE.dll
0x00007ffb8afb0000 - 0x00007ffb8b005000 	C:\Windows\System32\shlwapi.dll
0x00007ffb893b0000 - 0x00007ffb893cf000 	C:\Windows\SYSTEM32\profapi.dll
0x00007ffb7f270000 - 0x00007ffb7f289000 	C:\Users\Sowmya\.vscode\extensions\redhat.java-1.5.0-win32-x64\jre\17.0.2-win32-x86_64\bin\net.dll
0x00007ffb85f70000 - 0x00007ffb8607a000 	C:\Windows\SYSTEM32\WINHTTP.dll
0x00007ffb88c40000 - 0x00007ffb88caa000 	C:\Windows\system32\mswsock.dll
0x00007ffb74240000 - 0x00007ffb74255000 	C:\Users\Sowmya\.vscode\extensions\redhat.java-1.5.0-win32-x64\jre\17.0.2-win32-x86_64\bin\nio.dll
0x00007ffb88e30000 - 0x00007ffb88e48000 	C:\Windows\SYSTEM32\CRYPTSP.dll
0x00007ffb88550000 - 0x00007ffb88584000 	C:\Windows\system32\rsaenh.dll
0x00007ffb89470000 - 0x00007ffb89497000 	C:\Windows\System32\bcrypt.dll
0x00007ffb89330000 - 0x00007ffb8935e000 	C:\Windows\SYSTEM32\USERENV.dll
0x00007ffb88e50000 - 0x00007ffb88e5c000 	C:\Windows\SYSTEM32\CRYPTBASE.dll
0x00007ffb888e0000 - 0x00007ffb8891b000 	C:\Windows\SYSTEM32\IPHLPAPI.DLL
0x00007ffb8ae20000 - 0x00007ffb8ae28000 	C:\Windows\System32\NSI.dll
0x00007ffb7fba0000 - 0x00007ffb7fbb7000 	C:\Windows\SYSTEM32\dhcpcsvc6.DLL
0x00007ffb80430000 - 0x00007ffb8044d000 	C:\Windows\SYSTEM32\dhcpcsvc.DLL
0x00007ffb88920000 - 0x00007ffb889eb000 	C:\Windows\SYSTEM32\DNSAPI.dll
0x00007ffb74200000 - 0x00007ffb7423e000 	C:\Users\Sowmya\AppData\Roaming\Code\User\globalStorage\redhat.java\1.5.0\config_win\org.eclipse.equinox.launcher\org.eclipse.equinox.launcher.win32.win32.x86_64_1.2.400.v20211117-0650\eclipse_11602.dll
0x00007ffb8b870000 - 0x00007ffb8b99a000 	C:\Windows\System32\ole32.dll
0x00007ffb81bb0000 - 0x00007ffb81bc0000 	c:\Users\Sowmya\.vscode\extensions\redhat.java-1.5.0-win32-x64\jre\17.0.2-win32-x86_64\bin\verify.dll
0x00007ffb6a2e0000 - 0x00007ffb6a324000 	C:\Users\Sowmya\AppData\Local\Temp\jna--1812583206\jna8153984127651182171.dll

dbghelp: loaded successfully - version: 4.0.5 - missing functions: none
symbol engine: initialized successfully - sym options: 0x614 - pdb path: .;c:\Users\Sowmya\.vscode\extensions\redhat.java-1.5.0-win32-x64\jre\17.0.2-win32-x86_64\bin;C:\Windows\SYSTEM32;C:\Windows\WinSxS\amd64_microsoft.windows.common-controls_6595b64144ccf1df_6.0.19041.1110_none_60b5254171f9507e;c:\Users\Sowmya\.vscode\extensions\redhat.java-1.5.0-win32-x64\jre\17.0.2-win32-x86_64\bin\server;C:\Users\Sowmya\AppData\Roaming\Code\User\globalStorage\redhat.java\1.5.0\config_win\org.eclipse.equinox.launcher\org.eclipse.equinox.launcher.win32.win32.x86_64_1.2.400.v20211117-0650;C:\Users\Sowmya\AppData\Local\Temp\jna--1812583206

VM Arguments:
jvm_args: --add-modules=ALL-SYSTEM --add-opens=java.base/java.util=ALL-UNNAMED --add-opens=java.base/java.lang=ALL-UNNAMED --add-opens=java.base/sun.nio.fs=ALL-UNNAMED -Declipse.application=org.eclipse.jdt.ls.core.id1 -Dosgi.bundles.defaultStartLevel=4 -Declipse.product=org.eclipse.jdt.ls.core.product -Djava.import.generatesMetadataFilesAtProjectRoot=false -Dfile.encoding=utf8 -DwatchParentProcess=false -XX:+UseParallelGC -XX:GCTimeRatio=4 -XX:AdaptiveSizePolicyWeight=90 -Dsun.zip.disableMemoryMapping=true -Xmx1G -Xms100m -XX:+HeapDumpOnOutOfMemoryError -XX:HeapDumpPath=c:\Users\Sowmya\AppData\Roaming\Code\User\workspaceStorage\a2e44e745db7a7ec8c776fd52169024d\redhat.java 
java_command: c:\Users\Sowmya\.vscode\extensions\redhat.java-1.5.0-win32-x64\server\plugins\org.eclipse.equinox.launcher_1.6.400.v20210924-0641.jar -configuration c:\Users\Sowmya\AppData\Roaming\Code\User\globalStorage\redhat.java\1.5.0\config_win -data c:\Users\Sowmya\AppData\Roaming\Code\User\workspaceStorage\a2e44e745db7a7ec8c776fd52169024d\redhat.java\jdt_ws
java_class_path (initial): c:\Users\Sowmya\.vscode\extensions\redhat.java-1.5.0-win32-x64\server\plugins\org.eclipse.equinox.launcher_1.6.400.v20210924-0641.jar
Launcher Type: SUN_STANDARD

[Global flags]
    uintx AdaptiveSizePolicyWeight                 = 90                                        {product} {command line}
     intx CICompilerCount                          = 4                                         {product} {ergonomic}
    uintx GCTimeRatio                              = 4                                         {product} {command line}
     bool HeapDumpOnOutOfMemoryError               = true                                   {manageable} {command line}
    ccstr HeapDumpPath                             = c:\Users\Sowmya\AppData\Roaming\Code\User\workspaceStorage\a2e44e745db7a7ec8c776fd52169024d\redhat.java         {manageable} {command line}
   size_t InitialHeapSize                          = 104857600                                 {product} {command line}
   size_t MaxHeapSize                              = 1073741824                                {product} {command line}
   size_t MaxNewSize                               = 357564416                                 {product} {ergonomic}
   size_t MinHeapDeltaBytes                        = 524288                                    {product} {ergonomic}
   size_t MinHeapSize                              = 104857600                                 {product} {command line}
   size_t NewSize                                  = 34603008                                  {product} {ergonomic}
    uintx NonNMethodCodeHeapSize                   = 5839372                                {pd product} {ergonomic}
    uintx NonProfiledCodeHeapSize                  = 122909434                              {pd product} {ergonomic}
   size_t OldSize                                  = 70254592                                  {product} {ergonomic}
    uintx ProfiledCodeHeapSize                     = 122909434                              {pd product} {ergonomic}
    uintx ReservedCodeCacheSize                    = 251658240                              {pd product} {ergonomic}
     bool SegmentedCodeCache                       = true                                      {product} {ergonomic}
   size_t SoftMaxHeapSize                          = 1073741824                             {manageable} {ergonomic}
     bool UseCompressedClassPointers               = true                           {product lp64_product} {ergonomic}
     bool UseCompressedOops                        = true                           {product lp64_product} {ergonomic}
     bool UseLargePagesIndividualAllocation        = false                                  {pd product} {ergonomic}
     bool UseParallelGC                            = true                                      {product} {command line}

Logging:
Log output configuration:
 #0: stdout all=warning uptime,level,tags
 #1: stderr all=off uptime,level,tags

Environment Variables:
PATH=C:\Program Files (x86)\Common Files\Oracle\Java\javapath;C:\Windows\system32;C:\Windows;C:\Windows\System32\Wbem;C:\Windows\System32\WindowsPowerShell\v1.0\;C:\Windows\System32\OpenSSH\;C:\Program Files\Intel\WiFi\bin\;C:\Program Files\Common Files\Intel\WirelessCommon\;C:\Program Files\nodejs\;C:\Git\cmd;C:\Users\Sowmya\AppData\Local\Microsoft\WindowsApps;;C:\Users\Sowmya\Downloads\Microsoft VS Code\bin;C:\Users\Sowmya\AppData\Roaming\npm
USERNAME=Sowmya
OS=Windows_NT
PROCESSOR_IDENTIFIER=Intel64 Family 6 Model 142 Stepping 10, GenuineIntel



---------------  S Y S T E M  ---------------

OS:
 Windows 10 , 64 bit Build 19041 (10.0.19041.1645)
OS uptime: 0 days 3:27 hours

CPU: total 8 (initial active 8) (4 cores per cpu, 2 threads per core) family 6 model 142 stepping 10 microcode 0xec, cx8, cmov, fxsr, ht, mmx, 3dnowpref, sse, sse2, sse3, ssse3, sse4.1, sse4.2, popcnt, lzcnt, tsc, tscinvbit, avx, avx2, aes, erms, clmul, bmi1, bmi2, adx, fma, vzeroupper, clflush, clflushopt

Memory: 4k page, system-wide physical 16238M (9491M free)
TotalPageFile size 18670M (AvailPageFile size 10905M)
current process WorkingSet (physical memory assigned to process): 234M, peak: 252M
current process commit charge ("private bytes"): 307M, peak: 329M

vm_info: OpenJDK 64-Bit Server VM (17.0.2+8) for windows-amd64 JRE (17.0.2+8), built on Jan 20 2022 04:52:34 by "" with MS VC++ 16.7 (VS2019)

END.
