#
# A fatal error has been detected by the Java Runtime Environment:
#
#  EXCEPTION_ACCESS_VIOLATION (0xc0000005) at pc=0x00007ffb2f84dcb4, pid=4900, tid=6980
#
# JRE version: OpenJDK Runtime Environment Temurin-17.0.2+8 (17.0.2+8) (build 17.0.2+8)
# Java VM: OpenJDK 64-Bit Server VM Temurin-17.0.2+8 (17.0.2+8, mixed mode, tiered, compressed oops, compressed class ptrs, parallel gc, windows-amd64)
# Problematic frame:
# V  [jvm.dll+0x67dcb4]
#
# No core dump will be written. Minidumps are not enabled by default on client versions of Windows
#
# If you would like to submit a bug report, please visit:
#   https://github.com/adoptium/adoptium-support/issues
#

---------------  S U M M A R Y ------------

Command Line: --add-modules=ALL-SYSTEM --add-opens=java.base/java.util=ALL-UNNAMED --add-opens=java.base/java.lang=ALL-UNNAMED --add-opens=java.base/sun.nio.fs=ALL-UNNAMED -Declipse.application=org.eclipse.jdt.ls.core.id1 -Dosgi.bundles.defaultStartLevel=4 -Declipse.product=org.eclipse.jdt.ls.core.product -Djava.import.generatesMetadataFilesAtProjectRoot=false -Dfile.encoding=utf8 -DwatchParentProcess=false -XX:+UseParallelGC -XX:GCTimeRatio=4 -XX:AdaptiveSizePolicyWeight=90 -Dsun.zip.disableMemoryMapping=true -Xmx1G -Xms100m -XX:+HeapDumpOnOutOfMemoryError -XX:HeapDumpPath=c:\Users\Sowmya\AppData\Roaming\Code\User\workspaceStorage\a2e44e745db7a7ec8c776fd52169024d\redhat.java c:\Users\Sowmya\.vscode\extensions\redhat.java-1.5.0-win32-x64\server\plugins\org.eclipse.equinox.launcher_1.6.400.v20210924-0641.jar -configuration c:\Users\Sowmya\AppData\Roaming\Code\User\globalStorage\redhat.java\1.5.0\config_win -data c:\Users\Sowmya\AppData\Roaming\Code\User\workspaceStorage\a2e44e745db7a7ec8c776fd52169024d\redhat.java\jdt_ws

Host: Intel(R) Core(TM) i5-8250U CPU @ 1.60GHz, 8 cores, 15G,  Windows 10 , 64 bit Build 19041 (10.0.19041.1645)
Time: Mon May  2 18:34:25 2022 Pacific Daylight Time elapsed time: 10747.329818 seconds (0d 2h 59m 7s)

---------------  T H R E A D  ---------------

Current thread (0x000001967c6b4f00):  JavaThread "C2 CompilerThread2" daemon [_thread_in_native, id=6980, stack(0x0000006dca600000,0x0000006dca700000)]


Current CompileTask:
C2:10747329 21441       4       org.eclipse.jdt.internal.compiler.parser.Scanner::getNextToken (179 bytes)

Stack: [0x0000006dca600000,0x0000006dca700000],  sp=0x0000006dca6fb6c0,  free space=1005k
Native frames: (J=compiled Java code, j=interpreted, Vv=VM code, C=native code)
V  [jvm.dll+0x67dcb4]
V  [jvm.dll+0x67aa63]
V  [jvm.dll+0x21849f]
V  [jvm.dll+0x2174f1]
V  [jvm.dll+0x1a3a8d]
V  [jvm.dll+0x226ef8]
V  [jvm.dll+0x22503c]
V  [jvm.dll+0x7e596b]
V  [jvm.dll+0x7dff2a]
V  [jvm.dll+0x6744d5]
C  [ucrtbase.dll+0x21bb2]
C  [KERNEL32.DLL+0x17034]
C  [ntdll.dll+0x52651]


siginfo: EXCEPTION_ACCESS_VIOLATION (0xc0000005), reading address 0xffffffffffffffff


Register to memory mapping:

RIP=0x00007ffb2f84dcb4 jvm.dll
RAX=0x0004019610c20600 is an unknown value
RBX=0x000000000000045c is an unknown value
RCX=0x000001960fd988d0 points into unknown readable memory: 0x0000000000000000 | 00 00 00 00 00 00 00 00
RDX=0x000001960fd97724 points into unknown readable memory: 96 01 00 00
RSP=0x0000006dca6fb6c0 is pointing into the stack for thread: 0x000001967c6b4f00
RBP=0x000001960f4e9aa0 points into unknown readable memory: 0x00007ffb2fae7530 | 30 75 ae 2f fb 7f 00 00
RSI=0x0 is NULL
RDI=0x0 is NULL
R8 =0x00000000000022e8 is an unknown value
R9 =0x00000000000022e0 is an unknown value
R10=0xffffffffffffee60 is an unknown value
R11=0x00000000000011a0 is an unknown value
R12=0x00000000000075ac is an unknown value
R13=0x0000006dca6fcb00 is pointing into the stack for thread: 0x000001967c6b4f00
R14=0x000001960fd97720 points into unknown readable memory: 0x00000196000078c2 | c2 78 00 00 96 01 00 00
R15=0x00000000ffffffff is an unallocated location in the heap


Registers:
RAX=0x0004019610c20600, RBX=0x000000000000045c, RCX=0x000001960fd988d0, RDX=0x000001960fd97724
RSP=0x0000006dca6fb6c0, RBP=0x000001960f4e9aa0, RSI=0x0000000000000000, RDI=0x0000000000000000
R8 =0x00000000000022e8, R9 =0x00000000000022e0, R10=0xffffffffffffee60, R11=0x00000000000011a0
R12=0x00000000000075ac, R13=0x0000006dca6fcb00, R14=0x000001960fd97720, R15=0x00000000ffffffff
RIP=0x00007ffb2f84dcb4, EFLAGS=0x0000000000010293

Top of Stack: (sp=0x0000006dca6fb6c0)
0x0000006dca6fb6c0:   000001961132ef88 0000000000000468
0x0000006dca6fb6d0:   000001967ebdee70 0000000007530000
0x0000006dca6fb6e0:   000000040000045c 00000000000005b3
0x0000006dca6fb6f0:   00000000000022e8 00000000000022e0
0x0000006dca6fb700:   00000468ffffffff 00007ffb0000023a
0x0000006dca6fb710:   000001960fd97724 000001960fd9ac10
0x0000006dca6fb720:   0000000000002350 000001960fd988d0
0x0000006dca6fb730:   ffffffffffffee60 00000000000011a0
0x0000006dca6fb740:   000001960fd98900 000001960fd99aa0
0x0000006dca6fb750:   000001960fd9ac40 000001960fd97760
0x0000006dca6fb760:   0000000000004690 00000000000011a0
0x0000006dca6fb770:   00001a3000000000 0000000000000000
0x0000006dca6fb780:   00000196001a2940 00000196001a0f00
0x0000006dca6fb790:   00000196001a2940 00007ffb2fb79268
0x0000006dca6fb7a0:   0000000000000000 0000000000000000
0x0000006dca6fb7b0:   0000000000000000 00007ffb2fb79268 

Instructions: (pc=0x00007ffb2f84dcb4)
0x00007ffb2f84dbb4:   48 8b 03 48 8b 92 58 08 00 00 ff 90 a0 00 00 00
0x00007ffb2f84dbc4:   33 db 89 84 24 78 01 00 00 89 5c 24 20 85 f6 0f
0x00007ffb2f84dbd4:   84 f3 02 00 00 48 8b 8c 24 68 01 00 00 45 33 c9
0x00007ffb2f84dbe4:   48 8b 84 24 90 00 00 00 41 b8 08 00 00 00 4c 8b
0x00007ffb2f84dbf4:   94 24 98 00 00 00 48 2b c1 4c 8b 9c 24 88 00 00
0x00007ffb2f84dc04:   00 4c 8b f1 48 89 84 24 a0 00 00 00 48 8d 51 04
0x00007ffb2f84dc14:   48 8b 84 24 80 00 00 00 4c 2b d0 4c 89 4c 24 38
0x00007ffb2f84dc24:   4c 2b d8 4c 89 44 24 30 48 8b f8 48 89 54 24 50
0x00007ffb2f84dc34:   48 2b f9 4c 89 54 24 70 48 89 7c 24 60 4c 89 5c
0x00007ffb2f84dc44:   24 78 66 66 0f 1f 84 00 00 00 00 00 49 8b 45 08
0x00007ffb2f84dc54:   33 f6 48 8b 88 40 08 00 00 48 8b 41 30 49 8b 2c
0x00007ffb2f84dc64:   01 4a 8d 04 37 4a 8d 0c 10 49 89 ad 88 02 00 00
0x00007ffb2f84dc74:   c7 01 00 00 00 00 33 ff c7 00 00 00 00 00 49 03
0x00007ffb2f84dc84:   c3 48 89 44 24 58 48 89 4c 24 68 c7 00 ff ff ff
0x00007ffb2f84dc94:   ff 8b 45 28 89 44 24 24 85 c0 0f 84 72 01 00 00
0x00007ffb2f84dca4:   41 89 b5 90 02 00 00 3b 75 18 73 0a 48 8b 45 20
0x00007ffb2f84dcb4:   48 8b 1c f0 eb 02 33 db 8b 43 2c 24 03 3c 02 0f
0x00007ffb2f84dcc4:   85 e6 00 00 00 48 8b 03 48 8b cb ff 90 10 01 00
0x00007ffb2f84dcd4:   00 ff c8 48 8b cb 03 f8 48 8b 03 ff 90 20 01 00
0x00007ffb2f84dce4:   00 01 44 24 28 8b 53 2c 8b c2 83 e0 1f 3c 1e 0f
0x00007ffb2f84dcf4:   85 07 05 00 00 48 8b 03 48 8b cb 48 8b 93 80 00
0x00007ffb2f84dd04:   00 00 ff 90 58 01 00 00 8b 4b 2c 8b c1 83 e0 3f
0x00007ffb2f84dd14:   3c 3e 75 1f 48 83 bb 90 00 00 00 00 74 15 e8 59
0x00007ffb2f84dd24:   6a 9e ff 01 44 24 48 e8 80 f7 9d ff 01 44 24 28
0x00007ffb2f84dd34:   8b 4b 2c 44 8b 84 24 78 01 00 00 8b 53 30 8b c2
0x00007ffb2f84dd44:   c1 e8 08 a8 01 74 08 45 3b 3e 72 03 41 03 f8 c1
0x00007ffb2f84dd54:   ea 07 f6 c2 01 74 54 83 e1 0f 80 f9 0a 74 16 ba
0x00007ffb2f84dd64:   59 02 00 00 48 8d 0d 11 b5 32 00 e8 4c 73 bc ff
0x00007ffb2f84dd74:   e8 47 74 ff ff 48 8b 44 24 68 48 8b cb 89 38 49
0x00007ffb2f84dd84:   8b 55 08 48 8b 03 48 8b 92 58 08 00 00 ff 90 a0
0x00007ffb2f84dd94:   00 00 00 48 8b 4c 24 60 c6 84 24 70 01 00 00 01
0x00007ffb2f84dda4:   42 89 04 31 48 8b 44 24 58 89 30 49 8b 55 08 48 


Stack slot to memory mapping:
stack at sp + 0 slots: 0x000001961132ef88 points into unknown readable memory: 0x00007ffb2fadcb58 | 58 cb ad 2f fb 7f 00 00
stack at sp + 1 slots: 0x0000000000000468 is an unknown value
stack at sp + 2 slots: 0x000001967ebdee70 points into unknown readable memory: 0x00007ffb2faac560 | 60 c5 aa 2f fb 7f 00 00
stack at sp + 3 slots: 0x0000000007530000 is an unknown value
stack at sp + 4 slots: 0x000000040000045c is an unknown value
stack at sp + 5 slots: 0x00000000000005b3 is an unknown value
stack at sp + 6 slots: 0x00000000000022e8 is an unknown value
stack at sp + 7 slots: 0x00000000000022e0 is an unknown value


---------------  P R O C E S S  ---------------

Threads class SMR info:
_java_thread_list=0x000001967ad9b1f0, length=39, elements={
0x000001967312d6e0, 0x0000019677fb43c0, 0x0000019677fb7a70, 0x000001967a507040,
0x000001967a507dc0, 0x000001967a50b0f0, 0x000001967a50d9d0, 0x000001967a512440,
0x000001967a516a90, 0x000001967a5182d0, 0x00000196731f0b30, 0x000001967a73acb0,
0x000001967ae86360, 0x000001967b054060, 0x000001967af0d410, 0x000001967aef1890,
0x000001967be9a0e0, 0x000001967c09e6c0, 0x000001967c14b950, 0x000001967c14e970,
0x000001967c14c7c0, 0x0000019610e87aa0, 0x0000019610e88440, 0x0000019610e88de0,
0x000001967ee57e70, 0x000001967ee50af0, 0x000001967ee55320, 0x000001967ee51490,
0x0000019610e892b0, 0x0000019610e8dae0, 0x0000019610e8b460, 0x0000019610e89780,
0x0000019610e8dfb0, 0x0000019610e8b930, 0x0000019610e8e480, 0x0000019610e8cc70,
0x0000019610e87100, 0x000001967c6b49f0, 0x000001967c6b4f00
}

Java Threads: ( => current thread )
  0x000001967312d6e0 JavaThread "main" [_thread_blocked, id=10100, stack(0x0000006dc7f00000,0x0000006dc8000000)]
  0x0000019677fb43c0 JavaThread "Reference Handler" daemon [_thread_blocked, id=7036, stack(0x0000006dc8200000,0x0000006dc8300000)]
  0x0000019677fb7a70 JavaThread "Finalizer" daemon [_thread_blocked, id=8256, stack(0x0000006dc8300000,0x0000006dc8400000)]
  0x000001967a507040 JavaThread "Signal Dispatcher" daemon [_thread_blocked, id=4924, stack(0x0000006dc8400000,0x0000006dc8500000)]
  0x000001967a507dc0 JavaThread "Attach Listener" daemon [_thread_blocked, id=9356, stack(0x0000006dc8500000,0x0000006dc8600000)]
  0x000001967a50b0f0 JavaThread "Service Thread" daemon [_thread_blocked, id=7144, stack(0x0000006dc8600000,0x0000006dc8700000)]
  0x000001967a50d9d0 JavaThread "Monitor Deflation Thread" daemon [_thread_blocked, id=3388, stack(0x0000006dc8700000,0x0000006dc8800000)]
  0x000001967a512440 JavaThread "C2 CompilerThread0" daemon [_thread_in_native, id=11800, stack(0x0000006dc8800000,0x0000006dc8900000)]
  0x000001967a516a90 JavaThread "C1 CompilerThread0" daemon [_thread_in_vm, id=3692, stack(0x0000006dc8900000,0x0000006dc8a00000)]
  0x000001967a5182d0 JavaThread "Sweeper thread" daemon [_thread_blocked, id=3648, stack(0x0000006dc8a00000,0x0000006dc8b00000)]
  0x00000196731f0b30 JavaThread "Common-Cleaner" daemon [_thread_blocked, id=14652, stack(0x0000006dc8b00000,0x0000006dc8c00000)]
  0x000001967a73acb0 JavaThread "Notification Thread" daemon [_thread_blocked, id=3084, stack(0x0000006dc8c00000,0x0000006dc8d00000)]
  0x000001967ae86360 JavaThread "Active Thread: Equinox Container: 33a74beb-4446-4059-af59-972d657d4986" [_thread_blocked, id=10604, stack(0x0000006dc8f00000,0x0000006dc9000000)]
  0x000001967b054060 JavaThread "Framework Event Dispatcher: Equinox Container: 33a74beb-4446-4059-af59-972d657d4986" daemon [_thread_blocked, id=2420, stack(0x0000006dc8e00000,0x0000006dc8f00000)]
  0x000001967af0d410 JavaThread "Start Level: Equinox Container: 33a74beb-4446-4059-af59-972d657d4986" daemon [_thread_blocked, id=11516, stack(0x0000006dc9000000,0x0000006dc9100000)]
  0x000001967aef1890 JavaThread "SCR Component Actor" daemon [_thread_blocked, id=4188, stack(0x0000006dc9700000,0x0000006dc9800000)]
  0x000001967be9a0e0 JavaThread "Bundle File Closer" daemon [_thread_blocked, id=14828, stack(0x0000006dc9900000,0x0000006dc9a00000)]
  0x000001967c09e6c0 JavaThread "Worker-JM" [_thread_blocked, id=9116, stack(0x0000006dc9a00000,0x0000006dc9b00000)]
  0x000001967c14b950 JavaThread "Java indexing" daemon [_thread_blocked, id=5268, stack(0x0000006dca000000,0x0000006dca100000)]
  0x000001967c14e970 JavaThread "pool-2-thread-1" [_thread_in_native, id=11356, stack(0x0000006dca300000,0x0000006dca400000)]
  0x000001967c14c7c0 JavaThread "ForkJoinPool.commonPool-worker-58" daemon [_thread_blocked, id=14836, stack(0x0000006dca100000,0x0000006dca200000)]
  0x0000019610e87aa0 JavaThread "Java Debug Server" daemon [_thread_in_native, id=11152, stack(0x0000006dca900000,0x0000006dcaa00000)]
  0x0000019610e88440 JavaThread "RxSchedulerPurge-1" daemon [_thread_blocked, id=4576, stack(0x0000006dcae00000,0x0000006dcaf00000)]
  0x0000019610e88de0 JavaThread "RxCachedWorkerPoolEvictor-1" daemon [_thread_blocked, id=12108, stack(0x0000006dcaf00000,0x0000006dcb000000)]
  0x000001967ee57e70 JavaThread "ForkJoinPool.commonPool-worker-82" daemon [_thread_blocked, id=10476, stack(0x0000006dca400000,0x0000006dca500000)]
  0x000001967ee50af0 JavaThread "Worker-46" [_thread_blocked, id=8072, stack(0x0000006dcad00000,0x0000006dcae00000)]
  0x000001967ee55320 JavaThread "ForkJoinPool.commonPool-worker-87" daemon [_thread_blocked, id=9720, stack(0x0000006dcab00000,0x0000006dcac00000)]
  0x000001967ee51490 JavaThread "ForkJoinPool.commonPool-worker-89" daemon [_thread_blocked, id=6964, stack(0x0000006dcb100000,0x0000006dcb200000)]
  0x0000019610e892b0 JavaThread "ForkJoinPool.commonPool-worker-94" daemon [_thread_blocked, id=7404, stack(0x0000006dc7c00000,0x0000006dc7d00000)]
  0x0000019610e8dae0 JavaThread "ForkJoinPool.commonPool-worker-96" daemon [_thread_blocked, id=4584, stack(0x0000006dc9800000,0x0000006dc9900000)]
  0x0000019610e8b460 JavaThread "ForkJoinPool.commonPool-worker-97" daemon [_thread_in_Java, id=3820, stack(0x0000006dc9b00000,0x0000006dc9c00000)]
  0x0000019610e89780 JavaThread "ForkJoinPool.commonPool-worker-98" daemon [_thread_blocked, id=4888, stack(0x0000006dc9d00000,0x0000006dc9e00000)]
  0x0000019610e8dfb0 JavaThread "ForkJoinPool.commonPool-worker-99" daemon [_thread_blocked, id=1492, stack(0x0000006dc9f00000,0x0000006dca000000)]
  0x0000019610e8b930 JavaThread "Worker-49" [_thread_blocked, id=10172, stack(0x0000006dc7d00000,0x0000006dc7e00000)]
  0x0000019610e8e480 JavaThread "ForkJoinPool.commonPool-worker-100" daemon [_thread_blocked, id=15304, stack(0x0000006dc9e00000,0x0000006dc9f00000)]
  0x0000019610e8cc70 JavaThread "ForkJoinPool.commonPool-worker-101" daemon [_thread_blocked, id=6432, stack(0x0000006dc7e00000,0x0000006dc7f00000)]
  0x0000019610e87100 JavaThread "ForkJoinPool.commonPool-worker-102" daemon [_thread_blocked, id=11596, stack(0x0000006dca200000,0x0000006dca300000)]
  0x000001967c6b49f0 JavaThread "C2 CompilerThread1" daemon [_thread_in_native, id=13960, stack(0x0000006dca500000,0x0000006dca600000)]
=>0x000001967c6b4f00 JavaThread "C2 CompilerThread2" daemon [_thread_in_native, id=6980, stack(0x0000006dca600000,0x0000006dca700000)]

Other Threads:
  0x0000019677fac530 VMThread "VM Thread" [stack: 0x0000006dc8100000,0x0000006dc8200000] [id=8988]
  0x000001967a73b180 WatcherThread [stack: 0x0000006dc8d00000,0x0000006dc8e00000] [id=11476]
  0x000001967313f000 GCTaskThread "GC Thread#0" [stack: 0x0000006dc8000000,0x0000006dc8100000] [id=9364]
  0x000001967af0d8e0 GCTaskThread "GC Thread#1" [stack: 0x0000006dc9100000,0x0000006dc9200000] [id=9196]
  0x000001967af0e0b0 GCTaskThread "GC Thread#2" [stack: 0x0000006dc9200000,0x0000006dc9300000] [id=4040]
  0x000001967af0e760 GCTaskThread "GC Thread#3" [stack: 0x0000006dc9300000,0x0000006dc9400000] [id=11900]
  0x000001967af0ea10 GCTaskThread "GC Thread#4" [stack: 0x0000006dc9400000,0x0000006dc9500000] [id=8736]
  0x000001967af0ecc0 GCTaskThread "GC Thread#5" [stack: 0x0000006dc9500000,0x0000006dc9600000] [id=7004]
  0x000001967aef1050 GCTaskThread "GC Thread#6" [stack: 0x0000006dc9600000,0x0000006dc9700000] [id=6008]
  0x000001967c181690 GCTaskThread "GC Thread#7" [stack: 0x0000006dc9c00000,0x0000006dc9d00000] [id=5248]

Threads with active compile tasks:
C2 CompilerThread0  10747444 21605   !   4       org.eclipse.jdt.internal.compiler.parser.AbstractCommentParser::commentParse (1858 bytes)
C1 CompilerThread0  10747444 21646       3       org.eclipse.jdt.internal.compiler.parser.JavadocParser::parseTag (2321 bytes)
C2 CompilerThread1  10747444 21603   !   4       org.eclipse.jdt.internal.compiler.parser.Scanner::getNextToken0 (2562 bytes)
C2 CompilerThread2  10747444 21441       4       org.eclipse.jdt.internal.compiler.parser.Scanner::getNextToken (179 bytes)

VM state: not at safepoint (normal execution)

VM Mutex/Monitor currently owned by a thread: None

Heap address: 0x00000000c0000000, size: 1024 MB, Compressed Oops mode: 32-bit

CDS archive(s) not mapped
Compressed class space mapped at: 0x0000000100000000-0x0000000140000000, reserved size: 1073741824
Narrow klass base: 0x0000000000000000, Narrow klass shift: 3, Narrow klass range: 0x140000000

GC Precious Log:
 CPUs: 8 total, 8 available
 Memory: 16238M
 Large Page Support: Disabled
 NUMA Support: Disabled
 Compressed Oops: Enabled (32-bit)
 Alignments: Space 512K, Generation 512K, Heap 2M
 Heap Min Capacity: 100M
 Heap Initial Capacity: 100M
 Heap Max Capacity: 1G
 Pre-touch: Disabled
 Parallel Workers: 8

Heap:
 PSYoungGen      total 10752K, used 6833K [0x00000000eab00000, 0x00000000ebe00000, 0x0000000100000000)
  eden space 4608K, 25% used [0x00000000eab00000,0x00000000eac26be0,0x00000000eaf80000)
  from space 6144K, 92% used [0x00000000eb800000,0x00000000ebd85ac8,0x00000000ebe00000)
  to   space 6656K, 0% used [0x00000000eb100000,0x00000000eb100000,0x00000000eb780000)
 ParOldGen       total 170496K, used 150928K [0x00000000c0000000, 0x00000000ca680000, 0x00000000eab00000)
  object space 170496K, 88% used [0x00000000c0000000,0x00000000c93642b8,0x00000000ca680000)
 Metaspace       used 84166K, committed 85120K, reserved 1130496K
  class space    used 8520K, committed 8960K, reserved 1048576K

Card table byte_map: [0x0000019672af0000,0x0000019672d00000] _byte_map_base: 0x00000196724f0000

Marking Bits: (ParMarkBitMap*) 0x00007ffb2fd53af0
 Begin Bits: [0x0000019675dc0000, 0x0000019676dc0000)
 End Bits:   [0x0000019676dc0000, 0x0000019677dc0000)

Polling page: 0x0000019671090000

Metaspace:

Usage:
  Non-class:     73.87 MB used.
      Class:      8.32 MB used.
       Both:     82.19 MB used.

Virtual space:
  Non-class space:       80.00 MB reserved,      74.38 MB ( 93%) committed,  10 nodes.
      Class space:        1.00 GB reserved,       8.75 MB ( <1%) committed,  1 nodes.
             Both:        1.08 GB reserved,      83.12 MB (  8%) committed. 

Chunk freelists:
   Non-Class:  1.02 MB
       Class:  3.12 MB
        Both:  4.13 MB

MaxMetaspaceSize: unlimited
CompressedClassSpaceSize: 1.00 GB
Initial GC threshold: 21.00 MB
Current GC threshold: 138.56 MB
CDS: off
MetaspaceReclaimPolicy: balanced
 - commit_granule_bytes: 65536.
 - commit_granule_words: 8192.
 - virtual_space_node_default_size: 1048576.
 - enlarge_chunks_in_place: 1.
 - new_chunks_are_fully_committed: 0.
 - uncommit_free_chunks: 1.
 - use_allocation_guard: 0.
 - handle_deallocations: 1.


Internal statistics:

num_allocs_failed_limit: 9.
num_arena_births: 608.
num_arena_deaths: 158.
num_vsnodes_births: 11.
num_vsnodes_deaths: 0.
num_space_committed: 1330.
num_space_uncommitted: 0.
num_chunks_returned_to_freelist: 214.
num_chunks_taken_from_freelist: 4042.
num_chunk_merges: 70.
num_chunk_splits: 2427.
num_chunks_enlarged: 1372.
num_purges: 24.
num_inconsistent_stats: 0.

CodeHeap 'non-profiled nmethods': size=120000Kb used=20928Kb max_used=20928Kb free=99071Kb
 bounds [0x0000019607ad0000, 0x0000019608f50000, 0x000001960f000000]
CodeHeap 'profiled nmethods': size=120000Kb used=29954Kb max_used=30337Kb free=90045Kb
 bounds [0x00000196005a0000, 0x0000019602360000, 0x0000019607ad0000]
CodeHeap 'non-nmethods': size=5760Kb used=1447Kb max_used=1579Kb free=4312Kb
 bounds [0x0000019600000000, 0x0000019600270000, 0x00000196005a0000]
 total_blobs=15498 nmethods=14699 adapters=703
 compilation: enabled
              stopped_count=0, restarted_count=0
 full_count=0

Compilation events (20 events):
Event: 10747.073 Thread 0x000001967a512440 nmethod 21460 0x0000019608f40010 code [0x0000019608f404a0, 0x0000019608f43420]
Event: 10747.073 Thread 0x000001967a512440 21600       4       org.eclipse.jdt.internal.compiler.parser.JavadocParser::parseTag (2321 bytes)
Event: 10747.083 Thread 0x000001967a516a90 21616       2       org.eclipse.jdt.internal.core.search.matching.MatchLocatorParser::augmentTypeWithAdditionalDimensions (58 bytes)
Event: 10747.083 Thread 0x000001967a516a90 nmethod 21616 0x0000019601f9f710 code [0x0000019601f9f8e0, 0x0000019601f9fb28]
Event: 10747.083 Thread 0x000001967a516a90 21617       2       org.eclipse.jdt.internal.core.search.matching.MatchingNodeSet::removePossibleMatch (54 bytes)
Event: 10747.083 Thread 0x000001967a516a90 nmethod 21617 0x0000019601f9f190 code [0x0000019601f9f360, 0x0000019601f9f5a8]
Event: 10747.088 Thread 0x000001967a516a90 21618       2       org.eclipse.jdt.internal.compiler.parser.Scanner::internalScanIdentifierOrKeyword (4733 bytes)
Event: 10747.101 Thread 0x000001967a516a90 nmethod 21618 0x0000019601287f10 code [0x0000019601288940, 0x000001960128e148]
Event: 10747.105 Thread 0x000001967a516a90 21620       2       org.eclipse.jdt.internal.compiler.parser.Parser::consumeClassOrRecordHeaderName1 (418 bytes)
Event: 10747.106 Thread 0x000001967a516a90 nmethod 21620 0x0000019601f9e290 code [0x0000019601f9e4a0, 0x0000019601f9ed18]
Event: 10747.126 Thread 0x000001967a516a90 21622       2       org.eclipse.jdt.internal.core.search.matching.MatchLocatorParser$ClassButNoMethodDeclarationVisitor::visit (21 bytes)
Event: 10747.126 Thread 0x000001967a516a90 nmethod 21622 0x00000196019ae610 code [0x00000196019ae7a0, 0x00000196019ae8e8]
Event: 10747.126 Thread 0x000001967a516a90 21623       2       org.eclipse.jdt.internal.compiler.ASTVisitor::endVisit (1 bytes)
Event: 10747.126 Thread 0x000001967a516a90 nmethod 21623 0x0000019600ceb790 code [0x0000019600ceb920, 0x0000019600ceba18]
Event: 10747.136 Thread 0x000001967a516a90 21624       2       org.eclipse.jdt.internal.compiler.ast.LongLiteral::<init> (14 bytes)
Event: 10747.136 Thread 0x000001967a516a90 nmethod 21624 0x0000019601f9df10 code [0x0000019601f9e0a0, 0x0000019601f9e1f8]
Event: 10747.156 Thread 0x000001967a516a90 21625       1       org.eclipse.jdt.internal.compiler.ASTVisitor::visit (2 bytes)
Event: 10747.156 Thread 0x000001967a516a90 nmethod 21625 0x000001960809ee10 code [0x000001960809efa0, 0x000001960809f078]
Event: 10747.181 Thread 0x000001967a516a90 21627       2       org.eclipse.jdt.internal.compiler.ast.LongLiteral::buildLongLiteral (119 bytes)
Event: 10747.181 Thread 0x000001967a516a90 nmethod 21627 0x0000019601f9d690 code [0x0000019601f9d880, 0x0000019601f9dd08]

GC Heap History (20 events):
Event: 10746.841 GC heap before
{Heap before GC invocations=7996 (full 75):
 PSYoungGen      total 8704K, used 8686K [0x00000000eab00000, 0x00000000ebc80000, 0x0000000100000000)
  eden space 4608K, 100% used [0x00000000eab00000,0x00000000eaf80000,0x00000000eaf80000)
  from space 4096K, 99% used [0x00000000eaf80000,0x00000000eb37b848,0x00000000eb380000)
  to   space 6656K, 0% used [0x00000000eb600000,0x00000000eb600000,0x00000000ebc80000)
 ParOldGen       total 145920K, used 122067K [0x00000000c0000000, 0x00000000c8e80000, 0x00000000eab00000)
  object space 145920K, 83% used [0x00000000c0000000,0x00000000c7734e00,0x00000000c8e80000)
 Metaspace       used 84136K, committed 85120K, reserved 1130496K
  class space    used 8520K, committed 8960K, reserved 1048576K
}
Event: 10746.845 GC heap after
{Heap after GC invocations=7996 (full 75):
 PSYoungGen      total 9728K, used 5115K [0x00000000eab00000, 0x00000000ebb00000, 0x0000000100000000)
  eden space 4608K, 0% used [0x00000000eab00000,0x00000000eab00000,0x00000000eaf80000)
  from space 5120K, 99% used [0x00000000eb600000,0x00000000ebafedd0,0x00000000ebb00000)
  to   space 5632K, 0% used [0x00000000eb000000,0x00000000eb000000,0x00000000eb580000)
 ParOldGen       total 145920K, used 123977K [0x00000000c0000000, 0x00000000c8e80000, 0x00000000eab00000)
  object space 145920K, 84% used [0x00000000c0000000,0x00000000c79127e8,0x00000000c8e80000)
 Metaspace       used 84136K, committed 85120K, reserved 1130496K
  class space    used 8520K, committed 8960K, reserved 1048576K
}
Event: 10746.872 GC heap before
{Heap before GC invocations=7997 (full 75):
 PSYoungGen      total 9728K, used 9723K [0x00000000eab00000, 0x00000000ebb00000, 0x0000000100000000)
  eden space 4608K, 100% used [0x00000000eab00000,0x00000000eaf80000,0x00000000eaf80000)
  from space 5120K, 99% used [0x00000000eb600000,0x00000000ebafedd0,0x00000000ebb00000)
  to   space 5632K, 0% used [0x00000000eb000000,0x00000000eb000000,0x00000000eb580000)
 ParOldGen       total 145920K, used 123977K [0x00000000c0000000, 0x00000000c8e80000, 0x00000000eab00000)
  object space 145920K, 84% used [0x00000000c0000000,0x00000000c79127e8,0x00000000c8e80000)
 Metaspace       used 84139K, committed 85120K, reserved 1130496K
  class space    used 8520K, committed 8960K, reserved 1048576K
}
Event: 10746.875 GC heap after
{Heap after GC invocations=7997 (full 75):
 PSYoungGen      total 10240K, used 5616K [0x00000000eab00000, 0x00000000ebf80000, 0x0000000100000000)
  eden space 4608K, 0% used [0x00000000eab00000,0x00000000eab00000,0x00000000eaf80000)
  from space 5632K, 99% used [0x00000000eb000000,0x00000000eb57c3b8,0x00000000eb580000)
  to   space 8192K, 0% used [0x00000000eb780000,0x00000000eb780000,0x00000000ebf80000)
 ParOldGen       total 145920K, used 125701K [0x00000000c0000000, 0x00000000c8e80000, 0x00000000eab00000)
  object space 145920K, 86% used [0x00000000c0000000,0x00000000c7ac1528,0x00000000c8e80000)
 Metaspace       used 84139K, committed 85120K, reserved 1130496K
  class space    used 8520K, committed 8960K, reserved 1048576K
}
Event: 10746.927 GC heap before
{Heap before GC invocations=7998 (full 75):
 PSYoungGen      total 10240K, used 10224K [0x00000000eab00000, 0x00000000ebf80000, 0x0000000100000000)
  eden space 4608K, 100% used [0x00000000eab00000,0x00000000eaf80000,0x00000000eaf80000)
  from space 5632K, 99% used [0x00000000eb000000,0x00000000eb57c3b8,0x00000000eb580000)
  to   space 8192K, 0% used [0x00000000eb780000,0x00000000eb780000,0x00000000ebf80000)
 ParOldGen       total 145920K, used 125701K [0x00000000c0000000, 0x00000000c8e80000, 0x00000000eab00000)
  object space 145920K, 86% used [0x00000000c0000000,0x00000000c7ac1528,0x00000000c8e80000)
 Metaspace       used 84144K, committed 85120K, reserved 1130496K
  class space    used 8520K, committed 8960K, reserved 1048576K
}
Event: 10746.932 GC heap after
{Heap after GC invocations=7998 (full 75):
 PSYoungGen      total 9728K, used 4991K [0x00000000eab00000, 0x00000000ebc80000, 0x0000000100000000)
  eden space 4608K, 0% used [0x00000000eab00000,0x00000000eab00000,0x00000000eaf80000)
  from space 5120K, 97% used [0x00000000eb780000,0x00000000ebc5fd68,0x00000000ebc80000)
  to   space 6144K, 0% used [0x00000000eb080000,0x00000000eb080000,0x00000000eb680000)
 ParOldGen       total 145920K, used 129585K [0x00000000c0000000, 0x00000000c8e80000, 0x00000000eab00000)
  object space 145920K, 88% used [0x00000000c0000000,0x00000000c7e8c558,0x00000000c8e80000)
 Metaspace       used 84144K, committed 85120K, reserved 1130496K
  class space    used 8520K, committed 8960K, reserved 1048576K
}
Event: 10746.961 GC heap before
{Heap before GC invocations=7999 (full 75):
 PSYoungGen      total 9728K, used 9599K [0x00000000eab00000, 0x00000000ebc80000, 0x0000000100000000)
  eden space 4608K, 100% used [0x00000000eab00000,0x00000000eaf80000,0x00000000eaf80000)
  from space 5120K, 97% used [0x00000000eb780000,0x00000000ebc5fd68,0x00000000ebc80000)
  to   space 6144K, 0% used [0x00000000eb080000,0x00000000eb080000,0x00000000eb680000)
 ParOldGen       total 145920K, used 129585K [0x00000000c0000000, 0x00000000c8e80000, 0x00000000eab00000)
  object space 145920K, 88% used [0x00000000c0000000,0x00000000c7e8c558,0x00000000c8e80000)
 Metaspace       used 84145K, committed 85120K, reserved 1130496K
  class space    used 8520K, committed 8960K, reserved 1048576K
}
Event: 10746.964 GC heap after
{Heap after GC invocations=7999 (full 75):
 PSYoungGen      total 10752K, used 6130K [0x00000000eab00000, 0x00000000ebf80000, 0x0000000100000000)
  eden space 4608K, 0% used [0x00000000eab00000,0x00000000eab00000,0x00000000eaf80000)
  from space 6144K, 99% used [0x00000000eb080000,0x00000000eb67c948,0x00000000eb680000)
  to   space 8192K, 0% used [0x00000000eb780000,0x00000000eb780000,0x00000000ebf80000)
 ParOldGen       total 145920K, used 131007K [0x00000000c0000000, 0x00000000c8e80000, 0x00000000eab00000)
  object space 145920K, 89% used [0x00000000c0000000,0x00000000c7fefd70,0x00000000c8e80000)
 Metaspace       used 84145K, committed 85120K, reserved 1130496K
  class space    used 8520K, committed 8960K, reserved 1048576K
}
Event: 10747.007 GC heap before
{Heap before GC invocations=8000 (full 75):
 PSYoungGen      total 10752K, used 10738K [0x00000000eab00000, 0x00000000ebf80000, 0x0000000100000000)
  eden space 4608K, 100% used [0x00000000eab00000,0x00000000eaf80000,0x00000000eaf80000)
  from space 6144K, 99% used [0x00000000eb080000,0x00000000eb67c948,0x00000000eb680000)
  to   space 8192K, 0% used [0x00000000eb780000,0x00000000eb780000,0x00000000ebf80000)
 ParOldGen       total 145920K, used 131007K [0x00000000c0000000, 0x00000000c8e80000, 0x00000000eab00000)
  object space 145920K, 89% used [0x00000000c0000000,0x00000000c7fefd70,0x00000000c8e80000)
 Metaspace       used 84146K, committed 85120K, reserved 1130496K
  class space    used 8520K, committed 8960K, reserved 1048576K
}
Event: 10747.010 GC heap after
{Heap after GC invocations=8000 (full 75):
 PSYoungGen      total 10240K, used 5174K [0x00000000eab00000, 0x00000000ebd00000, 0x0000000100000000)
  eden space 4608K, 0% used [0x00000000eab00000,0x00000000eab00000,0x00000000eaf80000)
  from space 5632K, 91% used [0x00000000eb780000,0x00000000ebc8d858,0x00000000ebd00000)
  to   space 6144K, 0% used [0x00000000eb100000,0x00000000eb100000,0x00000000eb700000)
 ParOldGen       total 145920K, used 134771K [0x00000000c0000000, 0x00000000c8e80000, 0x00000000eab00000)
  object space 145920K, 92% used [0x00000000c0000000,0x00000000c839ce50,0x00000000c8e80000)
 Metaspace       used 84146K, committed 85120K, reserved 1130496K
  class space    used 8520K, committed 8960K, reserved 1048576K
}
Event: 10747.046 GC heap before
{Heap before GC invocations=8001 (full 75):
 PSYoungGen      total 10240K, used 9782K [0x00000000eab00000, 0x00000000ebd00000, 0x0000000100000000)
  eden space 4608K, 100% used [0x00000000eab00000,0x00000000eaf80000,0x00000000eaf80000)
  from space 5632K, 91% used [0x00000000eb780000,0x00000000ebc8d858,0x00000000ebd00000)
  to   space 6144K, 0% used [0x00000000eb100000,0x00000000eb100000,0x00000000eb700000)
 ParOldGen       total 145920K, used 134771K [0x00000000c0000000, 0x00000000c8e80000, 0x00000000eab00000)
  object space 145920K, 92% used [0x00000000c0000000,0x00000000c839ce50,0x00000000c8e80000)
 Metaspace       used 84147K, committed 85120K, reserved 1130496K
  class space    used 8520K, committed 8960K, reserved 1048576K
}
Event: 10747.049 GC heap after
{Heap after GC invocations=8001 (full 75):
 PSYoungGen      total 10752K, used 6114K [0x00000000eab00000, 0x00000000ec080000, 0x0000000100000000)
  eden space 4608K, 0% used [0x00000000eab00000,0x00000000eab00000,0x00000000eaf80000)
  from space 6144K, 99% used [0x00000000eb100000,0x00000000eb6f8bf0,0x00000000eb700000)
  to   space 8704K, 0% used [0x00000000eb800000,0x00000000eb800000,0x00000000ec080000)
 ParOldGen       total 145920K, used 136535K [0x00000000c0000000, 0x00000000c8e80000, 0x00000000eab00000)
  object space 145920K, 93% used [0x00000000c0000000,0x00000000c8555cc8,0x00000000c8e80000)
 Metaspace       used 84147K, committed 85120K, reserved 1130496K
  class space    used 8520K, committed 8960K, reserved 1048576K
}
Event: 10747.079 GC heap before
{Heap before GC invocations=8002 (full 75):
 PSYoungGen      total 10752K, used 10721K [0x00000000eab00000, 0x00000000ec080000, 0x0000000100000000)
  eden space 4608K, 99% used [0x00000000eab00000,0x00000000eaf7fa10,0x00000000eaf80000)
  from space 6144K, 99% used [0x00000000eb100000,0x00000000eb6f8bf0,0x00000000eb700000)
  to   space 8704K, 0% used [0x00000000eb800000,0x00000000eb800000,0x00000000ec080000)
 ParOldGen       total 145920K, used 136535K [0x00000000c0000000, 0x00000000c8e80000, 0x00000000eab00000)
  object space 145920K, 93% used [0x00000000c0000000,0x00000000c8555cc8,0x00000000c8e80000)
 Metaspace       used 84147K, committed 85120K, reserved 1130496K
  class space    used 8520K, committed 8960K, reserved 1048576K
}
Event: 10747.082 GC heap after
{Heap after GC invocations=8002 (full 75):
 PSYoungGen      total 9728K, used 4879K [0x00000000eab00000, 0x00000000ebd00000, 0x0000000100000000)
  eden space 4608K, 0% used [0x00000000eab00000,0x00000000eab00000,0x00000000eaf80000)
  from space 5120K, 95% used [0x00000000eb800000,0x00000000ebcc3f50,0x00000000ebd00000)
  to   space 6144K, 0% used [0x00000000eb100000,0x00000000eb100000,0x00000000eb700000)
 ParOldGen       total 145920K, used 140634K [0x00000000c0000000, 0x00000000c8e80000, 0x00000000eab00000)
  object space 145920K, 96% used [0x00000000c0000000,0x00000000c8956850,0x00000000c8e80000)
 Metaspace       used 84147K, committed 85120K, reserved 1130496K
  class space    used 8520K, committed 8960K, reserved 1048576K
}
Event: 10747.137 GC heap before
{Heap before GC invocations=8003 (full 75):
 PSYoungGen      total 9728K, used 9466K [0x00000000eab00000, 0x00000000ebd00000, 0x0000000100000000)
  eden space 4608K, 99% used [0x00000000eab00000,0x00000000eaf7a9f0,0x00000000eaf80000)
  from space 5120K, 95% used [0x00000000eb800000,0x00000000ebcc3f50,0x00000000ebd00000)
  to   space 6144K, 0% used [0x00000000eb100000,0x00000000eb100000,0x00000000eb700000)
 ParOldGen       total 145920K, used 140634K [0x00000000c0000000, 0x00000000c8e80000, 0x00000000eab00000)
  object space 145920K, 96% used [0x00000000c0000000,0x00000000c8956850,0x00000000c8e80000)
 Metaspace       used 84151K, committed 85120K, reserved 1130496K
  class space    used 8520K, committed 8960K, reserved 1048576K
}
Event: 10747.140 GC heap after
{Heap after GC invocations=8003 (full 75):
 PSYoungGen      total 10752K, used 6129K [0x00000000eab00000, 0x00000000ebf80000, 0x0000000100000000)
  eden space 4608K, 0% used [0x00000000eab00000,0x00000000eab00000,0x00000000eaf80000)
  from space 6144K, 99% used [0x00000000eb100000,0x00000000eb6fc460,0x00000000eb700000)
  to   space 8192K, 0% used [0x00000000eb780000,0x00000000eb780000,0x00000000ebf80000)
 ParOldGen       total 145920K, used 141930K [0x00000000c0000000, 0x00000000c8e80000, 0x00000000eab00000)
  object space 145920K, 97% used [0x00000000c0000000,0x00000000c8a9aa38,0x00000000c8e80000)
 Metaspace       used 84151K, committed 85120K, reserved 1130496K
  class space    used 8520K, committed 8960K, reserved 1048576K
}
Event: 10747.189 GC heap before
{Heap before GC invocations=8004 (full 75):
 PSYoungGen      total 10752K, used 10732K [0x00000000eab00000, 0x00000000ebf80000, 0x0000000100000000)
  eden space 4608K, 99% used [0x00000000eab00000,0x00000000eaf7ed58,0x00000000eaf80000)
  from space 6144K, 99% used [0x00000000eb100000,0x00000000eb6fc460,0x00000000eb700000)
  to   space 8192K, 0% used [0x00000000eb780000,0x00000000eb780000,0x00000000ebf80000)
 ParOldGen       total 145920K, used 141930K [0x00000000c0000000, 0x00000000c8e80000, 0x00000000eab00000)
  object space 145920K, 97% used [0x00000000c0000000,0x00000000c8a9aa38,0x00000000c8e80000)
 Metaspace       used 84166K, committed 85120K, reserved 1130496K
  class space    used 8520K, committed 8960K, reserved 1048576K
}
Event: 10747.191 GC heap after
{Heap after GC invocations=8004 (full 75):
 PSYoungGen      total 10240K, used 5474K [0x00000000eab00000, 0x00000000ebd00000, 0x0000000100000000)
  eden space 4608K, 0% used [0x00000000eab00000,0x00000000eab00000,0x00000000eaf80000)
  from space 5632K, 97% used [0x00000000eb780000,0x00000000ebcd8a48,0x00000000ebd00000)
  to   space 6656K, 0% used [0x00000000eb000000,0x00000000eb000000,0x00000000eb680000)
 ParOldGen       total 145920K, used 145628K [0x00000000c0000000, 0x00000000c8e80000, 0x00000000eab00000)
  object space 145920K, 99% used [0x00000000c0000000,0x00000000c8e37298,0x00000000c8e80000)
 Metaspace       used 84166K, committed 85120K, reserved 1130496K
  class space    used 8520K, committed 8960K, reserved 1048576K
}
Event: 10747.192 GC heap before
{Heap before GC invocations=8005 (full 76):
 PSYoungGen      total 10240K, used 5474K [0x00000000eab00000, 0x00000000ebd00000, 0x0000000100000000)
  eden space 4608K, 0% used [0x00000000eab00000,0x00000000eab00000,0x00000000eaf80000)
  from space 5632K, 97% used [0x00000000eb780000,0x00000000ebcd8a48,0x00000000ebd00000)
  to   space 6656K, 0% used [0x00000000eb000000,0x00000000eb000000,0x00000000eb680000)
 ParOldGen       total 145920K, used 145628K [0x00000000c0000000, 0x00000000c8e80000, 0x00000000eab00000)
  object space 145920K, 99% used [0x00000000c0000000,0x00000000c8e37298,0x00000000c8e80000)
 Metaspace       used 84166K, committed 85120K, reserved 1130496K
  class space    used 8520K, committed 8960K, reserved 1048576K
}
Event: 10747.319 GC heap after
{Heap after GC invocations=8005 (full 76):
 PSYoungGen      total 9728K, used 4856K [0x00000000eab00000, 0x00000000ebc80000, 0x0000000100000000)
  eden space 4608K, 0% used [0x00000000eab00000,0x00000000eab00000,0x00000000eaf80000)
  from space 5120K, 94% used [0x00000000eb780000,0x00000000ebc3e378,0x00000000ebc80000)
  to   space 6656K, 0% used [0x00000000eaf80000,0x00000000eaf80000,0x00000000eb600000)
 ParOldGen       total 170496K, used 145639K [0x00000000c0000000, 0x00000000ca680000, 0x00000000eab00000)
  object space 170496K, 85% used [0x00000000c0000000,0x00000000c8e39d78,0x00000000ca680000)
 Metaspace       used 84166K, committed 85120K, reserved 1130496K
  class space    used 8520K, committed 8960K, reserved 1048576K
}

Deoptimization events (20 events):
Event: 10747.178 Thread 0x0000019610e8b460 DEOPT PACKING pc=0x000001960161e068 sp=0x0000006dc9bfdf90
Event: 10747.178 Thread 0x0000019610e8b460 DEOPT UNPACKING pc=0x0000019600052843 sp=0x0000006dc9bfd490 mode 0
Event: 10747.181 Thread 0x0000019610e8b460 DEOPT PACKING pc=0x000001960161e068 sp=0x0000006dc9bfdf90
Event: 10747.181 Thread 0x0000019610e8b460 DEOPT UNPACKING pc=0x0000019600052843 sp=0x0000006dc9bfd490 mode 0
Event: 10747.182 Thread 0x0000019610e8b460 DEOPT PACKING pc=0x000001960161e068 sp=0x0000006dc9bfdf90
Event: 10747.182 Thread 0x0000019610e8b460 DEOPT UNPACKING pc=0x0000019600052843 sp=0x0000006dc9bfd490 mode 0
Event: 10747.183 Thread 0x0000019610e8b460 DEOPT PACKING pc=0x000001960161e068 sp=0x0000006dc9bfdf90
Event: 10747.183 Thread 0x0000019610e8b460 DEOPT UNPACKING pc=0x0000019600052843 sp=0x0000006dc9bfd490 mode 0
Event: 10747.183 Thread 0x0000019610e8b460 DEOPT PACKING pc=0x000001960161e068 sp=0x0000006dc9bfdf90
Event: 10747.183 Thread 0x0000019610e8b460 DEOPT UNPACKING pc=0x0000019600052843 sp=0x0000006dc9bfd490 mode 0
Event: 10747.184 Thread 0x0000019610e8b460 DEOPT PACKING pc=0x000001960161e068 sp=0x0000006dc9bfdf90
Event: 10747.184 Thread 0x0000019610e8b460 DEOPT UNPACKING pc=0x0000019600052843 sp=0x0000006dc9bfd490 mode 0
Event: 10747.185 Thread 0x0000019610e8b460 DEOPT PACKING pc=0x000001960161e068 sp=0x0000006dc9bfdf90
Event: 10747.185 Thread 0x0000019610e8b460 DEOPT UNPACKING pc=0x0000019600052843 sp=0x0000006dc9bfd490 mode 0
Event: 10747.185 Thread 0x0000019610e8b460 DEOPT PACKING pc=0x000001960161e068 sp=0x0000006dc9bfdf90
Event: 10747.185 Thread 0x0000019610e8b460 DEOPT UNPACKING pc=0x0000019600052843 sp=0x0000006dc9bfd490 mode 0
Event: 10747.186 Thread 0x0000019610e8b460 DEOPT PACKING pc=0x000001960161e068 sp=0x0000006dc9bfdf90
Event: 10747.186 Thread 0x0000019610e8b460 DEOPT UNPACKING pc=0x0000019600052843 sp=0x0000006dc9bfd490 mode 0
Event: 10747.321 Thread 0x0000019610e8b460 DEOPT PACKING pc=0x000001960161e068 sp=0x0000006dc9bfdf90
Event: 10747.321 Thread 0x0000019610e8b460 DEOPT UNPACKING pc=0x0000019600052843 sp=0x0000006dc9bfd490 mode 0

Classes unloaded (20 events):
Event: 7822.734 Thread 0x0000019677fac530 Unloading class 0x0000000100808000 'java/lang/invoke/LambdaForm$MH+0x0000000100808000'
Event: 7822.734 Thread 0x0000019677fac530 Unloading class 0x0000000100802c00 'java/lang/invoke/LambdaForm$MH+0x0000000100802c00'
Event: 7822.734 Thread 0x0000019677fac530 Unloading class 0x0000000100802400 'java/lang/invoke/LambdaForm$MH+0x0000000100802400'
Event: 7822.734 Thread 0x0000019677fac530 Unloading class 0x00000001007f1000 'jdk/internal/reflect/GeneratedConstructorAccessor63'
Event: 7910.504 Thread 0x0000019677fac530 Unloading class 0x0000000100800c00 'jdk/internal/reflect/GeneratedSerializationConstructorAccessor16'
Event: 7910.504 Thread 0x0000019677fac530 Unloading class 0x0000000100800800 'jdk/internal/reflect/GeneratedSerializationConstructorAccessor15'
Event: 7910.504 Thread 0x0000019677fac530 Unloading class 0x0000000100800400 'jdk/internal/reflect/GeneratedSerializationConstructorAccessor14'
Event: 7910.504 Thread 0x0000019677fac530 Unloading class 0x0000000100800000 'jdk/internal/reflect/GeneratedSerializationConstructorAccessor13'
Event: 9168.240 Thread 0x0000019677fac530 Unloading class 0x00000001008a0800 'jdk/internal/reflect/GeneratedConstructorAccessor68'
Event: 9168.240 Thread 0x0000019677fac530 Unloading class 0x00000001008a3c00 'jdk/internal/reflect/GeneratedConstructorAccessor65'
Event: 10032.734 Thread 0x0000019677fac530 Unloading class 0x00000001008dcc00 'java/lang/invoke/LambdaForm$MH+0x00000001008dcc00'
Event: 10032.734 Thread 0x0000019677fac530 Unloading class 0x00000001008dc800 'java/lang/invoke/LambdaForm$MH+0x00000001008dc800'
Event: 10032.734 Thread 0x0000019677fac530 Unloading class 0x00000001008dc400 'java/lang/invoke/LambdaForm$MH+0x00000001008dc400'
Event: 10032.734 Thread 0x0000019677fac530 Unloading class 0x00000001008dc000 'java/lang/invoke/LambdaForm$MH+0x00000001008dc000'
Event: 10516.644 Thread 0x0000019677fac530 Unloading class 0x00000001008a0800 'jdk/internal/reflect/GeneratedMethodAccessor23'
Event: 10516.644 Thread 0x0000019677fac530 Unloading class 0x0000000100800800 'jdk/internal/reflect/GeneratedSerializationConstructorAccessor20'
Event: 10516.644 Thread 0x0000019677fac530 Unloading class 0x0000000100800400 'jdk/internal/reflect/GeneratedSerializationConstructorAccessor19'
Event: 10516.644 Thread 0x0000019677fac530 Unloading class 0x0000000100800000 'jdk/internal/reflect/GeneratedSerializationConstructorAccessor18'
Event: 10516.644 Thread 0x0000019677fac530 Unloading class 0x00000001008a0c00 'jdk/internal/reflect/GeneratedSerializationConstructorAccessor17'
Event: 10745.905 Thread 0x0000019677fac530 Unloading class 0x00000001008a3400 'jdk/internal/reflect/GeneratedConstructorAccessor67'

Classes redefined (0 events):
No events

Internal exceptions (20 events):
Event: 10509.474 Thread 0x0000019610e8d610 Exception <a 'java/lang/ClassNotFoundException'{0x00000000eaf9cc50}: sun/net/www/protocol/jdt/Handler> (0x00000000eaf9cc50) 
thrown [e:\jenkins\tmp\workspace\build\src\src\hotspot\share\classfile\systemDictionary.cpp, line 256]
Event: 10510.309 Thread 0x0000019610e8d610 Exception <a 'java/lang/ClassNotFoundException'{0x00000000eaf83418}: sun/net/www/protocol/jdt/Handler> (0x00000000eaf83418) 
thrown [e:\jenkins\tmp\workspace\build\src\src\hotspot\share\classfile\systemDictionary.cpp, line 256]
Event: 10510.309 Thread 0x0000019610e8d610 Exception <a 'java/lang/ClassNotFoundException'{0x00000000eaf860e0}: sun/net/www/protocol/jdt/Handler> (0x00000000eaf860e0) 
thrown [e:\jenkins\tmp\workspace\build\src\src\hotspot\share\classfile\systemDictionary.cpp, line 256]
Event: 10510.309 Thread 0x0000019610e8d610 Exception <a 'java/lang/ClassNotFoundException'{0x00000000eaf9a380}: sun/net/www/protocol/jdt/Handler> (0x00000000eaf9a380) 
thrown [e:\jenkins\tmp\workspace\build\src\src\hotspot\share\classfile\systemDictionary.cpp, line 256]
Event: 10510.309 Thread 0x0000019610e8d610 Exception <a 'java/lang/ClassNotFoundException'{0x00000000eaf9cbb8}: sun/net/www/protocol/jdt/Handler> (0x00000000eaf9cbb8) 
thrown [e:\jenkins\tmp\workspace\build\src\src\hotspot\share\classfile\systemDictionary.cpp, line 256]
Event: 10516.729 Thread 0x0000019610e8d610 Exception <a 'java/lang/ClassNotFoundException'{0x00000000eb096f70}: sun/net/www/protocol/jdt/Handler> (0x00000000eb096f70) 
thrown [e:\jenkins\tmp\workspace\build\src\src\hotspot\share\classfile\systemDictionary.cpp, line 256]
Event: 10516.729 Thread 0x0000019610e8d610 Exception <a 'java/lang/ClassNotFoundException'{0x00000000eb0996e0}: sun/net/www/protocol/jdt/Handler> (0x00000000eb0996e0) 
thrown [e:\jenkins\tmp\workspace\build\src\src\hotspot\share\classfile\systemDictionary.cpp, line 256]
Event: 10518.441 Thread 0x0000019610e8d610 Exception <a 'java/lang/ClassNotFoundException'{0x00000000eb0e61a8}: sun/net/www/protocol/jdt/Handler> (0x00000000eb0e61a8) 
thrown [e:\jenkins\tmp\workspace\build\src\src\hotspot\share\classfile\systemDictionary.cpp, line 256]
Event: 10518.441 Thread 0x0000019610e8d610 Exception <a 'java/lang/ClassNotFoundException'{0x00000000eb0e9650}: sun/net/www/protocol/jdt/Handler> (0x00000000eb0e9650) 
thrown [e:\jenkins\tmp\workspace\build\src\src\hotspot\share\classfile\systemDictionary.cpp, line 256]
Event: 10518.441 Thread 0x0000019610e8d610 Exception <a 'java/lang/ClassNotFoundException'{0x00000000eb0f03c0}: sun/net/www/protocol/jdt/Handler> (0x00000000eb0f03c0) 
thrown [e:\jenkins\tmp\workspace\build\src\src\hotspot\share\classfile\systemDictionary.cpp, line 256]
Event: 10518.441 Thread 0x0000019610e8d610 Exception <a 'java/lang/ClassNotFoundException'{0x00000000eb0f2b30}: sun/net/www/protocol/jdt/Handler> (0x00000000eb0f2b30) 
thrown [e:\jenkins\tmp\workspace\build\src\src\hotspot\share\classfile\systemDictionary.cpp, line 256]
Event: 10518.441 Thread 0x0000019610e8d610 Exception <a 'java/lang/ClassNotFoundException'{0x00000000eb0f52c0}: sun/net/www/protocol/jdt/Handler> (0x00000000eb0f52c0) 
thrown [e:\jenkins\tmp\workspace\build\src\src\hotspot\share\classfile\systemDictionary.cpp, line 256]
Event: 10518.441 Thread 0x0000019610e8d610 Exception <a 'java/lang/ClassNotFoundException'{0x00000000eb0f7a78}: sun/net/www/protocol/jdt/Handler> (0x00000000eb0f7a78) 
thrown [e:\jenkins\tmp\workspace\build\src\src\hotspot\share\classfile\systemDictionary.cpp, line 256]
Event: 10521.797 Thread 0x0000019610e8d610 Exception <a 'java/lang/ClassNotFoundException'{0x00000000eb03a980}: sun/net/www/protocol/jdt/Handler> (0x00000000eb03a980) 
thrown [e:\jenkins\tmp\workspace\build\src\src\hotspot\share\classfile\systemDictionary.cpp, line 256]
Event: 10521.797 Thread 0x0000019610e8d610 Exception <a 'java/lang/ClassNotFoundException'{0x00000000eb04d348}: sun/net/www/protocol/jdt/Handler> (0x00000000eb04d348) 
thrown [e:\jenkins\tmp\workspace\build\src\src\hotspot\share\classfile\systemDictionary.cpp, line 256]
Event: 10522.035 Thread 0x0000019610e8d610 Exception <a 'java/lang/ClassNotFoundException'{0x00000000eafae430}: sun/net/www/protocol/jdt/Handler> (0x00000000eafae430) 
thrown [e:\jenkins\tmp\workspace\build\src\src\hotspot\share\classfile\systemDictionary.cpp, line 256]
Event: 10522.035 Thread 0x0000019610e8d610 Exception <a 'java/lang/ClassNotFoundException'{0x00000000eafb0ba0}: sun/net/www/protocol/jdt/Handler> (0x00000000eafb0ba0) 
thrown [e:\jenkins\tmp\workspace\build\src\src\hotspot\share\classfile\systemDictionary.cpp, line 256]
Event: 10744.517 Thread 0x0000019610e8b460 Exception <a 'java/lang/ClassNotFoundException'{0x00000000eaf991c0}: sun/net/www/protocol/jdt/Handler> (0x00000000eaf991c0) 
thrown [e:\jenkins\tmp\workspace\build\src\src\hotspot\share\classfile\systemDictionary.cpp, line 256]
Event: 10744.517 Thread 0x0000019610e8b460 Exception <a 'java/lang/ClassNotFoundException'{0x00000000eaf9c148}: sun/net/www/protocol/jdt/Handler> (0x00000000eaf9c148) 
thrown [e:\jenkins\tmp\workspace\build\src\src\hotspot\share\classfile\systemDictionary.cpp, line 256]
Event: 10745.824 Thread 0x0000019610e8b460 Implicit null exception at 0x0000019607d4afa0 to 0x0000019607d4b134

VM Operations (20 events):
Event: 10746.791 Executing VM operation: ParallelGCFailedAllocation
Event: 10746.793 Executing VM operation: ParallelGCFailedAllocation done
Event: 10746.841 Executing VM operation: ParallelGCFailedAllocation
Event: 10746.845 Executing VM operation: ParallelGCFailedAllocation done
Event: 10746.872 Executing VM operation: ParallelGCFailedAllocation
Event: 10746.875 Executing VM operation: ParallelGCFailedAllocation done
Event: 10746.927 Executing VM operation: ParallelGCFailedAllocation
Event: 10746.932 Executing VM operation: ParallelGCFailedAllocation done
Event: 10746.961 Executing VM operation: ParallelGCFailedAllocation
Event: 10746.964 Executing VM operation: ParallelGCFailedAllocation done
Event: 10747.007 Executing VM operation: ParallelGCFailedAllocation
Event: 10747.010 Executing VM operation: ParallelGCFailedAllocation done
Event: 10747.046 Executing VM operation: ParallelGCFailedAllocation
Event: 10747.049 Executing VM operation: ParallelGCFailedAllocation done
Event: 10747.079 Executing VM operation: ParallelGCFailedAllocation
Event: 10747.082 Executing VM operation: ParallelGCFailedAllocation done
Event: 10747.137 Executing VM operation: ParallelGCFailedAllocation
Event: 10747.140 Executing VM operation: ParallelGCFailedAllocation done
Event: 10747.189 Executing VM operation: ParallelGCFailedAllocation
Event: 10747.319 Executing VM operation: ParallelGCFailedAllocation done

Events (20 events):
Event: 10744.916 Thread 0x0000019610e8cc70 Thread added: 0x0000019610e8cc70
Event: 10745.730 Thread 0x0000019610e87100 Thread added: 0x0000019610e87100
Event: 10746.223 Thread 0x000001967c6b49f0 Thread added: 0x000001967c6b49f0
Event: 10746.274 Thread 0x000001967c6b4f00 Thread added: 0x000001967c6b4f00
Event: 10746.526 Thread 0x000001967a5182d0 flushing nmethod 0x000001960809ee10
Event: 10746.526 Thread 0x000001967a5182d0 flushing nmethod 0x00000196080e4590
Event: 10746.526 Thread 0x000001967a5182d0 flushing nmethod 0x00000196080fdc10
Event: 10746.528 Thread 0x000001967a5182d0 flushing nmethod 0x000001960874b510
Event: 10746.529 Thread 0x000001967a5182d0 flushing nmethod 0x0000019608890790
Event: 10746.530 Thread 0x000001967a5182d0 flushing nmethod 0x0000019608b63c90
Event: 10746.531 Thread 0x000001967a5182d0 flushing nmethod 0x0000019608e11c90
Event: 10746.534 Thread 0x000001967a5182d0 flushing nmethod 0x00000196007d6d10
Event: 10746.535 Thread 0x000001967a5182d0 flushing nmethod 0x000001960099aa90
Event: 10746.539 Thread 0x000001967a5182d0 flushing nmethod 0x0000019600f5ff90
Event: 10746.541 Thread 0x000001967a5182d0 flushing nmethod 0x00000196011f0990
Event: 10746.542 Thread 0x000001967a5182d0 flushing nmethod 0x0000019601363b10
Event: 10746.544 Thread 0x000001967a5182d0 flushing nmethod 0x00000196015c2f90
Event: 10746.546 Thread 0x000001967a5182d0 flushing nmethod 0x00000196018a3010
Event: 10746.547 Thread 0x000001967a5182d0 flushing nmethod 0x00000196019ba610
Event: 10746.548 Thread 0x000001967a5182d0 flushing nmethod 0x0000019601a7ff90


Dynamic libraries:
0x00007ff7a1850000 - 0x00007ff7a185e000 	c:\Users\Sowmya\.vscode\extensions\redhat.java-1.5.0-win32-x64\jre\17.0.2-win32-x86_64\bin\java.exe
0x00007ffb8bd50000 - 0x00007ffb8bf45000 	C:\Windows\SYSTEM32\ntdll.dll
0x00007ffb8a110000 - 0x00007ffb8a1ce000 	C:\Windows\System32\KERNEL32.DLL
0x00007ffb89600000 - 0x00007ffb898c8000 	C:\Windows\System32\KERNELBASE.dll
0x00007ffb89980000 - 0x00007ffb89a80000 	C:\Windows\System32\ucrtbase.dll
0x00007ffb80f40000 - 0x00007ffb80f58000 	c:\Users\Sowmya\.vscode\extensions\redhat.java-1.5.0-win32-x64\jre\17.0.2-win32-x86_64\bin\jli.dll
0x00007ffb8bad0000 - 0x00007ffb8bc70000 	C:\Windows\System32\USER32.dll
0x00007ffb89b20000 - 0x00007ffb89b42000 	C:\Windows\System32\win32u.dll
0x00007ffb8a490000 - 0x00007ffb8a4ba000 	C:\Windows\System32\GDI32.dll
0x00007ffb894f0000 - 0x00007ffb895fb000 	C:\Windows\System32\gdi32full.dll
0x00007ffb89a80000 - 0x00007ffb89b1d000 	C:\Windows\System32\msvcp_win.dll
0x00007ffb80920000 - 0x00007ffb80939000 	c:\Users\Sowmya\.vscode\extensions\redhat.java-1.5.0-win32-x64\jre\17.0.2-win32-x86_64\bin\VCRUNTIME140.dll
0x00007ffb7eb60000 - 0x00007ffb7edfa000 	C:\Windows\WinSxS\amd64_microsoft.windows.common-controls_6595b64144ccf1df_6.0.19041.1110_none_60b5254171f9507e\COMCTL32.dll
0x00007ffb8a310000 - 0x00007ffb8a3ae000 	C:\Windows\System32\msvcrt.dll
0x00007ffb8a4c0000 - 0x00007ffb8a4f0000 	C:\Windows\System32\IMM32.DLL
0x00007ffb82a70000 - 0x00007ffb82a7c000 	c:\Users\Sowmya\.vscode\extensions\redhat.java-1.5.0-win32-x64\jre\17.0.2-win32-x86_64\bin\vcruntime140_1.dll
0x00007ffb64840000 - 0x00007ffb648d1000 	c:\Users\Sowmya\.vscode\extensions\redhat.java-1.5.0-win32-x64\jre\17.0.2-win32-x86_64\bin\msvcp140.dll
0x00007ffb2f1d0000 - 0x00007ffb2fe17000 	c:\Users\Sowmya\.vscode\extensions\redhat.java-1.5.0-win32-x64\jre\17.0.2-win32-x86_64\bin\server\jvm.dll
0x00007ffb8b9a0000 - 0x00007ffb8ba4e000 	C:\Windows\System32\ADVAPI32.dll
0x00007ffb8bc70000 - 0x00007ffb8bd0c000 	C:\Windows\System32\sechost.dll
0x00007ffb8a1e0000 - 0x00007ffb8a305000 	C:\Windows\System32\RPCRT4.dll
0x00007ffb8a480000 - 0x00007ffb8a488000 	C:\Windows\System32\PSAPI.DLL
0x00007ffb723f0000 - 0x00007ffb723f9000 	C:\Windows\SYSTEM32\WSOCK32.dll
0x00007ffb7f290000 - 0x00007ffb7f29a000 	C:\Windows\SYSTEM32\VERSION.dll
0x00007ffb745d0000 - 0x00007ffb745f7000 	C:\Windows\SYSTEM32\WINMM.dll
0x00007ffb8adb0000 - 0x00007ffb8ae1b000 	C:\Windows\System32\WS2_32.dll
0x00007ffb87d50000 - 0x00007ffb87d62000 	C:\Windows\SYSTEM32\kernel.appcore.dll
0x00007ffb81bb0000 - 0x00007ffb81bba000 	c:\Users\Sowmya\.vscode\extensions\redhat.java-1.5.0-win32-x64\jre\17.0.2-win32-x86_64\bin\jimage.dll
0x00007ffb872a0000 - 0x00007ffb87484000 	C:\Windows\SYSTEM32\DBGHELP.DLL
0x00007ffb7fbc0000 - 0x00007ffb7fbec000 	C:\Windows\SYSTEM32\dbgcore.DLL
0x00007ffb89cb0000 - 0x00007ffb89d32000 	C:\Windows\System32\bcryptPrimitives.dll
0x00007ffb80370000 - 0x00007ffb80395000 	c:\Users\Sowmya\.vscode\extensions\redhat.java-1.5.0-win32-x64\jre\17.0.2-win32-x86_64\bin\java.dll
0x00007ffb7f270000 - 0x00007ffb7f288000 	c:\Users\Sowmya\.vscode\extensions\redhat.java-1.5.0-win32-x64\jre\17.0.2-win32-x86_64\bin\zip.dll
0x00007ffb8b120000 - 0x00007ffb8b864000 	C:\Windows\System32\SHELL32.dll
0x00007ffb87570000 - 0x00007ffb87d04000 	C:\Windows\SYSTEM32\windows.storage.dll
0x00007ffb89db0000 - 0x00007ffb8a104000 	C:\Windows\System32\combase.dll
0x00007ffb88ee0000 - 0x00007ffb88f0c000 	C:\Windows\SYSTEM32\Wldp.dll
0x00007ffb8b070000 - 0x00007ffb8b11d000 	C:\Windows\System32\SHCORE.dll
0x00007ffb8afb0000 - 0x00007ffb8b005000 	C:\Windows\System32\shlwapi.dll
0x00007ffb893b0000 - 0x00007ffb893cf000 	C:\Windows\SYSTEM32\profapi.dll
0x00007ffb70260000 - 0x00007ffb70279000 	C:\Users\Sowmya\.vscode\extensions\redhat.java-1.5.0-win32-x64\jre\17.0.2-win32-x86_64\bin\net.dll
0x00007ffb85f70000 - 0x00007ffb8607a000 	C:\Windows\SYSTEM32\WINHTTP.dll
0x00007ffb88c40000 - 0x00007ffb88caa000 	C:\Windows\system32\mswsock.dll
0x00007ffb70240000 - 0x00007ffb70255000 	C:\Users\Sowmya\.vscode\extensions\redhat.java-1.5.0-win32-x64\jre\17.0.2-win32-x86_64\bin\nio.dll
0x00007ffb88e30000 - 0x00007ffb88e48000 	C:\Windows\SYSTEM32\CRYPTSP.dll
0x00007ffb88550000 - 0x00007ffb88584000 	C:\Windows\system32\rsaenh.dll
0x00007ffb89470000 - 0x00007ffb89497000 	C:\Windows\System32\bcrypt.dll
0x00007ffb89330000 - 0x00007ffb8935e000 	C:\Windows\SYSTEM32\USERENV.dll
0x00007ffb88e50000 - 0x00007ffb88e5c000 	C:\Windows\SYSTEM32\CRYPTBASE.dll
0x00007ffb888e0000 - 0x00007ffb8891b000 	C:\Windows\SYSTEM32\IPHLPAPI.DLL
0x00007ffb8ae20000 - 0x00007ffb8ae28000 	C:\Windows\System32\NSI.dll
0x00007ffb7fba0000 - 0x00007ffb7fbb7000 	C:\Windows\SYSTEM32\dhcpcsvc6.DLL
0x00007ffb80430000 - 0x00007ffb8044d000 	C:\Windows\SYSTEM32\dhcpcsvc.DLL
0x00007ffb88920000 - 0x00007ffb889eb000 	C:\Windows\SYSTEM32\DNSAPI.dll
0x00007ffb64800000 - 0x00007ffb6483e000 	C:\Users\Sowmya\AppData\Roaming\Code\User\globalStorage\redhat.java\1.5.0\config_win\org.eclipse.equinox.launcher\org.eclipse.equinox.launcher.win32.win32.x86_64_1.2.400.v20211117-0650\eclipse_11602.dll
0x00007ffb8b870000 - 0x00007ffb8b99a000 	C:\Windows\System32\ole32.dll
0x00007ffb811e0000 - 0x00007ffb811f0000 	c:\Users\Sowmya\.vscode\extensions\redhat.java-1.5.0-win32-x64\jre\17.0.2-win32-x86_64\bin\verify.dll
0x00007ffb63780000 - 0x00007ffb637c4000 	C:\Users\Sowmya\AppData\Local\Temp\jna--1812583206\jna2066091657048747965.dll
0x00007ffb80910000 - 0x00007ffb8091e000 	C:\Users\Sowmya\.vscode\extensions\redhat.java-1.5.0-win32-x64\jre\17.0.2-win32-x86_64\bin\sunmscapi.dll
0x00007ffb89b50000 - 0x00007ffb89ca6000 	C:\Windows\System32\CRYPT32.dll
0x00007ffb88f50000 - 0x00007ffb88f77000 	C:\Windows\SYSTEM32\ncrypt.dll
0x00007ffb88f10000 - 0x00007ffb88f4b000 	C:\Windows\SYSTEM32\NTASN1.dll
0x00007ffb801a0000 - 0x00007ffb801aa000 	C:\Windows\System32\rasadhlp.dll
0x00007ffb7d430000 - 0x00007ffb7d4af000 	C:\Windows\System32\fwpuclnt.dll

dbghelp: loaded successfully - version: 4.0.5 - missing functions: none
symbol engine: initialized successfully - sym options: 0x614 - pdb path: .;c:\Users\Sowmya\.vscode\extensions\redhat.java-1.5.0-win32-x64\jre\17.0.2-win32-x86_64\bin;C:\Windows\SYSTEM32;C:\Windows\WinSxS\amd64_microsoft.windows.common-controls_6595b64144ccf1df_6.0.19041.1110_none_60b5254171f9507e;c:\Users\Sowmya\.vscode\extensions\redhat.java-1.5.0-win32-x64\jre\17.0.2-win32-x86_64\bin\server;C:\Users\Sowmya\AppData\Roaming\Code\User\globalStorage\redhat.java\1.5.0\config_win\org.eclipse.equinox.launcher\org.eclipse.equinox.launcher.win32.win32.x86_64_1.2.400.v20211117-0650;C:\Users\Sowmya\AppData\Local\Temp\jna--1812583206

VM Arguments:
jvm_args: --add-modules=ALL-SYSTEM --add-opens=java.base/java.util=ALL-UNNAMED --add-opens=java.base/java.lang=ALL-UNNAMED --add-opens=java.base/sun.nio.fs=ALL-UNNAMED -Declipse.application=org.eclipse.jdt.ls.core.id1 -Dosgi.bundles.defaultStartLevel=4 -Declipse.product=org.eclipse.jdt.ls.core.product -Djava.import.generatesMetadataFilesAtProjectRoot=false -Dfile.encoding=utf8 -DwatchParentProcess=false -XX:+UseParallelGC -XX:GCTimeRatio=4 -XX:AdaptiveSizePolicyWeight=90 -Dsun.zip.disableMemoryMapping=true -Xmx1G -Xms100m -XX:+HeapDumpOnOutOfMemoryError -XX:HeapDumpPath=c:\Users\Sowmya\AppData\Roaming\Code\User\workspaceStorage\a2e44e745db7a7ec8c776fd52169024d\redhat.java 
java_command: c:\Users\Sowmya\.vscode\extensions\redhat.java-1.5.0-win32-x64\server\plugins\org.eclipse.equinox.launcher_1.6.400.v20210924-0641.jar -configuration c:\Users\Sowmya\AppData\Roaming\Code\User\globalStorage\redhat.java\1.5.0\config_win -data c:\Users\Sowmya\AppData\Roaming\Code\User\workspaceStorage\a2e44e745db7a7ec8c776fd52169024d\redhat.java\jdt_ws
java_class_path (initial): c:\Users\Sowmya\.vscode\extensions\redhat.java-1.5.0-win32-x64\server\plugins\org.eclipse.equinox.launcher_1.6.400.v20210924-0641.jar
Launcher Type: SUN_STANDARD

[Global flags]
    uintx AdaptiveSizePolicyWeight                 = 90                                        {product} {command line}
     intx CICompilerCount                          = 4                                         {product} {ergonomic}
    uintx GCTimeRatio                              = 4                                         {product} {command line}
     bool HeapDumpOnOutOfMemoryError               = true                                   {manageable} {command line}
    ccstr HeapDumpPath                             = c:\Users\Sowmya\AppData\Roaming\Code\User\workspaceStorage\a2e44e745db7a7ec8c776fd52169024d\redhat.java         {manageable} {command line}
   size_t InitialHeapSize                          = 104857600                                 {product} {command line}
   size_t MaxHeapSize                              = 1073741824                                {product} {command line}
   size_t MaxNewSize                               = 357564416                                 {product} {ergonomic}
   size_t MinHeapDeltaBytes                        = 524288                                    {product} {ergonomic}
   size_t MinHeapSize                              = 104857600                                 {product} {command line}
   size_t NewSize                                  = 34603008                                  {product} {ergonomic}
    uintx NonNMethodCodeHeapSize                   = 5839372                                {pd product} {ergonomic}
    uintx NonProfiledCodeHeapSize                  = 122909434                              {pd product} {ergonomic}
   size_t OldSize                                  = 70254592                                  {product} {ergonomic}
    uintx ProfiledCodeHeapSize                     = 122909434                              {pd product} {ergonomic}
    uintx ReservedCodeCacheSize                    = 251658240                              {pd product} {ergonomic}
     bool SegmentedCodeCache                       = true                                      {product} {ergonomic}
   size_t SoftMaxHeapSize                          = 1073741824                             {manageable} {ergonomic}
     bool UseCompressedClassPointers               = true                           {product lp64_product} {ergonomic}
     bool UseCompressedOops                        = true                           {product lp64_product} {ergonomic}
     bool UseLargePagesIndividualAllocation        = false                                  {pd product} {ergonomic}
     bool UseParallelGC                            = true                                      {product} {command line}

Logging:
Log output configuration:
 #0: stdout all=warning uptime,level,tags
 #1: stderr all=off uptime,level,tags

Environment Variables:
PATH=C:\Program Files (x86)\Common Files\Oracle\Java\javapath;C:\Windows\system32;C:\Windows;C:\Windows\System32\Wbem;C:\Windows\System32\WindowsPowerShell\v1.0\;C:\Windows\System32\OpenSSH\;C:\Program Files\Intel\WiFi\bin\;C:\Program Files\Common Files\Intel\WirelessCommon\;C:\Program Files\nodejs\;C:\Git\cmd;C:\Users\Sowmya\AppData\Local\Microsoft\WindowsApps;;C:\Users\Sowmya\Downloads\Microsoft VS Code\bin;C:\Users\Sowmya\AppData\Roaming\npm
USERNAME=Sowmya
OS=Windows_NT
PROCESSOR_IDENTIFIER=Intel64 Family 6 Model 142 Stepping 10, GenuineIntel



---------------  S Y S T E M  ---------------

OS:
 Windows 10 , 64 bit Build 19041 (10.0.19041.1645)
OS uptime: 0 days 3:24 hours

CPU: total 8 (initial active 8) (4 cores per cpu, 2 threads per core) family 6 model 142 stepping 10 microcode 0xec, cx8, cmov, fxsr, ht, mmx, 3dnowpref, sse, sse2, sse3, ssse3, sse4.1, sse4.2, popcnt, lzcnt, tsc, tscinvbit, avx, avx2, aes, erms, clmul, bmi1, bmi2, adx, fma, vzeroupper, clflush, clflushopt

Memory: 4k page, system-wide physical 16238M (9738M free)
TotalPageFile size 18670M (AvailPageFile size 11133M)
current process WorkingSet (physical memory assigned to process): 444M, peak: 726M
current process commit charge ("private bytes"): 495M, peak: 752M

vm_info: OpenJDK 64-Bit Server VM (17.0.2+8) for windows-amd64 JRE (17.0.2+8), built on Jan 20 2022 04:52:34 by "" with MS VC++ 16.7 (VS2019)

END.
